2025-11-24 17:59:26,792 [ERROR] Unexpected error; retrying in 60 seconds.
Traceback (most recent call last):
  File "/Users/nera_thomas/Desktop/Telemarketing/OTHER.py", line 2315, in <module>
    Fetch.member_info("29018465.asia", "uea8", "MYR", "+08:00", "UM_MI", "1kp3WplRQJt79CTsq8fKcRc9N5f58I3xo1sxVHt_7SD0", "S369T", "A", "E")
    ~~~~~~~~~~~~~~~~~^^^^^^^^^^^^^^^^^^^^^^^^^^^^^^^^^^^^^^^^^^^^^^^^^^^^^^^^^^^^^^^^^^^^^^^^^^^^^^^^^^^^^^^^^^^^^^^^^^^^^^^^^^^^^^^^^^^^^^
  File "/Users/nera_thomas/Desktop/Telemarketing/OTHER.py", line 1928, in member_info
    mongodb_2_gs.upload_to_google_sheet_MI(collection, gs_id, gs_tab)
    ~~~~~~~~~~~~~~~~~~~~~~~~~~~~~~~~~~~~~~^^^^^^^^^^^^^^^^^^^^^^^^^^^
  File "/Users/nera_thomas/Desktop/Telemarketing/OTHER.py", line 1026, in upload_to_google_sheet_MI
    ).execute()
      ~~~~~~~^^
  File "/Library/Frameworks/Python.framework/Versions/3.13/lib/python3.13/site-packages/googleapiclient/_helpers.py", line 130, in positional_wrapper
    return wrapped(*args, **kwargs)
  File "/Library/Frameworks/Python.framework/Versions/3.13/lib/python3.13/site-packages/googleapiclient/http.py", line 938, in execute
    raise HttpError(resp, content, uri=self.uri)
googleapiclient.errors.HttpError: <HttpError 400 when requesting https://sheets.googleapis.com/v4/spreadsheets/1kp3WplRQJt79CTsq8fKcRc9N5f58I3xo1sxVHt_7SD0/values/S369T%21A3%3AE:clear?alt=json returned "Unable to parse range: S369T!A3:E". Details: "Unable to parse range: S369T!A3:E">
2025-11-25 16:29:40,015 [ERROR] Unexpected error; retrying in 60 seconds.
Traceback (most recent call last):
  File "/Users/nera_thomas/Desktop/Telemarketing/OTHER.py", line 2293, in <module>
    Fetch.deposit_list_PID("s55bo.com", "s55", "THB", "+07:00", "S55_S5T_DL", "12Eu4ZGeRkcqgUWscQ-ZNetBq-Xz0xQGWvifWRbzXqL4", "DEPOSIT LIST", "A", "C")
    ~~~~~~~~~~~~~~~~~~~~~~^^^^^^^^^^^^^^^^^^^^^^^^^^^^^^^^^^^^^^^^^^^^^^^^^^^^^^^^^^^^^^^^^^^^^^^^^^^^^^^^^^^^^^^^^^^^^^^^^^^^^^^^^^^^^^^^^^^^^^^^^^^^^
  File "/Users/nera_thomas/Desktop/Telemarketing/OTHER.py", line 1459, in deposit_list_PID
    mongodb_2_gs.upload_to_google_sheet_DL_PID(collection, gs_id, gs_tab, start_column, end_column)
    ~~~~~~~~~~~~~~~~~~~~~~~~~~~~~~~~~~~~~~~~~~^^^^^^^^^^^^^^^^^^^^^^^^^^^^^^^^^^^^^^^^^^^^^^^^^^^^^
  File "/Users/nera_thomas/Desktop/Telemarketing/OTHER.py", line 577, in upload_to_google_sheet_DL_PID
    documents = list(collection.find({}, {"_id": 0}).sort("completed_at", 1))
  File "/Library/Frameworks/Python.framework/Versions/3.13/lib/python3.13/site-packages/pymongo/synchronous/cursor.py", line 1289, in __next__
    return self.next()
           ~~~~~~~~~^^
  File "/Library/Frameworks/Python.framework/Versions/3.13/lib/python3.13/site-packages/pymongo/synchronous/cursor.py", line 1265, in next
    if len(self._data) or self._refresh():
                          ~~~~~~~~~~~~~^^
  File "/Library/Frameworks/Python.framework/Versions/3.13/lib/python3.13/site-packages/pymongo/synchronous/cursor.py", line 1236, in _refresh
    self._send_message(g)
    ~~~~~~~~~~~~~~~~~~^^^
  File "/Library/Frameworks/Python.framework/Versions/3.13/lib/python3.13/site-packages/pymongo/synchronous/cursor.py", line 1108, in _send_message
    response = client._run_operation(
        operation, self._unpack_response, address=self._address
    )
  File "/Library/Frameworks/Python.framework/Versions/3.13/lib/python3.13/site-packages/pymongo/_csot.py", line 125, in csot_wrapper
    return func(self, *args, **kwargs)
  File "/Library/Frameworks/Python.framework/Versions/3.13/lib/python3.13/site-packages/pymongo/synchronous/mongo_client.py", line 1938, in _run_operation
    return self._retryable_read(
           ~~~~~~~~~~~~~~~~~~~~^
        _cmd,
        ^^^^^
    ...<4 lines>...
        operation=operation.name,
        ^^^^^^^^^^^^^^^^^^^^^^^^^
    )
    ^
  File "/Library/Frameworks/Python.framework/Versions/3.13/lib/python3.13/site-packages/pymongo/synchronous/mongo_client.py", line 2047, in _retryable_read
    return self._retry_internal(
           ~~~~~~~~~~~~~~~~~~~~^
        func,
        ^^^^^
    ...<7 lines>...
        operation_id=operation_id,
        ^^^^^^^^^^^^^^^^^^^^^^^^^^
    )
    ^
  File "/Library/Frameworks/Python.framework/Versions/3.13/lib/python3.13/site-packages/pymongo/_csot.py", line 125, in csot_wrapper
    return func(self, *args, **kwargs)
  File "/Library/Frameworks/Python.framework/Versions/3.13/lib/python3.13/site-packages/pymongo/synchronous/mongo_client.py", line 2014, in _retry_internal
    ).run()
      ~~~^^
  File "/Library/Frameworks/Python.framework/Versions/3.13/lib/python3.13/site-packages/pymongo/synchronous/mongo_client.py", line 2765, in run
    return self._read() if self._is_read else self._write()
           ~~~~~~~~~~^^
  File "/Library/Frameworks/Python.framework/Versions/3.13/lib/python3.13/site-packages/pymongo/synchronous/mongo_client.py", line 2926, in _read
    return self._func(self._session, self._server, conn, read_pref)  # type: ignore
           ~~~~~~~~~~^^^^^^^^^^^^^^^^^^^^^^^^^^^^^^^^^^^^^^^^^^^^^^
  File "/Library/Frameworks/Python.framework/Versions/3.13/lib/python3.13/site-packages/pymongo/synchronous/mongo_client.py", line 1929, in _cmd
    return server.run_operation(
           ~~~~~~~~~~~~~~~~~~~~^
        conn,
        ^^^^^
    ...<4 lines>...
        self,
        ^^^^^
    )
    ^
  File "/Library/Frameworks/Python.framework/Versions/3.13/lib/python3.13/site-packages/pymongo/synchronous/helpers.py", line 47, in inner
    return func(*args, **kwargs)
  File "/Library/Frameworks/Python.framework/Versions/3.13/lib/python3.13/site-packages/pymongo/synchronous/server.py", line 208, in run_operation
    reply = conn.receive_message(request_id)
  File "/Library/Frameworks/Python.framework/Versions/3.13/lib/python3.13/site-packages/pymongo/synchronous/pool.py", line 469, in receive_message
    self._raise_connection_failure(error)
    ~~~~~~~~~~~~~~~~~~~~~~~~~~~~~~^^^^^^^
  File "/Library/Frameworks/Python.framework/Versions/3.13/lib/python3.13/site-packages/pymongo/synchronous/pool.py", line 466, in receive_message
    return receive_message(self, request_id, self.max_message_size)
  File "/Library/Frameworks/Python.framework/Versions/3.13/lib/python3.13/site-packages/pymongo/network_layer.py", line 778, in receive_message
    data = receive_data(conn, length - 16, deadline)
  File "/Library/Frameworks/Python.framework/Versions/3.13/lib/python3.13/site-packages/pymongo/network_layer.py", line 361, in receive_data
    raise _OperationCancelled("operation cancelled") from None
pymongo.errors._OperationCancelled: operation cancelled
2025-11-25 16:30:52,009 [ERROR] Unexpected error; retrying in 60 seconds.
urllib3.exceptions.SSLError: [SSL: UNEXPECTED_EOF_WHILE_READING] EOF occurred in violation of protocol (_ssl.c:1035)

The above exception was the direct cause of the following exception:

Traceback (most recent call last):
  File "/Library/Frameworks/Python.framework/Versions/3.13/lib/python3.13/site-packages/requests/adapters.py", line 644, in send
    resp = conn.urlopen(
        method=request.method,
    ...<9 lines>...
        chunked=chunked,
    )
  File "/Library/Frameworks/Python.framework/Versions/3.13/lib/python3.13/site-packages/urllib3/connectionpool.py", line 841, in urlopen
    retries = retries.increment(
        method, url, error=new_e, _pool=self, _stacktrace=sys.exc_info()[2]
    )
  File "/Library/Frameworks/Python.framework/Versions/3.13/lib/python3.13/site-packages/urllib3/util/retry.py", line 519, in increment
    raise MaxRetryError(_pool, url, reason) from reason  # type: ignore[arg-type]
    ^^^^^^^^^^^^^^^^^^^^^^^^^^^^^^^^^^^^^^^^^^^^^^^^^^^
urllib3.exceptions.MaxRetryError: HTTPSConnectionPool(host='v3-bo.s55bo.com', port=443): Max retries exceeded with url: /api/be/finance/get-deposit (Caused by SSLError(SSLEOFError(8, '[SSL: UNEXPECTED_EOF_WHILE_READING] EOF occurred in violation of protocol (_ssl.c:1035)')))

During handling of the above exception, another exception occurred:

Traceback (most recent call last):
  File "/Users/nera_thomas/Desktop/Telemarketing/OTHER.py", line 2293, in <module>
    Fetch.deposit_list_PID("s55bo.com", "s55", "THB", "+07:00", "S55_S5T_DL", "12Eu4ZGeRkcqgUWscQ-ZNetBq-Xz0xQGWvifWRbzXqL4", "DEPOSIT LIST", "A", "C")
    ~~~~~~~~~~~~~~~~~~~~~~^^^^^^^^^^^^^^^^^^^^^^^^^^^^^^^^^^^^^^^^^^^^^^^^^^^^^^^^^^^^^^^^^^^^^^^^^^^^^^^^^^^^^^^^^^^^^^^^^^^^^^^^^^^^^^^^^^^^^^^^^^^^^
  File "/Users/nera_thomas/Desktop/Telemarketing/OTHER.py", line 1433, in deposit_list_PID
    response = requests.post(url, headers=headers, json=payload)
  File "/Library/Frameworks/Python.framework/Versions/3.13/lib/python3.13/site-packages/requests/api.py", line 115, in post
    return request("post", url, data=data, json=json, **kwargs)
  File "/Library/Frameworks/Python.framework/Versions/3.13/lib/python3.13/site-packages/requests/api.py", line 59, in request
    return session.request(method=method, url=url, **kwargs)
           ~~~~~~~~~~~~~~~^^^^^^^^^^^^^^^^^^^^^^^^^^^^^^^^^^
  File "/Library/Frameworks/Python.framework/Versions/3.13/lib/python3.13/site-packages/requests/sessions.py", line 589, in request
    resp = self.send(prep, **send_kwargs)
  File "/Library/Frameworks/Python.framework/Versions/3.13/lib/python3.13/site-packages/requests/sessions.py", line 703, in send
    r = adapter.send(request, **kwargs)
  File "/Library/Frameworks/Python.framework/Versions/3.13/lib/python3.13/site-packages/requests/adapters.py", line 675, in send
    raise SSLError(e, request=request)
requests.exceptions.SSLError: HTTPSConnectionPool(host='v3-bo.s55bo.com', port=443): Max retries exceeded with url: /api/be/finance/get-deposit (Caused by SSLError(SSLEOFError(8, '[SSL: UNEXPECTED_EOF_WHILE_READING] EOF occurred in violation of protocol (_ssl.c:1035)')))
2025-11-25 16:32:39,004 [ERROR] Unexpected error; retrying in 60 seconds.
Traceback (most recent call last):
  File "/Library/Frameworks/Python.framework/Versions/3.13/lib/python3.13/site-packages/pymongo/pool_shared.py", line 496, in _configured_socket_interface
    ssl_sock = ssl_context.wrap_socket(sock, server_hostname=host)
  File "/Library/Frameworks/Python.framework/Versions/3.13/lib/python3.13/site-packages/pymongo/pyopenssl_context.py", line 412, in wrap_socket
    ssl_conn.do_handshake()
    ~~~~~~~~~~~~~~~~~~~~~^^
  File "/Library/Frameworks/Python.framework/Versions/3.13/lib/python3.13/site-packages/pymongo/pyopenssl_context.py", line 149, in do_handshake
    return self._call(super().do_handshake, *args, **kwargs)
           ~~~~~~~~~~^^^^^^^^^^^^^^^^^^^^^^^^^^^^^^^^^^^^^^^
  File "/Library/Frameworks/Python.framework/Versions/3.13/lib/python3.13/site-packages/pymongo/pyopenssl_context.py", line 145, in _call
    raise _socket.timeout("timed out") from None
TimeoutError: timed out

The above exception was the direct cause of the following exception:

Traceback (most recent call last):
  File "/Users/nera_thomas/Desktop/Telemarketing/OTHER.py", line 2293, in <module>
    Fetch.deposit_list_PID("s55bo.com", "s55", "THB", "+07:00", "S55_S5T_DL", "12Eu4ZGeRkcqgUWscQ-ZNetBq-Xz0xQGWvifWRbzXqL4", "DEPOSIT LIST", "A", "C")
    ~~~~~~~~~~~~~~~~~~~~~~^^^^^^^^^^^^^^^^^^^^^^^^^^^^^^^^^^^^^^^^^^^^^^^^^^^^^^^^^^^^^^^^^^^^^^^^^^^^^^^^^^^^^^^^^^^^^^^^^^^^^^^^^^^^^^^^^^^^^^^^^^^^^
  File "/Users/nera_thomas/Desktop/Telemarketing/OTHER.py", line 1454, in deposit_list_PID
    cls.mongodbAPI_DL_PID(data["data"], collection)
    ~~~~~~~~~~~~~~~~~~~~~^^^^^^^^^^^^^^^^^^^^^^^^^^
  File "/Users/nera_thomas/Desktop/Telemarketing/OTHER.py", line 466, in mongodbAPI_DL_PID
    collection.create_index(
    ~~~~~~~~~~~~~~~~~~~~~~~^
        [("player_id", 1), ("amount", 1), ("completed_at", 1)],
        ^^^^^^^^^^^^^^^^^^^^^^^^^^^^^^^^^^^^^^^^^^^^^^^^^^^^^^^
        unique=True
        ^^^^^^^^^^^
    )
    ^
  File "/Library/Frameworks/Python.framework/Versions/3.13/lib/python3.13/site-packages/pymongo/synchronous/collection.py", line 2387, in create_index
    return (self._create_indexes([index], session, **cmd_options))[0]
            ~~~~~~~~~~~~~~~~~~~~^^^^^^^^^^^^^^^^^^^^^^^^^^^^^^^^^
  File "/Library/Frameworks/Python.framework/Versions/3.13/lib/python3.13/site-packages/pymongo/_csot.py", line 125, in csot_wrapper
    return func(self, *args, **kwargs)
  File "/Library/Frameworks/Python.framework/Versions/3.13/lib/python3.13/site-packages/pymongo/synchronous/collection.py", line 2240, in _create_indexes
    with self._conn_for_writes(session, operation=_Op.CREATE_INDEXES) as conn:
         ~~~~~~~~~~~~~~~~~~~~~^^^^^^^^^^^^^^^^^^^^^^^^^^^^^^^^^^^^^^^
  File "/Library/Frameworks/Python.framework/Versions/3.13/lib/python3.13/contextlib.py", line 141, in __enter__
    return next(self.gen)
  File "/Library/Frameworks/Python.framework/Versions/3.13/lib/python3.13/site-packages/pymongo/synchronous/mongo_client.py", line 1777, in _checkout
    with server.checkout(handler=err_handler) as conn:
         ~~~~~~~~~~~~~~~^^^^^^^^^^^^^^^^^^^^^
  File "/Library/Frameworks/Python.framework/Versions/3.13/lib/python3.13/contextlib.py", line 141, in __enter__
    return next(self.gen)
  File "/Library/Frameworks/Python.framework/Versions/3.13/lib/python3.13/site-packages/pymongo/synchronous/pool.py", line 1118, in checkout
    conn = self._get_conn(checkout_started_time, handler=handler)
  File "/Library/Frameworks/Python.framework/Versions/3.13/lib/python3.13/site-packages/pymongo/synchronous/pool.py", line 1280, in _get_conn
    conn = self.connect(handler=handler)
  File "/Library/Frameworks/Python.framework/Versions/3.13/lib/python3.13/site-packages/pymongo/synchronous/pool.py", line 1032, in connect
    networking_interface = _configured_socket_interface(self.address, self.opts)
  File "/Library/Frameworks/Python.framework/Versions/3.13/lib/python3.13/site-packages/pymongo/pool_shared.py", line 510, in _configured_socket_interface
    _raise_connection_failure(address, exc, "SSL handshake failed: ", timeout_details=details)
    ~~~~~~~~~~~~~~~~~~~~~~~~~^^^^^^^^^^^^^^^^^^^^^^^^^^^^^^^^^^^^^^^^^^^^^^^^^^^^^^^^^^^^^^^^^
  File "/Library/Frameworks/Python.framework/Versions/3.13/lib/python3.13/site-packages/pymongo/pool_shared.py", line 142, in _raise_connection_failure
    raise NetworkTimeout(msg) from error
pymongo.errors.NetworkTimeout: SSL handshake failed: ac-xfzdix9-shard-00-01.kqgprz4.mongodb.net:27017: timed out (configured timeouts: connectTimeoutMS: 20000.0ms)
2025-11-25 16:49:04,245 [ERROR] Unexpected error; retrying in 60 seconds.
urllib3.exceptions.SSLError: [SSL: UNEXPECTED_EOF_WHILE_READING] EOF occurred in violation of protocol (_ssl.c:1035)

The above exception was the direct cause of the following exception:

Traceback (most recent call last):
  File "/Library/Frameworks/Python.framework/Versions/3.13/lib/python3.13/site-packages/requests/adapters.py", line 644, in send
    resp = conn.urlopen(
        method=request.method,
    ...<9 lines>...
        chunked=chunked,
    )
  File "/Library/Frameworks/Python.framework/Versions/3.13/lib/python3.13/site-packages/urllib3/connectionpool.py", line 841, in urlopen
    retries = retries.increment(
        method, url, error=new_e, _pool=self, _stacktrace=sys.exc_info()[2]
    )
  File "/Library/Frameworks/Python.framework/Versions/3.13/lib/python3.13/site-packages/urllib3/util/retry.py", line 519, in increment
    raise MaxRetryError(_pool, url, reason) from reason  # type: ignore[arg-type]
    ^^^^^^^^^^^^^^^^^^^^^^^^^^^^^^^^^^^^^^^^^^^^^^^^^^^
urllib3.exceptions.MaxRetryError: HTTPSConnectionPool(host='v3-bo.s55bo.com', port=443): Max retries exceeded with url: /api/be/finance/get-deposit (Caused by SSLError(SSLEOFError(8, '[SSL: UNEXPECTED_EOF_WHILE_READING] EOF occurred in violation of protocol (_ssl.c:1035)')))

During handling of the above exception, another exception occurred:

Traceback (most recent call last):
  File "/Users/nera_thomas/Desktop/Telemarketing/OTHER.py", line 2293, in <module>
    Fetch.deposit_list_PID("s55bo.com", "s55", "THB", "+07:00", "S55_S5T_DL", "12Eu4ZGeRkcqgUWscQ-ZNetBq-Xz0xQGWvifWRbzXqL4", "DEPOSIT LIST", "A", "C")
    ~~~~~~~~~~~~~~~~~~~~~~^^^^^^^^^^^^^^^^^^^^^^^^^^^^^^^^^^^^^^^^^^^^^^^^^^^^^^^^^^^^^^^^^^^^^^^^^^^^^^^^^^^^^^^^^^^^^^^^^^^^^^^^^^^^^^^^^^^^^^^^^^^^^
  File "/Users/nera_thomas/Desktop/Telemarketing/OTHER.py", line 1405, in deposit_list_PID
    response = requests.post(url, headers=headers, json=payload)
  File "/Library/Frameworks/Python.framework/Versions/3.13/lib/python3.13/site-packages/requests/api.py", line 115, in post
    return request("post", url, data=data, json=json, **kwargs)
  File "/Library/Frameworks/Python.framework/Versions/3.13/lib/python3.13/site-packages/requests/api.py", line 59, in request
    return session.request(method=method, url=url, **kwargs)
           ~~~~~~~~~~~~~~~^^^^^^^^^^^^^^^^^^^^^^^^^^^^^^^^^^
  File "/Library/Frameworks/Python.framework/Versions/3.13/lib/python3.13/site-packages/requests/sessions.py", line 589, in request
    resp = self.send(prep, **send_kwargs)
  File "/Library/Frameworks/Python.framework/Versions/3.13/lib/python3.13/site-packages/requests/sessions.py", line 703, in send
    r = adapter.send(request, **kwargs)
  File "/Library/Frameworks/Python.framework/Versions/3.13/lib/python3.13/site-packages/requests/adapters.py", line 675, in send
    raise SSLError(e, request=request)
requests.exceptions.SSLError: HTTPSConnectionPool(host='v3-bo.s55bo.com', port=443): Max retries exceeded with url: /api/be/finance/get-deposit (Caused by SSLError(SSLEOFError(8, '[SSL: UNEXPECTED_EOF_WHILE_READING] EOF occurred in violation of protocol (_ssl.c:1035)')))
2025-11-25 19:57:22,089 [ERROR] Unexpected error; retrying in 60 seconds.
Traceback (most recent call last):
  File "/Library/Frameworks/Python.framework/Versions/3.13/lib/python3.13/site-packages/requests/models.py", line 976, in json
    return complexjson.loads(self.text, **kwargs)
           ~~~~~~~~~~~~~~~~~^^^^^^^^^^^^^^^^^^^^^
  File "/Library/Frameworks/Python.framework/Versions/3.13/lib/python3.13/site-packages/simplejson/__init__.py", line 514, in loads
    return _default_decoder.decode(s)
           ~~~~~~~~~~~~~~~~~~~~~~~^^^
  File "/Library/Frameworks/Python.framework/Versions/3.13/lib/python3.13/site-packages/simplejson/decoder.py", line 386, in decode
    obj, end = self.raw_decode(s)
               ~~~~~~~~~~~~~~~^^^
  File "/Library/Frameworks/Python.framework/Versions/3.13/lib/python3.13/site-packages/simplejson/decoder.py", line 416, in raw_decode
    return self.scan_once(s, idx=_w(s, idx).end())
           ~~~~~~~~~~~~~~^^^^^^^^^^^^^^^^^^^^^^^^^
simplejson.errors.JSONDecodeError: Expecting value: line 1 column 1 (char 0)

During handling of the above exception, another exception occurred:

Traceback (most recent call last):
  File "/Users/nera_thomas/Desktop/Telemarketing/OTHER.py", line 2307, in <module>
    sys.stdout.flush()
    ~~~~~~~~~~~~~~~~^^
  File "/Users/nera_thomas/Desktop/Telemarketing/OTHER.py", line 2000, in member_info_SPLIT_DATA
    }
    
  File "/Library/Frameworks/Python.framework/Versions/3.13/lib/python3.13/site-packages/requests/models.py", line 980, in json
    raise RequestsJSONDecodeError(e.msg, e.doc, e.pos)
requests.exceptions.JSONDecodeError: Expecting value: line 1 column 1 (char 0)
