2025-11-28 17:45:28,285 [ERROR] Error during M1T member info (attempt 1/500)
Traceback (most recent call last):
  File "/Users/nera_thomas/Desktop/Telemarketing/OTHER.py", line 60, in safe_call
    return func(*args, **kwargs)
  File "/Users/nera_thomas/Desktop/Telemarketing/OTHER.py", line 2182, in member_info
    return cls.member_info(bo_link, bo_name, team, currency, gmt_time, collection, gs_id, gs_tab)
           ~~~~~~~~~~~~~~~^^^^^^^^^^^^^^^^^^^^^^^^^^^^^^^^^^^^^^^^^^^^^^^^^^^^^^^^^^^^^^^^^^^^^^^
  File "/Users/nera_thomas/Desktop/Telemarketing/OTHER.py", line 2216, in member_info
    mongodb_2_gs.upload_to_google_sheet_MI(collection, gs_id, gs_tab)
    ~~~~~~~~~~~~~~~~~~~~~~~~~~~~~~~~~~~~~~^^^^^^^^^^^^^^^^^^^^^^^^^^^
  File "/Users/nera_thomas/Desktop/Telemarketing/OTHER.py", line 977, in upload_to_google_sheet_MI
    ).execute()
      ~~~~~~~^^
  File "/Library/Frameworks/Python.framework/Versions/3.13/lib/python3.13/site-packages/googleapiclient/_helpers.py", line 130, in positional_wrapper
    return wrapped(*args, **kwargs)
  File "/Library/Frameworks/Python.framework/Versions/3.13/lib/python3.13/site-packages/googleapiclient/http.py", line 938, in execute
    raise HttpError(resp, content, uri=self.uri)
googleapiclient.errors.HttpError: <HttpError 400 when requesting https://sheets.googleapis.com/v4/spreadsheets/11jZfDg6cu9QoA0ec2bfrSF-THQbHDOku1EdwD1rTDNU/values/M1T%21A3%3AE?valueInputOption=USER_ENTERED&alt=json returned "This action would increase the number of cells in the workbook above the limit of 10000000 cells.". Details: "This action would increase the number of cells in the workbook above the limit of 10000000 cells.">
2025-11-28 17:50:29,626 [ERROR] Error during 2WT member info (attempt 1/500)
Traceback (most recent call last):
  File "/Users/nera_thomas/Desktop/Telemarketing/OTHER.py", line 60, in safe_call
    return func(*args, **kwargs)
  File "/Users/nera_thomas/Desktop/Telemarketing/OTHER.py", line 2175, in member_info
    cls.accounts[bo_name]["merchant_code"],
    ~~~~~~~~~~~~^^^^^^^^^
KeyError: '22w'
2025-11-28 17:51:49,501 [ERROR] Error during 2WT member info (attempt 1/500)
Traceback (most recent call last):
  File "/Users/nera_thomas/Desktop/Telemarketing/OTHER.py", line 60, in safe_call
    return func(*args, **kwargs)
  File "/Users/nera_thomas/Desktop/Telemarketing/OTHER.py", line 2175, in member_info
    cls.accounts[bo_name]["merchant_code"],
    ~~~~~~~~~~~~^^^^^^^^^
KeyError: '22w'
2025-11-28 17:54:13,552 [ERROR] Error during 2FT member info (attempt 1/500)
Traceback (most recent call last):
  File "/Users/nera_thomas/Desktop/Telemarketing/OTHER.py", line 60, in safe_call
    return func(*args, **kwargs)
  File "/Users/nera_thomas/Desktop/Telemarketing/OTHER.py", line 2175, in member_info
    cls.accounts[bo_name]["merchant_code"],
    ~~~~~~~~~~~~^^^^^^^^^
KeyError: '22f'
2025-11-28 18:38:35,242 [ERROR] Error during SSBO 9T member info (attempt 1/500)
Traceback (most recent call last):
  File "/Users/nera_thomas/Desktop/Telemarketing/OTHER.py", line 60, in safe_call
    return func(*args, **kwargs)
  File "/Users/nera_thomas/Desktop/Telemarketing/OTHER.py", line 2086, in ssbo_member_info
    cls.upload_to_google_sheet_ssbo_MI(collection, gs_id, gs_tab, extra_mongo_collections=extra_mongo_collections)
    ~~~~~~~~~~~~~~~~~~~~~~~~~~~~~~~~~~^^^^^^^^^^^^^^^^^^^^^^^^^^^^^^^^^^^^^^^^^^^^^^^^^^^^^^^^^^^^^^^^^^^^^^^^^^^^
  File "/Users/nera_thomas/Desktop/Telemarketing/OTHER.py", line 1190, in upload_to_google_sheet_ssbo_MI
    RANGE_NAME = cls._build_a1_range(gs_tab, "A", 3, "E")
                 ^^^^^^^^^^^^^^^^^^^
AttributeError: type object 'Fetch' has no attribute '_build_a1_range'
2025-11-28 18:39:40,214 [ERROR] Error during 2WT deposit list (attempt 1/500)
urllib3.exceptions.SSLError: [SSL: UNEXPECTED_EOF_WHILE_READING] EOF occurred in violation of protocol (_ssl.c:1035)

The above exception was the direct cause of the following exception:

Traceback (most recent call last):
  File "/Library/Frameworks/Python.framework/Versions/3.13/lib/python3.13/site-packages/requests/adapters.py", line 644, in send
    resp = conn.urlopen(
        method=request.method,
    ...<9 lines>...
        chunked=chunked,
    )
  File "/Library/Frameworks/Python.framework/Versions/3.13/lib/python3.13/site-packages/urllib3/connectionpool.py", line 841, in urlopen
    retries = retries.increment(
        method, url, error=new_e, _pool=self, _stacktrace=sys.exc_info()[2]
    )
  File "/Library/Frameworks/Python.framework/Versions/3.13/lib/python3.13/site-packages/urllib3/util/retry.py", line 519, in increment
    raise MaxRetryError(_pool, url, reason) from reason  # type: ignore[arg-type]
    ^^^^^^^^^^^^^^^^^^^^^^^^^^^^^^^^^^^^^^^^^^^^^^^^^^^
urllib3.exceptions.MaxRetryError: HTTPSConnectionPool(host='v3-bo.w8c4n9be.com', port=443): Max retries exceeded with url: /api/be/finance/get-deposit (Caused by SSLError(SSLEOFError(8, '[SSL: UNEXPECTED_EOF_WHILE_READING] EOF occurred in violation of protocol (_ssl.c:1035)')))

During handling of the above exception, another exception occurred:

Traceback (most recent call last):
  File "/Users/nera_thomas/Desktop/Telemarketing/OTHER.py", line 60, in safe_call
    return func(*args, **kwargs)
  File "/Users/nera_thomas/Desktop/Telemarketing/OTHER.py", line 1473, in deposit_list_PID
    response = requests.post(url, headers=headers, json=payload)
  File "/Library/Frameworks/Python.framework/Versions/3.13/lib/python3.13/site-packages/requests/api.py", line 115, in post
    return request("post", url, data=data, json=json, **kwargs)
  File "/Library/Frameworks/Python.framework/Versions/3.13/lib/python3.13/site-packages/requests/api.py", line 59, in request
    return session.request(method=method, url=url, **kwargs)
           ~~~~~~~~~~~~~~~^^^^^^^^^^^^^^^^^^^^^^^^^^^^^^^^^^
  File "/Library/Frameworks/Python.framework/Versions/3.13/lib/python3.13/site-packages/requests/sessions.py", line 589, in request
    resp = self.send(prep, **send_kwargs)
  File "/Library/Frameworks/Python.framework/Versions/3.13/lib/python3.13/site-packages/requests/sessions.py", line 703, in send
    r = adapter.send(request, **kwargs)
  File "/Library/Frameworks/Python.framework/Versions/3.13/lib/python3.13/site-packages/requests/adapters.py", line 675, in send
    raise SSLError(e, request=request)
requests.exceptions.SSLError: HTTPSConnectionPool(host='v3-bo.w8c4n9be.com', port=443): Max retries exceeded with url: /api/be/finance/get-deposit (Caused by SSLError(SSLEOFError(8, '[SSL: UNEXPECTED_EOF_WHILE_READING] EOF occurred in violation of protocol (_ssl.c:1035)')))
2025-11-28 18:40:10,294 [ERROR] Error during G855T member info (attempt 1/500)
Traceback (most recent call last):
  File "/Users/nera_thomas/Desktop/Telemarketing/OTHER.py", line 60, in safe_call
    return func(*args, **kwargs)
  File "/Users/nera_thomas/Desktop/Telemarketing/OTHER.py", line 2182, in member_info
    return cls.member_info(bo_link, bo_name, team, currency, gmt_time, collection, gs_id, gs_tab)
           ~~~~~~~~~~~~~~~^^^^^^^^^^^^^^^^^^^^^^^^^^^^^^^^^^^^^^^^^^^^^^^^^^^^^^^^^^^^^^^^^^^^^^^
  File "/Users/nera_thomas/Desktop/Telemarketing/OTHER.py", line 2216, in member_info
    mongodb_2_gs.upload_to_google_sheet_MI(collection, gs_id, gs_tab)
    ~~~~~~~~~~~~~~~~~~~~~~~~~~~~~~~~~~~~~~^^^^^^^^^^^^^^^^^^^^^^^^^^^
  File "/Users/nera_thomas/Desktop/Telemarketing/OTHER.py", line 977, in upload_to_google_sheet_MI
    ).execute()
      ~~~~~~~^^
  File "/Library/Frameworks/Python.framework/Versions/3.13/lib/python3.13/site-packages/googleapiclient/_helpers.py", line 130, in positional_wrapper
    return wrapped(*args, **kwargs)
  File "/Library/Frameworks/Python.framework/Versions/3.13/lib/python3.13/site-packages/googleapiclient/http.py", line 938, in execute
    raise HttpError(resp, content, uri=self.uri)
googleapiclient.errors.HttpError: <HttpError 400 when requesting https://sheets.googleapis.com/v4/spreadsheets/1a0fLQijbC0DgM5Lz9y39sB7qcOBu0dRP3JXidBfqNW8/values/G855T%21A3%3AE?valueInputOption=USER_ENTERED&alt=json returned "This action would increase the number of cells in the workbook above the limit of 10000000 cells.". Details: "This action would increase the number of cells in the workbook above the limit of 10000000 cells.">
2025-11-28 18:46:04,966 [ERROR] Error during G855T member info (attempt 1/500)
Traceback (most recent call last):
  File "/Users/nera_thomas/Desktop/Telemarketing/OTHER.py", line 60, in safe_call
    return func(*args, **kwargs)
  File "/Users/nera_thomas/Desktop/Telemarketing/OTHER.py", line 2216, in member_info
    mongodb_2_gs.upload_to_google_sheet_MI(collection, gs_id, gs_tab)
    ~~~~~~~~~~~~~~~~~~~~~~~~~~~~~~~~~~~~~~^^^^^^^^^^^^^^^^^^^^^^^^^^^
  File "/Users/nera_thomas/Desktop/Telemarketing/OTHER.py", line 977, in upload_to_google_sheet_MI
    ).execute()
      ~~~~~~~^^
  File "/Library/Frameworks/Python.framework/Versions/3.13/lib/python3.13/site-packages/googleapiclient/_helpers.py", line 130, in positional_wrapper
    return wrapped(*args, **kwargs)
  File "/Library/Frameworks/Python.framework/Versions/3.13/lib/python3.13/site-packages/googleapiclient/http.py", line 938, in execute
    raise HttpError(resp, content, uri=self.uri)
googleapiclient.errors.HttpError: <HttpError 400 when requesting https://sheets.googleapis.com/v4/spreadsheets/1a0fLQijbC0DgM5Lz9y39sB7qcOBu0dRP3JXidBfqNW8/values/G855T%21A3%3AE?valueInputOption=USER_ENTERED&alt=json returned "This action would increase the number of cells in the workbook above the limit of 10000000 cells.". Details: "This action would increase the number of cells in the workbook above the limit of 10000000 cells.">
2025-11-28 18:50:07,426 [ERROR] Error during G855T member info (attempt 2/500)
Traceback (most recent call last):
  File "/Users/nera_thomas/Desktop/Telemarketing/OTHER.py", line 60, in safe_call
    return func(*args, **kwargs)
  File "/Users/nera_thomas/Desktop/Telemarketing/OTHER.py", line 2216, in member_info
    mongodb_2_gs.upload_to_google_sheet_MI(collection, gs_id, gs_tab)
    ~~~~~~~~~~~~~~~~~~~~~~~~~~~~~~~~~~~~~~^^^^^^^^^^^^^^^^^^^^^^^^^^^
  File "/Users/nera_thomas/Desktop/Telemarketing/OTHER.py", line 977, in upload_to_google_sheet_MI
    ).execute()
      ~~~~~~~^^
  File "/Library/Frameworks/Python.framework/Versions/3.13/lib/python3.13/site-packages/googleapiclient/_helpers.py", line 130, in positional_wrapper
    return wrapped(*args, **kwargs)
  File "/Library/Frameworks/Python.framework/Versions/3.13/lib/python3.13/site-packages/googleapiclient/http.py", line 938, in execute
    raise HttpError(resp, content, uri=self.uri)
googleapiclient.errors.HttpError: <HttpError 400 when requesting https://sheets.googleapis.com/v4/spreadsheets/1a0fLQijbC0DgM5Lz9y39sB7qcOBu0dRP3JXidBfqNW8/values/G855T%21A3%3AE?valueInputOption=USER_ENTERED&alt=json returned "This action would increase the number of cells in the workbook above the limit of 10000000 cells.". Details: "This action would increase the number of cells in the workbook above the limit of 10000000 cells.">
2025-11-28 18:56:03,654 [ERROR] Error during S8T deposit list (attempt 1/500)
urllib3.exceptions.SSLError: [SSL: UNEXPECTED_EOF_WHILE_READING] EOF occurred in violation of protocol (_ssl.c:1035)

The above exception was the direct cause of the following exception:

Traceback (most recent call last):
  File "/Library/Frameworks/Python.framework/Versions/3.13/lib/python3.13/site-packages/requests/adapters.py", line 644, in send
    resp = conn.urlopen(
        method=request.method,
    ...<9 lines>...
        chunked=chunked,
    )
  File "/Library/Frameworks/Python.framework/Versions/3.13/lib/python3.13/site-packages/urllib3/connectionpool.py", line 841, in urlopen
    retries = retries.increment(
        method, url, error=new_e, _pool=self, _stacktrace=sys.exc_info()[2]
    )
  File "/Library/Frameworks/Python.framework/Versions/3.13/lib/python3.13/site-packages/urllib3/util/retry.py", line 519, in increment
    raise MaxRetryError(_pool, url, reason) from reason  # type: ignore[arg-type]
    ^^^^^^^^^^^^^^^^^^^^^^^^^^^^^^^^^^^^^^^^^^^^^^^^^^^
urllib3.exceptions.MaxRetryError: HTTPSConnectionPool(host='v3-bo.siam855bo.com', port=443): Max retries exceeded with url: /api/be/finance/get-deposit (Caused by SSLError(SSLEOFError(8, '[SSL: UNEXPECTED_EOF_WHILE_READING] EOF occurred in violation of protocol (_ssl.c:1035)')))

During handling of the above exception, another exception occurred:

Traceback (most recent call last):
  File "/Users/nera_thomas/Desktop/Telemarketing/OTHER.py", line 60, in safe_call
    return func(*args, **kwargs)
  File "/Users/nera_thomas/Desktop/Telemarketing/OTHER.py", line 1473, in deposit_list_PID
    response = requests.post(url, headers=headers, json=payload)
  File "/Library/Frameworks/Python.framework/Versions/3.13/lib/python3.13/site-packages/requests/api.py", line 115, in post
    return request("post", url, data=data, json=json, **kwargs)
  File "/Library/Frameworks/Python.framework/Versions/3.13/lib/python3.13/site-packages/requests/api.py", line 59, in request
    return session.request(method=method, url=url, **kwargs)
           ~~~~~~~~~~~~~~~^^^^^^^^^^^^^^^^^^^^^^^^^^^^^^^^^^
  File "/Library/Frameworks/Python.framework/Versions/3.13/lib/python3.13/site-packages/requests/sessions.py", line 589, in request
    resp = self.send(prep, **send_kwargs)
  File "/Library/Frameworks/Python.framework/Versions/3.13/lib/python3.13/site-packages/requests/sessions.py", line 703, in send
    r = adapter.send(request, **kwargs)
  File "/Library/Frameworks/Python.framework/Versions/3.13/lib/python3.13/site-packages/requests/adapters.py", line 675, in send
    raise SSLError(e, request=request)
requests.exceptions.SSLError: HTTPSConnectionPool(host='v3-bo.siam855bo.com', port=443): Max retries exceeded with url: /api/be/finance/get-deposit (Caused by SSLError(SSLEOFError(8, '[SSL: UNEXPECTED_EOF_WHILE_READING] EOF occurred in violation of protocol (_ssl.c:1035)')))
2025-11-28 18:59:29,099 [ERROR] Error during 2WT deposit list (attempt 2/500)
urllib3.exceptions.SSLError: [SSL: UNEXPECTED_EOF_WHILE_READING] EOF occurred in violation of protocol (_ssl.c:1035)

The above exception was the direct cause of the following exception:

Traceback (most recent call last):
  File "/Library/Frameworks/Python.framework/Versions/3.13/lib/python3.13/site-packages/requests/adapters.py", line 644, in send
    resp = conn.urlopen(
        method=request.method,
    ...<9 lines>...
        chunked=chunked,
    )
  File "/Library/Frameworks/Python.framework/Versions/3.13/lib/python3.13/site-packages/urllib3/connectionpool.py", line 841, in urlopen
    retries = retries.increment(
        method, url, error=new_e, _pool=self, _stacktrace=sys.exc_info()[2]
    )
  File "/Library/Frameworks/Python.framework/Versions/3.13/lib/python3.13/site-packages/urllib3/util/retry.py", line 519, in increment
    raise MaxRetryError(_pool, url, reason) from reason  # type: ignore[arg-type]
    ^^^^^^^^^^^^^^^^^^^^^^^^^^^^^^^^^^^^^^^^^^^^^^^^^^^
urllib3.exceptions.MaxRetryError: HTTPSConnectionPool(host='v3-bo.w8c4n9be.com', port=443): Max retries exceeded with url: /api/be/finance/get-deposit (Caused by SSLError(SSLEOFError(8, '[SSL: UNEXPECTED_EOF_WHILE_READING] EOF occurred in violation of protocol (_ssl.c:1035)')))

During handling of the above exception, another exception occurred:

Traceback (most recent call last):
  File "/Users/nera_thomas/Desktop/Telemarketing/OTHER.py", line 60, in safe_call
    return func(*args, **kwargs)
  File "/Users/nera_thomas/Desktop/Telemarketing/OTHER.py", line 1473, in deposit_list_PID
    response = requests.post(url, headers=headers, json=payload)
  File "/Library/Frameworks/Python.framework/Versions/3.13/lib/python3.13/site-packages/requests/api.py", line 115, in post
    return request("post", url, data=data, json=json, **kwargs)
  File "/Library/Frameworks/Python.framework/Versions/3.13/lib/python3.13/site-packages/requests/api.py", line 59, in request
    return session.request(method=method, url=url, **kwargs)
           ~~~~~~~~~~~~~~~^^^^^^^^^^^^^^^^^^^^^^^^^^^^^^^^^^
  File "/Library/Frameworks/Python.framework/Versions/3.13/lib/python3.13/site-packages/requests/sessions.py", line 589, in request
    resp = self.send(prep, **send_kwargs)
  File "/Library/Frameworks/Python.framework/Versions/3.13/lib/python3.13/site-packages/requests/sessions.py", line 703, in send
    r = adapter.send(request, **kwargs)
  File "/Library/Frameworks/Python.framework/Versions/3.13/lib/python3.13/site-packages/requests/adapters.py", line 675, in send
    raise SSLError(e, request=request)
requests.exceptions.SSLError: HTTPSConnectionPool(host='v3-bo.w8c4n9be.com', port=443): Max retries exceeded with url: /api/be/finance/get-deposit (Caused by SSLError(SSLEOFError(8, '[SSL: UNEXPECTED_EOF_WHILE_READING] EOF occurred in violation of protocol (_ssl.c:1035)')))
2025-11-28 19:24:01,233 [ERROR] Error during MST deposit list (attempt 1/500)
urllib3.exceptions.SSLError: [SSL: UNEXPECTED_EOF_WHILE_READING] EOF occurred in violation of protocol (_ssl.c:1035)

The above exception was the direct cause of the following exception:

Traceback (most recent call last):
  File "/Library/Frameworks/Python.framework/Versions/3.13/lib/python3.13/site-packages/requests/adapters.py", line 644, in send
    resp = conn.urlopen(
        method=request.method,
    ...<9 lines>...
        chunked=chunked,
    )
  File "/Library/Frameworks/Python.framework/Versions/3.13/lib/python3.13/site-packages/urllib3/connectionpool.py", line 841, in urlopen
    retries = retries.increment(
        method, url, error=new_e, _pool=self, _stacktrace=sys.exc_info()[2]
    )
  File "/Library/Frameworks/Python.framework/Versions/3.13/lib/python3.13/site-packages/urllib3/util/retry.py", line 519, in increment
    raise MaxRetryError(_pool, url, reason) from reason  # type: ignore[arg-type]
    ^^^^^^^^^^^^^^^^^^^^^^^^^^^^^^^^^^^^^^^^^^^^^^^^^^^
urllib3.exceptions.MaxRetryError: HTTPSConnectionPool(host='v3-bo.bo-msslot.com', port=443): Max retries exceeded with url: /api/be/finance/get-deposit (Caused by SSLError(SSLEOFError(8, '[SSL: UNEXPECTED_EOF_WHILE_READING] EOF occurred in violation of protocol (_ssl.c:1035)')))

During handling of the above exception, another exception occurred:

Traceback (most recent call last):
  File "/Users/nera_thomas/Desktop/Telemarketing/OTHER.py", line 60, in safe_call
    return func(*args, **kwargs)
  File "/Users/nera_thomas/Desktop/Telemarketing/OTHER.py", line 1473, in deposit_list_PID
    response = requests.post(url, headers=headers, json=payload)
  File "/Library/Frameworks/Python.framework/Versions/3.13/lib/python3.13/site-packages/requests/api.py", line 115, in post
    return request("post", url, data=data, json=json, **kwargs)
  File "/Library/Frameworks/Python.framework/Versions/3.13/lib/python3.13/site-packages/requests/api.py", line 59, in request
    return session.request(method=method, url=url, **kwargs)
           ~~~~~~~~~~~~~~~^^^^^^^^^^^^^^^^^^^^^^^^^^^^^^^^^^
  File "/Library/Frameworks/Python.framework/Versions/3.13/lib/python3.13/site-packages/requests/sessions.py", line 589, in request
    resp = self.send(prep, **send_kwargs)
  File "/Library/Frameworks/Python.framework/Versions/3.13/lib/python3.13/site-packages/requests/sessions.py", line 703, in send
    r = adapter.send(request, **kwargs)
  File "/Library/Frameworks/Python.framework/Versions/3.13/lib/python3.13/site-packages/requests/adapters.py", line 675, in send
    raise SSLError(e, request=request)
requests.exceptions.SSLError: HTTPSConnectionPool(host='v3-bo.bo-msslot.com', port=443): Max retries exceeded with url: /api/be/finance/get-deposit (Caused by SSLError(SSLEOFError(8, '[SSL: UNEXPECTED_EOF_WHILE_READING] EOF occurred in violation of protocol (_ssl.c:1035)')))
2025-11-28 19:25:51,923 [ERROR] Error during J8T deposit list (attempt 1/500)
urllib3.exceptions.SSLError: [SSL: UNEXPECTED_EOF_WHILE_READING] EOF occurred in violation of protocol (_ssl.c:1035)

The above exception was the direct cause of the following exception:

Traceback (most recent call last):
  File "/Library/Frameworks/Python.framework/Versions/3.13/lib/python3.13/site-packages/requests/adapters.py", line 644, in send
    resp = conn.urlopen(
        method=request.method,
    ...<9 lines>...
        chunked=chunked,
    )
  File "/Library/Frameworks/Python.framework/Versions/3.13/lib/python3.13/site-packages/urllib3/connectionpool.py", line 841, in urlopen
    retries = retries.increment(
        method, url, error=new_e, _pool=self, _stacktrace=sys.exc_info()[2]
    )
  File "/Library/Frameworks/Python.framework/Versions/3.13/lib/python3.13/site-packages/urllib3/util/retry.py", line 519, in increment
    raise MaxRetryError(_pool, url, reason) from reason  # type: ignore[arg-type]
    ^^^^^^^^^^^^^^^^^^^^^^^^^^^^^^^^^^^^^^^^^^^^^^^^^^^
urllib3.exceptions.MaxRetryError: HTTPSConnectionPool(host='v3-bo.jw8bo.com', port=443): Max retries exceeded with url: /api/be/finance/get-deposit (Caused by SSLError(SSLEOFError(8, '[SSL: UNEXPECTED_EOF_WHILE_READING] EOF occurred in violation of protocol (_ssl.c:1035)')))

During handling of the above exception, another exception occurred:

Traceback (most recent call last):
  File "/Users/nera_thomas/Desktop/Telemarketing/OTHER.py", line 60, in safe_call
    return func(*args, **kwargs)
  File "/Users/nera_thomas/Desktop/Telemarketing/OTHER.py", line 1473, in deposit_list_PID
    response = requests.post(url, headers=headers, json=payload)
  File "/Library/Frameworks/Python.framework/Versions/3.13/lib/python3.13/site-packages/requests/api.py", line 115, in post
    return request("post", url, data=data, json=json, **kwargs)
  File "/Library/Frameworks/Python.framework/Versions/3.13/lib/python3.13/site-packages/requests/api.py", line 59, in request
    return session.request(method=method, url=url, **kwargs)
           ~~~~~~~~~~~~~~~^^^^^^^^^^^^^^^^^^^^^^^^^^^^^^^^^^
  File "/Library/Frameworks/Python.framework/Versions/3.13/lib/python3.13/site-packages/requests/sessions.py", line 589, in request
    resp = self.send(prep, **send_kwargs)
  File "/Library/Frameworks/Python.framework/Versions/3.13/lib/python3.13/site-packages/requests/sessions.py", line 703, in send
    r = adapter.send(request, **kwargs)
  File "/Library/Frameworks/Python.framework/Versions/3.13/lib/python3.13/site-packages/requests/adapters.py", line 675, in send
    raise SSLError(e, request=request)
requests.exceptions.SSLError: HTTPSConnectionPool(host='v3-bo.jw8bo.com', port=443): Max retries exceeded with url: /api/be/finance/get-deposit (Caused by SSLError(SSLEOFError(8, '[SSL: UNEXPECTED_EOF_WHILE_READING] EOF occurred in violation of protocol (_ssl.c:1035)')))
2025-11-28 19:43:07,471 [ERROR] Error during 2FT member info (attempt 1/500)
Traceback (most recent call last):
  File "/Users/nera_thomas/Desktop/Telemarketing/OTHER.py", line 60, in safe_call
    return func(*args, **kwargs)
  File "/Users/nera_thomas/Desktop/Telemarketing/OTHER.py", line 2216, in member_info
    mongodb_2_gs.upload_to_google_sheet_MI(collection, gs_id, gs_tab)
    ~~~~~~~~~~~~~~~~~~~~~~~~~~~~~~~~~~~~~~^^^^^^^^^^^^^^^^^^^^^^^^^^^
  File "/Users/nera_thomas/Desktop/Telemarketing/OTHER.py", line 977, in upload_to_google_sheet_MI
    ).execute()
      ~~~~~~~^^
  File "/Library/Frameworks/Python.framework/Versions/3.13/lib/python3.13/site-packages/googleapiclient/_helpers.py", line 130, in positional_wrapper
    return wrapped(*args, **kwargs)
  File "/Library/Frameworks/Python.framework/Versions/3.13/lib/python3.13/site-packages/googleapiclient/http.py", line 923, in execute
    resp, content = _retry_request(
                    ~~~~~~~~~~~~~~^
        http,
        ^^^^^
    ...<7 lines>...
        headers=self.headers,
        ^^^^^^^^^^^^^^^^^^^^^
    )
    ^
  File "/Library/Frameworks/Python.framework/Versions/3.13/lib/python3.13/site-packages/googleapiclient/http.py", line 222, in _retry_request
    raise exception
  File "/Library/Frameworks/Python.framework/Versions/3.13/lib/python3.13/site-packages/googleapiclient/http.py", line 191, in _retry_request
    resp, content = http.request(uri, method, *args, **kwargs)
                    ~~~~~~~~~~~~^^^^^^^^^^^^^^^^^^^^^^^^^^^^^^
  File "/Library/Frameworks/Python.framework/Versions/3.13/lib/python3.13/site-packages/google_auth_httplib2.py", line 218, in request
    response, content = self.http.request(
                        ~~~~~~~~~~~~~~~~~^
        uri,
        ^^^^
    ...<5 lines>...
        **kwargs
        ^^^^^^^^
    )
    ^
  File "/Library/Frameworks/Python.framework/Versions/3.13/lib/python3.13/site-packages/httplib2/__init__.py", line 1727, in request
    (response, content) = self._request(
                          ~~~~~~~~~~~~~^
        conn, authority, uri, request_uri, method, body, headers, redirections, cachekey,
        ^^^^^^^^^^^^^^^^^^^^^^^^^^^^^^^^^^^^^^^^^^^^^^^^^^^^^^^^^^^^^^^^^^^^^^^^^^^^^^^^^
    )
    ^
  File "/Library/Frameworks/Python.framework/Versions/3.13/lib/python3.13/site-packages/httplib2/__init__.py", line 1447, in _request
    (response, content) = self._conn_request(conn, request_uri, method, body, headers)
                          ~~~~~~~~~~~~~~~~~~^^^^^^^^^^^^^^^^^^^^^^^^^^^^^^^^^^^^^^^^^^
  File "/Library/Frameworks/Python.framework/Versions/3.13/lib/python3.13/site-packages/httplib2/__init__.py", line 1399, in _conn_request
    response = conn.getresponse()
  File "/Library/Frameworks/Python.framework/Versions/3.13/lib/python3.13/http/client.py", line 1430, in getresponse
    response.begin()
    ~~~~~~~~~~~~~~^^
  File "/Library/Frameworks/Python.framework/Versions/3.13/lib/python3.13/http/client.py", line 331, in begin
    version, status, reason = self._read_status()
                              ~~~~~~~~~~~~~~~~~^^
  File "/Library/Frameworks/Python.framework/Versions/3.13/lib/python3.13/http/client.py", line 292, in _read_status
    line = str(self.fp.readline(_MAXLINE + 1), "iso-8859-1")
               ~~~~~~~~~~~~~~~~^^^^^^^^^^^^^^
  File "/Library/Frameworks/Python.framework/Versions/3.13/lib/python3.13/socket.py", line 719, in readinto
    return self._sock.recv_into(b)
           ~~~~~~~~~~~~~~~~~~~~^^^
  File "/Library/Frameworks/Python.framework/Versions/3.13/lib/python3.13/ssl.py", line 1304, in recv_into
    return self.read(nbytes, buffer)
           ~~~~~~~~~^^^^^^^^^^^^^^^^
  File "/Library/Frameworks/Python.framework/Versions/3.13/lib/python3.13/ssl.py", line 1138, in read
    return self._sslobj.read(len, buffer)
           ~~~~~~~~~~~~~~~~~^^^^^^^^^^^^^
TimeoutError: The read operation timed out
2025-11-28 19:52:08,697 [ERROR] Error during J8T deposit list (attempt 1/500)
urllib3.exceptions.SSLError: [SSL: UNEXPECTED_EOF_WHILE_READING] EOF occurred in violation of protocol (_ssl.c:1035)

The above exception was the direct cause of the following exception:

Traceback (most recent call last):
  File "/Library/Frameworks/Python.framework/Versions/3.13/lib/python3.13/site-packages/requests/adapters.py", line 644, in send
    resp = conn.urlopen(
        method=request.method,
    ...<9 lines>...
        chunked=chunked,
    )
  File "/Library/Frameworks/Python.framework/Versions/3.13/lib/python3.13/site-packages/urllib3/connectionpool.py", line 841, in urlopen
    retries = retries.increment(
        method, url, error=new_e, _pool=self, _stacktrace=sys.exc_info()[2]
    )
  File "/Library/Frameworks/Python.framework/Versions/3.13/lib/python3.13/site-packages/urllib3/util/retry.py", line 519, in increment
    raise MaxRetryError(_pool, url, reason) from reason  # type: ignore[arg-type]
    ^^^^^^^^^^^^^^^^^^^^^^^^^^^^^^^^^^^^^^^^^^^^^^^^^^^
urllib3.exceptions.MaxRetryError: HTTPSConnectionPool(host='v3-bo.jw8bo.com', port=443): Max retries exceeded with url: /api/be/finance/get-deposit (Caused by SSLError(SSLEOFError(8, '[SSL: UNEXPECTED_EOF_WHILE_READING] EOF occurred in violation of protocol (_ssl.c:1035)')))

During handling of the above exception, another exception occurred:

Traceback (most recent call last):
  File "/Users/nera_thomas/Desktop/Telemarketing/OTHER.py", line 60, in safe_call
    return func(*args, **kwargs)
  File "/Users/nera_thomas/Desktop/Telemarketing/OTHER.py", line 1473, in deposit_list_PID
    response = requests.post(url, headers=headers, json=payload)
  File "/Library/Frameworks/Python.framework/Versions/3.13/lib/python3.13/site-packages/requests/api.py", line 115, in post
    return request("post", url, data=data, json=json, **kwargs)
  File "/Library/Frameworks/Python.framework/Versions/3.13/lib/python3.13/site-packages/requests/api.py", line 59, in request
    return session.request(method=method, url=url, **kwargs)
           ~~~~~~~~~~~~~~~^^^^^^^^^^^^^^^^^^^^^^^^^^^^^^^^^^
  File "/Library/Frameworks/Python.framework/Versions/3.13/lib/python3.13/site-packages/requests/sessions.py", line 589, in request
    resp = self.send(prep, **send_kwargs)
  File "/Library/Frameworks/Python.framework/Versions/3.13/lib/python3.13/site-packages/requests/sessions.py", line 703, in send
    r = adapter.send(request, **kwargs)
  File "/Library/Frameworks/Python.framework/Versions/3.13/lib/python3.13/site-packages/requests/adapters.py", line 675, in send
    raise SSLError(e, request=request)
requests.exceptions.SSLError: HTTPSConnectionPool(host='v3-bo.jw8bo.com', port=443): Max retries exceeded with url: /api/be/finance/get-deposit (Caused by SSLError(SSLEOFError(8, '[SSL: UNEXPECTED_EOF_WHILE_READING] EOF occurred in violation of protocol (_ssl.c:1035)')))
2025-11-28 20:26:48,726 [ERROR] Error during J8T deposit list (attempt 2/500)
urllib3.exceptions.SSLError: [SSL: UNEXPECTED_EOF_WHILE_READING] EOF occurred in violation of protocol (_ssl.c:1035)

The above exception was the direct cause of the following exception:

Traceback (most recent call last):
  File "/Library/Frameworks/Python.framework/Versions/3.13/lib/python3.13/site-packages/requests/adapters.py", line 644, in send
    resp = conn.urlopen(
        method=request.method,
    ...<9 lines>...
        chunked=chunked,
    )
  File "/Library/Frameworks/Python.framework/Versions/3.13/lib/python3.13/site-packages/urllib3/connectionpool.py", line 841, in urlopen
    retries = retries.increment(
        method, url, error=new_e, _pool=self, _stacktrace=sys.exc_info()[2]
    )
  File "/Library/Frameworks/Python.framework/Versions/3.13/lib/python3.13/site-packages/urllib3/util/retry.py", line 519, in increment
    raise MaxRetryError(_pool, url, reason) from reason  # type: ignore[arg-type]
    ^^^^^^^^^^^^^^^^^^^^^^^^^^^^^^^^^^^^^^^^^^^^^^^^^^^
urllib3.exceptions.MaxRetryError: HTTPSConnectionPool(host='v3-bo.jw8bo.com', port=443): Max retries exceeded with url: /api/be/finance/get-deposit (Caused by SSLError(SSLEOFError(8, '[SSL: UNEXPECTED_EOF_WHILE_READING] EOF occurred in violation of protocol (_ssl.c:1035)')))

During handling of the above exception, another exception occurred:

Traceback (most recent call last):
  File "/Users/nera_thomas/Desktop/Telemarketing/OTHER.py", line 60, in safe_call
    return func(*args, **kwargs)
  File "/Users/nera_thomas/Desktop/Telemarketing/OTHER.py", line 1473, in deposit_list_PID
    response = requests.post(url, headers=headers, json=payload)
  File "/Library/Frameworks/Python.framework/Versions/3.13/lib/python3.13/site-packages/requests/api.py", line 115, in post
    return request("post", url, data=data, json=json, **kwargs)
  File "/Library/Frameworks/Python.framework/Versions/3.13/lib/python3.13/site-packages/requests/api.py", line 59, in request
    return session.request(method=method, url=url, **kwargs)
           ~~~~~~~~~~~~~~~^^^^^^^^^^^^^^^^^^^^^^^^^^^^^^^^^^
  File "/Library/Frameworks/Python.framework/Versions/3.13/lib/python3.13/site-packages/requests/sessions.py", line 589, in request
    resp = self.send(prep, **send_kwargs)
  File "/Library/Frameworks/Python.framework/Versions/3.13/lib/python3.13/site-packages/requests/sessions.py", line 703, in send
    r = adapter.send(request, **kwargs)
  File "/Library/Frameworks/Python.framework/Versions/3.13/lib/python3.13/site-packages/requests/adapters.py", line 675, in send
    raise SSLError(e, request=request)
requests.exceptions.SSLError: HTTPSConnectionPool(host='v3-bo.jw8bo.com', port=443): Max retries exceeded with url: /api/be/finance/get-deposit (Caused by SSLError(SSLEOFError(8, '[SSL: UNEXPECTED_EOF_WHILE_READING] EOF occurred in violation of protocol (_ssl.c:1035)')))
2025-11-28 20:49:54,759 [ERROR] Error during MST deposit list (attempt 2/500)
Traceback (most recent call last):
  File "/Users/nera_thomas/Desktop/Telemarketing/OTHER.py", line 60, in safe_call
    return func(*args, **kwargs)
  File "/Users/nera_thomas/Desktop/Telemarketing/OTHER.py", line 1499, in deposit_list_PID
    mongodb_2_gs.upload_to_google_sheet_DL_PID(collection, gs_id, gs_tab, start_column, end_column)
    ~~~~~~~~~~~~~~~~~~~~~~~~~~~~~~~~~~~~~~~~~~^^^^^^^^^^^^^^^^^^^^^^^^^^^^^^^^^^^^^^^^^^^^^^^^^^^^^
  File "/Users/nera_thomas/Desktop/Telemarketing/OTHER.py", line 663, in upload_to_google_sheet_DL_PID
    ).execute()
      ~~~~~~~^^
  File "/Library/Frameworks/Python.framework/Versions/3.13/lib/python3.13/site-packages/googleapiclient/_helpers.py", line 130, in positional_wrapper
    return wrapped(*args, **kwargs)
  File "/Library/Frameworks/Python.framework/Versions/3.13/lib/python3.13/site-packages/googleapiclient/http.py", line 938, in execute
    raise HttpError(resp, content, uri=self.uri)
googleapiclient.errors.HttpError: <HttpError 400 when requesting https://sheets.googleapis.com/v4/spreadsheets/11jZfDg6cu9QoA0ec2bfrSF-THQbHDOku1EdwD1rTDNU/values/MST%20DEPOSIT%20LIST%21A3%3AC?valueInputOption=USER_ENTERED&alt=json returned "This action would increase the number of cells in the workbook above the limit of 10000000 cells.". Details: "This action would increase the number of cells in the workbook above the limit of 10000000 cells.">
2025-11-28 21:16:08,679 [ERROR] Error during MST deposit list (attempt 3/500)
urllib3.exceptions.SSLError: [SSL: UNEXPECTED_EOF_WHILE_READING] EOF occurred in violation of protocol (_ssl.c:1035)

The above exception was the direct cause of the following exception:

Traceback (most recent call last):
  File "/Library/Frameworks/Python.framework/Versions/3.13/lib/python3.13/site-packages/requests/adapters.py", line 644, in send
    resp = conn.urlopen(
        method=request.method,
    ...<9 lines>...
        chunked=chunked,
    )
  File "/Library/Frameworks/Python.framework/Versions/3.13/lib/python3.13/site-packages/urllib3/connectionpool.py", line 841, in urlopen
    retries = retries.increment(
        method, url, error=new_e, _pool=self, _stacktrace=sys.exc_info()[2]
    )
  File "/Library/Frameworks/Python.framework/Versions/3.13/lib/python3.13/site-packages/urllib3/util/retry.py", line 519, in increment
    raise MaxRetryError(_pool, url, reason) from reason  # type: ignore[arg-type]
    ^^^^^^^^^^^^^^^^^^^^^^^^^^^^^^^^^^^^^^^^^^^^^^^^^^^
urllib3.exceptions.MaxRetryError: HTTPSConnectionPool(host='v3-bo.bo-msslot.com', port=443): Max retries exceeded with url: /api/be/finance/get-deposit (Caused by SSLError(SSLEOFError(8, '[SSL: UNEXPECTED_EOF_WHILE_READING] EOF occurred in violation of protocol (_ssl.c:1035)')))

During handling of the above exception, another exception occurred:

Traceback (most recent call last):
  File "/Users/nera_thomas/Desktop/Telemarketing/OTHER.py", line 60, in safe_call
    return func(*args, **kwargs)
  File "/Users/nera_thomas/Desktop/Telemarketing/OTHER.py", line 1473, in deposit_list_PID
    response = requests.post(url, headers=headers, json=payload)
  File "/Library/Frameworks/Python.framework/Versions/3.13/lib/python3.13/site-packages/requests/api.py", line 115, in post
    return request("post", url, data=data, json=json, **kwargs)
  File "/Library/Frameworks/Python.framework/Versions/3.13/lib/python3.13/site-packages/requests/api.py", line 59, in request
    return session.request(method=method, url=url, **kwargs)
           ~~~~~~~~~~~~~~~^^^^^^^^^^^^^^^^^^^^^^^^^^^^^^^^^^
  File "/Library/Frameworks/Python.framework/Versions/3.13/lib/python3.13/site-packages/requests/sessions.py", line 589, in request
    resp = self.send(prep, **send_kwargs)
  File "/Library/Frameworks/Python.framework/Versions/3.13/lib/python3.13/site-packages/requests/sessions.py", line 703, in send
    r = adapter.send(request, **kwargs)
  File "/Library/Frameworks/Python.framework/Versions/3.13/lib/python3.13/site-packages/requests/adapters.py", line 675, in send
    raise SSLError(e, request=request)
requests.exceptions.SSLError: HTTPSConnectionPool(host='v3-bo.bo-msslot.com', port=443): Max retries exceeded with url: /api/be/finance/get-deposit (Caused by SSLError(SSLEOFError(8, '[SSL: UNEXPECTED_EOF_WHILE_READING] EOF occurred in violation of protocol (_ssl.c:1035)')))
2025-11-28 21:24:24,883 [ERROR] Error during J8T deposit list (attempt 3/500)
urllib3.exceptions.SSLError: [SSL: UNEXPECTED_EOF_WHILE_READING] EOF occurred in violation of protocol (_ssl.c:1035)

The above exception was the direct cause of the following exception:

Traceback (most recent call last):
  File "/Library/Frameworks/Python.framework/Versions/3.13/lib/python3.13/site-packages/requests/adapters.py", line 644, in send
    resp = conn.urlopen(
        method=request.method,
    ...<9 lines>...
        chunked=chunked,
    )
  File "/Library/Frameworks/Python.framework/Versions/3.13/lib/python3.13/site-packages/urllib3/connectionpool.py", line 841, in urlopen
    retries = retries.increment(
        method, url, error=new_e, _pool=self, _stacktrace=sys.exc_info()[2]
    )
  File "/Library/Frameworks/Python.framework/Versions/3.13/lib/python3.13/site-packages/urllib3/util/retry.py", line 519, in increment
    raise MaxRetryError(_pool, url, reason) from reason  # type: ignore[arg-type]
    ^^^^^^^^^^^^^^^^^^^^^^^^^^^^^^^^^^^^^^^^^^^^^^^^^^^
urllib3.exceptions.MaxRetryError: HTTPSConnectionPool(host='v3-bo.jw8bo.com', port=443): Max retries exceeded with url: /api/be/finance/get-deposit (Caused by SSLError(SSLEOFError(8, '[SSL: UNEXPECTED_EOF_WHILE_READING] EOF occurred in violation of protocol (_ssl.c:1035)')))

During handling of the above exception, another exception occurred:

Traceback (most recent call last):
  File "/Users/nera_thomas/Desktop/Telemarketing/OTHER.py", line 60, in safe_call
    return func(*args, **kwargs)
  File "/Users/nera_thomas/Desktop/Telemarketing/OTHER.py", line 1473, in deposit_list_PID
    response = requests.post(url, headers=headers, json=payload)
  File "/Library/Frameworks/Python.framework/Versions/3.13/lib/python3.13/site-packages/requests/api.py", line 115, in post
    return request("post", url, data=data, json=json, **kwargs)
  File "/Library/Frameworks/Python.framework/Versions/3.13/lib/python3.13/site-packages/requests/api.py", line 59, in request
    return session.request(method=method, url=url, **kwargs)
           ~~~~~~~~~~~~~~~^^^^^^^^^^^^^^^^^^^^^^^^^^^^^^^^^^
  File "/Library/Frameworks/Python.framework/Versions/3.13/lib/python3.13/site-packages/requests/sessions.py", line 589, in request
    resp = self.send(prep, **send_kwargs)
  File "/Library/Frameworks/Python.framework/Versions/3.13/lib/python3.13/site-packages/requests/sessions.py", line 703, in send
    r = adapter.send(request, **kwargs)
  File "/Library/Frameworks/Python.framework/Versions/3.13/lib/python3.13/site-packages/requests/adapters.py", line 675, in send
    raise SSLError(e, request=request)
requests.exceptions.SSLError: HTTPSConnectionPool(host='v3-bo.jw8bo.com', port=443): Max retries exceeded with url: /api/be/finance/get-deposit (Caused by SSLError(SSLEOFError(8, '[SSL: UNEXPECTED_EOF_WHILE_READING] EOF occurred in violation of protocol (_ssl.c:1035)')))
2025-11-28 22:03:45,643 [ERROR] Error during 2FT deposit list (attempt 1/500)
urllib3.exceptions.SSLError: [SSL: UNEXPECTED_EOF_WHILE_READING] EOF occurred in violation of protocol (_ssl.c:1035)

The above exception was the direct cause of the following exception:

Traceback (most recent call last):
  File "/Library/Frameworks/Python.framework/Versions/3.13/lib/python3.13/site-packages/requests/adapters.py", line 644, in send
    resp = conn.urlopen(
        method=request.method,
    ...<9 lines>...
        chunked=chunked,
    )
  File "/Library/Frameworks/Python.framework/Versions/3.13/lib/python3.13/site-packages/urllib3/connectionpool.py", line 841, in urlopen
    retries = retries.increment(
        method, url, error=new_e, _pool=self, _stacktrace=sys.exc_info()[2]
    )
  File "/Library/Frameworks/Python.framework/Versions/3.13/lib/python3.13/site-packages/urllib3/util/retry.py", line 519, in increment
    raise MaxRetryError(_pool, url, reason) from reason  # type: ignore[arg-type]
    ^^^^^^^^^^^^^^^^^^^^^^^^^^^^^^^^^^^^^^^^^^^^^^^^^^^
urllib3.exceptions.MaxRetryError: HTTPSConnectionPool(host='v3-bo.22funbo.com', port=443): Max retries exceeded with url: /api/be/finance/get-deposit (Caused by SSLError(SSLEOFError(8, '[SSL: UNEXPECTED_EOF_WHILE_READING] EOF occurred in violation of protocol (_ssl.c:1035)')))

During handling of the above exception, another exception occurred:

Traceback (most recent call last):
  File "/Users/nera_thomas/Desktop/Telemarketing/OTHER.py", line 60, in safe_call
    return func(*args, **kwargs)
  File "/Users/nera_thomas/Desktop/Telemarketing/OTHER.py", line 1473, in deposit_list_PID
    response = requests.post(url, headers=headers, json=payload)
  File "/Library/Frameworks/Python.framework/Versions/3.13/lib/python3.13/site-packages/requests/api.py", line 115, in post
    return request("post", url, data=data, json=json, **kwargs)
  File "/Library/Frameworks/Python.framework/Versions/3.13/lib/python3.13/site-packages/requests/api.py", line 59, in request
    return session.request(method=method, url=url, **kwargs)
           ~~~~~~~~~~~~~~~^^^^^^^^^^^^^^^^^^^^^^^^^^^^^^^^^^
  File "/Library/Frameworks/Python.framework/Versions/3.13/lib/python3.13/site-packages/requests/sessions.py", line 589, in request
    resp = self.send(prep, **send_kwargs)
  File "/Library/Frameworks/Python.framework/Versions/3.13/lib/python3.13/site-packages/requests/sessions.py", line 703, in send
    r = adapter.send(request, **kwargs)
  File "/Library/Frameworks/Python.framework/Versions/3.13/lib/python3.13/site-packages/requests/adapters.py", line 675, in send
    raise SSLError(e, request=request)
requests.exceptions.SSLError: HTTPSConnectionPool(host='v3-bo.22funbo.com', port=443): Max retries exceeded with url: /api/be/finance/get-deposit (Caused by SSLError(SSLEOFError(8, '[SSL: UNEXPECTED_EOF_WHILE_READING] EOF occurred in violation of protocol (_ssl.c:1035)')))
2025-11-28 22:41:13,525 [ERROR] Error during J8T deposit list (attempt 1/500)
urllib3.exceptions.SSLError: [SSL: UNEXPECTED_EOF_WHILE_READING] EOF occurred in violation of protocol (_ssl.c:1035)

The above exception was the direct cause of the following exception:

Traceback (most recent call last):
  File "/Library/Frameworks/Python.framework/Versions/3.13/lib/python3.13/site-packages/requests/adapters.py", line 644, in send
    resp = conn.urlopen(
        method=request.method,
    ...<9 lines>...
        chunked=chunked,
    )
  File "/Library/Frameworks/Python.framework/Versions/3.13/lib/python3.13/site-packages/urllib3/connectionpool.py", line 841, in urlopen
    retries = retries.increment(
        method, url, error=new_e, _pool=self, _stacktrace=sys.exc_info()[2]
    )
  File "/Library/Frameworks/Python.framework/Versions/3.13/lib/python3.13/site-packages/urllib3/util/retry.py", line 519, in increment
    raise MaxRetryError(_pool, url, reason) from reason  # type: ignore[arg-type]
    ^^^^^^^^^^^^^^^^^^^^^^^^^^^^^^^^^^^^^^^^^^^^^^^^^^^
urllib3.exceptions.MaxRetryError: HTTPSConnectionPool(host='v3-bo.jw8bo.com', port=443): Max retries exceeded with url: /api/be/finance/get-deposit (Caused by SSLError(SSLEOFError(8, '[SSL: UNEXPECTED_EOF_WHILE_READING] EOF occurred in violation of protocol (_ssl.c:1035)')))

During handling of the above exception, another exception occurred:

Traceback (most recent call last):
  File "/Users/nera_thomas/Desktop/Telemarketing/OTHER.py", line 60, in safe_call
    return func(*args, **kwargs)
  File "/Users/nera_thomas/Desktop/Telemarketing/OTHER.py", line 1473, in deposit_list_PID
    response = requests.post(url, headers=headers, json=payload)
  File "/Library/Frameworks/Python.framework/Versions/3.13/lib/python3.13/site-packages/requests/api.py", line 115, in post
    return request("post", url, data=data, json=json, **kwargs)
  File "/Library/Frameworks/Python.framework/Versions/3.13/lib/python3.13/site-packages/requests/api.py", line 59, in request
    return session.request(method=method, url=url, **kwargs)
           ~~~~~~~~~~~~~~~^^^^^^^^^^^^^^^^^^^^^^^^^^^^^^^^^^
  File "/Library/Frameworks/Python.framework/Versions/3.13/lib/python3.13/site-packages/requests/sessions.py", line 589, in request
    resp = self.send(prep, **send_kwargs)
  File "/Library/Frameworks/Python.framework/Versions/3.13/lib/python3.13/site-packages/requests/sessions.py", line 703, in send
    r = adapter.send(request, **kwargs)
  File "/Library/Frameworks/Python.framework/Versions/3.13/lib/python3.13/site-packages/requests/adapters.py", line 675, in send
    raise SSLError(e, request=request)
requests.exceptions.SSLError: HTTPSConnectionPool(host='v3-bo.jw8bo.com', port=443): Max retries exceeded with url: /api/be/finance/get-deposit (Caused by SSLError(SSLEOFError(8, '[SSL: UNEXPECTED_EOF_WHILE_READING] EOF occurred in violation of protocol (_ssl.c:1035)')))
2025-11-28 23:05:34,373 [ERROR] Error during N855T deposit list (attempt 1/500)
urllib3.exceptions.SSLError: [SSL: UNEXPECTED_EOF_WHILE_READING] EOF occurred in violation of protocol (_ssl.c:1035)

The above exception was the direct cause of the following exception:

Traceback (most recent call last):
  File "/Library/Frameworks/Python.framework/Versions/3.13/lib/python3.13/site-packages/requests/adapters.py", line 644, in send
    resp = conn.urlopen(
        method=request.method,
    ...<9 lines>...
        chunked=chunked,
    )
  File "/Library/Frameworks/Python.framework/Versions/3.13/lib/python3.13/site-packages/urllib3/connectionpool.py", line 841, in urlopen
    retries = retries.increment(
        method, url, error=new_e, _pool=self, _stacktrace=sys.exc_info()[2]
    )
  File "/Library/Frameworks/Python.framework/Versions/3.13/lib/python3.13/site-packages/urllib3/util/retry.py", line 519, in increment
    raise MaxRetryError(_pool, url, reason) from reason  # type: ignore[arg-type]
    ^^^^^^^^^^^^^^^^^^^^^^^^^^^^^^^^^^^^^^^^^^^^^^^^^^^
urllib3.exceptions.MaxRetryError: HTTPSConnectionPool(host='v3-bo.f5x3n8v.com', port=443): Max retries exceeded with url: /api/be/finance/get-deposit (Caused by SSLError(SSLEOFError(8, '[SSL: UNEXPECTED_EOF_WHILE_READING] EOF occurred in violation of protocol (_ssl.c:1035)')))

During handling of the above exception, another exception occurred:

Traceback (most recent call last):
  File "/Users/nera_thomas/Desktop/Telemarketing/OTHER.py", line 60, in safe_call
    return func(*args, **kwargs)
  File "/Users/nera_thomas/Desktop/Telemarketing/OTHER.py", line 1473, in deposit_list_PID
    response = requests.post(url, headers=headers, json=payload)
  File "/Library/Frameworks/Python.framework/Versions/3.13/lib/python3.13/site-packages/requests/api.py", line 115, in post
    return request("post", url, data=data, json=json, **kwargs)
  File "/Library/Frameworks/Python.framework/Versions/3.13/lib/python3.13/site-packages/requests/api.py", line 59, in request
    return session.request(method=method, url=url, **kwargs)
           ~~~~~~~~~~~~~~~^^^^^^^^^^^^^^^^^^^^^^^^^^^^^^^^^^
  File "/Library/Frameworks/Python.framework/Versions/3.13/lib/python3.13/site-packages/requests/sessions.py", line 589, in request
    resp = self.send(prep, **send_kwargs)
  File "/Library/Frameworks/Python.framework/Versions/3.13/lib/python3.13/site-packages/requests/sessions.py", line 703, in send
    r = adapter.send(request, **kwargs)
  File "/Library/Frameworks/Python.framework/Versions/3.13/lib/python3.13/site-packages/requests/adapters.py", line 675, in send
    raise SSLError(e, request=request)
requests.exceptions.SSLError: HTTPSConnectionPool(host='v3-bo.f5x3n8v.com', port=443): Max retries exceeded with url: /api/be/finance/get-deposit (Caused by SSLError(SSLEOFError(8, '[SSL: UNEXPECTED_EOF_WHILE_READING] EOF occurred in violation of protocol (_ssl.c:1035)')))
2025-11-28 23:21:47,516 [ERROR] Error during MST deposit list (attempt 1/500)
urllib3.exceptions.SSLError: [SSL: UNEXPECTED_EOF_WHILE_READING] EOF occurred in violation of protocol (_ssl.c:1035)

The above exception was the direct cause of the following exception:

Traceback (most recent call last):
  File "/Library/Frameworks/Python.framework/Versions/3.13/lib/python3.13/site-packages/requests/adapters.py", line 644, in send
    resp = conn.urlopen(
        method=request.method,
    ...<9 lines>...
        chunked=chunked,
    )
  File "/Library/Frameworks/Python.framework/Versions/3.13/lib/python3.13/site-packages/urllib3/connectionpool.py", line 841, in urlopen
    retries = retries.increment(
        method, url, error=new_e, _pool=self, _stacktrace=sys.exc_info()[2]
    )
  File "/Library/Frameworks/Python.framework/Versions/3.13/lib/python3.13/site-packages/urllib3/util/retry.py", line 519, in increment
    raise MaxRetryError(_pool, url, reason) from reason  # type: ignore[arg-type]
    ^^^^^^^^^^^^^^^^^^^^^^^^^^^^^^^^^^^^^^^^^^^^^^^^^^^
urllib3.exceptions.MaxRetryError: HTTPSConnectionPool(host='v3-bo.bo-msslot.com', port=443): Max retries exceeded with url: /api/be/finance/get-deposit (Caused by SSLError(SSLEOFError(8, '[SSL: UNEXPECTED_EOF_WHILE_READING] EOF occurred in violation of protocol (_ssl.c:1035)')))

During handling of the above exception, another exception occurred:

Traceback (most recent call last):
  File "/Users/nera_thomas/Desktop/Telemarketing/OTHER.py", line 60, in safe_call
    return func(*args, **kwargs)
  File "/Users/nera_thomas/Desktop/Telemarketing/OTHER.py", line 1473, in deposit_list_PID
    response = requests.post(url, headers=headers, json=payload)
  File "/Library/Frameworks/Python.framework/Versions/3.13/lib/python3.13/site-packages/requests/api.py", line 115, in post
    return request("post", url, data=data, json=json, **kwargs)
  File "/Library/Frameworks/Python.framework/Versions/3.13/lib/python3.13/site-packages/requests/api.py", line 59, in request
    return session.request(method=method, url=url, **kwargs)
           ~~~~~~~~~~~~~~~^^^^^^^^^^^^^^^^^^^^^^^^^^^^^^^^^^
  File "/Library/Frameworks/Python.framework/Versions/3.13/lib/python3.13/site-packages/requests/sessions.py", line 589, in request
    resp = self.send(prep, **send_kwargs)
  File "/Library/Frameworks/Python.framework/Versions/3.13/lib/python3.13/site-packages/requests/sessions.py", line 703, in send
    r = adapter.send(request, **kwargs)
  File "/Library/Frameworks/Python.framework/Versions/3.13/lib/python3.13/site-packages/requests/adapters.py", line 675, in send
    raise SSLError(e, request=request)
requests.exceptions.SSLError: HTTPSConnectionPool(host='v3-bo.bo-msslot.com', port=443): Max retries exceeded with url: /api/be/finance/get-deposit (Caused by SSLError(SSLEOFError(8, '[SSL: UNEXPECTED_EOF_WHILE_READING] EOF occurred in violation of protocol (_ssl.c:1035)')))
2025-11-28 23:24:46,017 [ERROR] Error during MST deposit list (attempt 2/500)
urllib3.exceptions.SSLError: [SSL: UNEXPECTED_EOF_WHILE_READING] EOF occurred in violation of protocol (_ssl.c:1035)

The above exception was the direct cause of the following exception:

Traceback (most recent call last):
  File "/Library/Frameworks/Python.framework/Versions/3.13/lib/python3.13/site-packages/requests/adapters.py", line 644, in send
    resp = conn.urlopen(
        method=request.method,
    ...<9 lines>...
        chunked=chunked,
    )
  File "/Library/Frameworks/Python.framework/Versions/3.13/lib/python3.13/site-packages/urllib3/connectionpool.py", line 841, in urlopen
    retries = retries.increment(
        method, url, error=new_e, _pool=self, _stacktrace=sys.exc_info()[2]
    )
  File "/Library/Frameworks/Python.framework/Versions/3.13/lib/python3.13/site-packages/urllib3/util/retry.py", line 519, in increment
    raise MaxRetryError(_pool, url, reason) from reason  # type: ignore[arg-type]
    ^^^^^^^^^^^^^^^^^^^^^^^^^^^^^^^^^^^^^^^^^^^^^^^^^^^
urllib3.exceptions.MaxRetryError: HTTPSConnectionPool(host='v3-bo.bo-msslot.com', port=443): Max retries exceeded with url: /api/be/finance/get-deposit (Caused by SSLError(SSLEOFError(8, '[SSL: UNEXPECTED_EOF_WHILE_READING] EOF occurred in violation of protocol (_ssl.c:1035)')))

During handling of the above exception, another exception occurred:

Traceback (most recent call last):
  File "/Users/nera_thomas/Desktop/Telemarketing/OTHER.py", line 60, in safe_call
    return func(*args, **kwargs)
  File "/Users/nera_thomas/Desktop/Telemarketing/OTHER.py", line 1473, in deposit_list_PID
    response = requests.post(url, headers=headers, json=payload)
  File "/Library/Frameworks/Python.framework/Versions/3.13/lib/python3.13/site-packages/requests/api.py", line 115, in post
    return request("post", url, data=data, json=json, **kwargs)
  File "/Library/Frameworks/Python.framework/Versions/3.13/lib/python3.13/site-packages/requests/api.py", line 59, in request
    return session.request(method=method, url=url, **kwargs)
           ~~~~~~~~~~~~~~~^^^^^^^^^^^^^^^^^^^^^^^^^^^^^^^^^^
  File "/Library/Frameworks/Python.framework/Versions/3.13/lib/python3.13/site-packages/requests/sessions.py", line 589, in request
    resp = self.send(prep, **send_kwargs)
  File "/Library/Frameworks/Python.framework/Versions/3.13/lib/python3.13/site-packages/requests/sessions.py", line 703, in send
    r = adapter.send(request, **kwargs)
  File "/Library/Frameworks/Python.framework/Versions/3.13/lib/python3.13/site-packages/requests/adapters.py", line 675, in send
    raise SSLError(e, request=request)
requests.exceptions.SSLError: HTTPSConnectionPool(host='v3-bo.bo-msslot.com', port=443): Max retries exceeded with url: /api/be/finance/get-deposit (Caused by SSLError(SSLEOFError(8, '[SSL: UNEXPECTED_EOF_WHILE_READING] EOF occurred in violation of protocol (_ssl.c:1035)')))
2025-11-28 23:44:02,851 [ERROR] Error during MST deposit list (attempt 1/500)
urllib3.exceptions.SSLError: [SSL: UNEXPECTED_EOF_WHILE_READING] EOF occurred in violation of protocol (_ssl.c:1035)

The above exception was the direct cause of the following exception:

Traceback (most recent call last):
  File "/Library/Frameworks/Python.framework/Versions/3.13/lib/python3.13/site-packages/requests/adapters.py", line 644, in send
    resp = conn.urlopen(
        method=request.method,
    ...<9 lines>...
        chunked=chunked,
    )
  File "/Library/Frameworks/Python.framework/Versions/3.13/lib/python3.13/site-packages/urllib3/connectionpool.py", line 841, in urlopen
    retries = retries.increment(
        method, url, error=new_e, _pool=self, _stacktrace=sys.exc_info()[2]
    )
  File "/Library/Frameworks/Python.framework/Versions/3.13/lib/python3.13/site-packages/urllib3/util/retry.py", line 519, in increment
    raise MaxRetryError(_pool, url, reason) from reason  # type: ignore[arg-type]
    ^^^^^^^^^^^^^^^^^^^^^^^^^^^^^^^^^^^^^^^^^^^^^^^^^^^
urllib3.exceptions.MaxRetryError: HTTPSConnectionPool(host='v3-bo.bo-msslot.com', port=443): Max retries exceeded with url: /api/be/finance/get-deposit (Caused by SSLError(SSLEOFError(8, '[SSL: UNEXPECTED_EOF_WHILE_READING] EOF occurred in violation of protocol (_ssl.c:1035)')))

During handling of the above exception, another exception occurred:

Traceback (most recent call last):
  File "/Users/nera_thomas/Desktop/Telemarketing/OTHER.py", line 60, in safe_call
    return func(*args, **kwargs)
  File "/Users/nera_thomas/Desktop/Telemarketing/OTHER.py", line 1473, in deposit_list_PID
    response = requests.post(url, headers=headers, json=payload)
  File "/Library/Frameworks/Python.framework/Versions/3.13/lib/python3.13/site-packages/requests/api.py", line 115, in post
    return request("post", url, data=data, json=json, **kwargs)
  File "/Library/Frameworks/Python.framework/Versions/3.13/lib/python3.13/site-packages/requests/api.py", line 59, in request
    return session.request(method=method, url=url, **kwargs)
           ~~~~~~~~~~~~~~~^^^^^^^^^^^^^^^^^^^^^^^^^^^^^^^^^^
  File "/Library/Frameworks/Python.framework/Versions/3.13/lib/python3.13/site-packages/requests/sessions.py", line 589, in request
    resp = self.send(prep, **send_kwargs)
  File "/Library/Frameworks/Python.framework/Versions/3.13/lib/python3.13/site-packages/requests/sessions.py", line 703, in send
    r = adapter.send(request, **kwargs)
  File "/Library/Frameworks/Python.framework/Versions/3.13/lib/python3.13/site-packages/requests/adapters.py", line 675, in send
    raise SSLError(e, request=request)
requests.exceptions.SSLError: HTTPSConnectionPool(host='v3-bo.bo-msslot.com', port=443): Max retries exceeded with url: /api/be/finance/get-deposit (Caused by SSLError(SSLEOFError(8, '[SSL: UNEXPECTED_EOF_WHILE_READING] EOF occurred in violation of protocol (_ssl.c:1035)')))
2025-11-28 23:46:07,963 [ERROR] Error during N855T deposit list (attempt 2/500)
urllib3.exceptions.SSLError: [SSL: UNEXPECTED_EOF_WHILE_READING] EOF occurred in violation of protocol (_ssl.c:1035)

The above exception was the direct cause of the following exception:

Traceback (most recent call last):
  File "/Library/Frameworks/Python.framework/Versions/3.13/lib/python3.13/site-packages/requests/adapters.py", line 644, in send
    resp = conn.urlopen(
        method=request.method,
    ...<9 lines>...
        chunked=chunked,
    )
  File "/Library/Frameworks/Python.framework/Versions/3.13/lib/python3.13/site-packages/urllib3/connectionpool.py", line 841, in urlopen
    retries = retries.increment(
        method, url, error=new_e, _pool=self, _stacktrace=sys.exc_info()[2]
    )
  File "/Library/Frameworks/Python.framework/Versions/3.13/lib/python3.13/site-packages/urllib3/util/retry.py", line 519, in increment
    raise MaxRetryError(_pool, url, reason) from reason  # type: ignore[arg-type]
    ^^^^^^^^^^^^^^^^^^^^^^^^^^^^^^^^^^^^^^^^^^^^^^^^^^^
urllib3.exceptions.MaxRetryError: HTTPSConnectionPool(host='v3-bo.f5x3n8v.com', port=443): Max retries exceeded with url: /api/be/finance/get-deposit (Caused by SSLError(SSLEOFError(8, '[SSL: UNEXPECTED_EOF_WHILE_READING] EOF occurred in violation of protocol (_ssl.c:1035)')))

During handling of the above exception, another exception occurred:

Traceback (most recent call last):
  File "/Users/nera_thomas/Desktop/Telemarketing/OTHER.py", line 60, in safe_call
    return func(*args, **kwargs)
  File "/Users/nera_thomas/Desktop/Telemarketing/OTHER.py", line 1473, in deposit_list_PID
    response = requests.post(url, headers=headers, json=payload)
  File "/Library/Frameworks/Python.framework/Versions/3.13/lib/python3.13/site-packages/requests/api.py", line 115, in post
    return request("post", url, data=data, json=json, **kwargs)
  File "/Library/Frameworks/Python.framework/Versions/3.13/lib/python3.13/site-packages/requests/api.py", line 59, in request
    return session.request(method=method, url=url, **kwargs)
           ~~~~~~~~~~~~~~~^^^^^^^^^^^^^^^^^^^^^^^^^^^^^^^^^^
  File "/Library/Frameworks/Python.framework/Versions/3.13/lib/python3.13/site-packages/requests/sessions.py", line 589, in request
    resp = self.send(prep, **send_kwargs)
  File "/Library/Frameworks/Python.framework/Versions/3.13/lib/python3.13/site-packages/requests/sessions.py", line 703, in send
    r = adapter.send(request, **kwargs)
  File "/Library/Frameworks/Python.framework/Versions/3.13/lib/python3.13/site-packages/requests/adapters.py", line 675, in send
    raise SSLError(e, request=request)
requests.exceptions.SSLError: HTTPSConnectionPool(host='v3-bo.f5x3n8v.com', port=443): Max retries exceeded with url: /api/be/finance/get-deposit (Caused by SSLError(SSLEOFError(8, '[SSL: UNEXPECTED_EOF_WHILE_READING] EOF occurred in violation of protocol (_ssl.c:1035)')))
2025-11-28 23:50:24,631 [ERROR] Error during MST deposit list (attempt 2/500)
Traceback (most recent call last):
  File "/Library/Frameworks/Python.framework/Versions/3.13/lib/python3.13/site-packages/pymongo/pool_shared.py", line 496, in _configured_socket_interface
    ssl_sock = ssl_context.wrap_socket(sock, server_hostname=host)
  File "/Library/Frameworks/Python.framework/Versions/3.13/lib/python3.13/site-packages/pymongo/pyopenssl_context.py", line 412, in wrap_socket
    ssl_conn.do_handshake()
    ~~~~~~~~~~~~~~~~~~~~~^^
  File "/Library/Frameworks/Python.framework/Versions/3.13/lib/python3.13/site-packages/pymongo/pyopenssl_context.py", line 149, in do_handshake
    return self._call(super().do_handshake, *args, **kwargs)
           ~~~~~~~~~~^^^^^^^^^^^^^^^^^^^^^^^^^^^^^^^^^^^^^^^
  File "/Library/Frameworks/Python.framework/Versions/3.13/lib/python3.13/site-packages/pymongo/pyopenssl_context.py", line 124, in _call
    return call(*args, **kwargs)
  File "/Library/Frameworks/Python.framework/Versions/3.13/lib/python3.13/site-packages/OpenSSL/SSL.py", line 2414, in do_handshake
    self._raise_ssl_error(self._ssl, result)
    ~~~~~~~~~~~~~~~~~~~~~^^^^^^^^^^^^^^^^^^^
  File "/Library/Frameworks/Python.framework/Versions/3.13/lib/python3.13/site-packages/OpenSSL/SSL.py", line 2014, in _raise_ssl_error
    raise SysCallError(errno, errorcode.get(errno))
OpenSSL.SSL.SysCallError: (54, 'ECONNRESET')

The above exception was the direct cause of the following exception:

Traceback (most recent call last):
  File "/Users/nera_thomas/Desktop/Telemarketing/OTHER.py", line 60, in safe_call
    return func(*args, **kwargs)
  File "/Users/nera_thomas/Desktop/Telemarketing/OTHER.py", line 1494, in deposit_list_PID
    cls.mongodbAPI_DL_PID(data["data"], collection)
    ~~~~~~~~~~~~~~~~~~~~~^^^^^^^^^^^^^^^^^^^^^^^^^^
  File "/Users/nera_thomas/Desktop/Telemarketing/OTHER.py", line 533, in mongodbAPI_DL_PID
    collection.create_index(
    ~~~~~~~~~~~~~~~~~~~~~~~^
        [("player_id", 1), ("amount", 1), ("completed_at", 1)],
        ^^^^^^^^^^^^^^^^^^^^^^^^^^^^^^^^^^^^^^^^^^^^^^^^^^^^^^^
        unique=True
        ^^^^^^^^^^^
    )
    ^
  File "/Library/Frameworks/Python.framework/Versions/3.13/lib/python3.13/site-packages/pymongo/synchronous/collection.py", line 2387, in create_index
    return (self._create_indexes([index], session, **cmd_options))[0]
            ~~~~~~~~~~~~~~~~~~~~^^^^^^^^^^^^^^^^^^^^^^^^^^^^^^^^^
  File "/Library/Frameworks/Python.framework/Versions/3.13/lib/python3.13/site-packages/pymongo/_csot.py", line 125, in csot_wrapper
    return func(self, *args, **kwargs)
  File "/Library/Frameworks/Python.framework/Versions/3.13/lib/python3.13/site-packages/pymongo/synchronous/collection.py", line 2240, in _create_indexes
    with self._conn_for_writes(session, operation=_Op.CREATE_INDEXES) as conn:
         ~~~~~~~~~~~~~~~~~~~~~^^^^^^^^^^^^^^^^^^^^^^^^^^^^^^^^^^^^^^^
  File "/Library/Frameworks/Python.framework/Versions/3.13/lib/python3.13/contextlib.py", line 141, in __enter__
    return next(self.gen)
  File "/Library/Frameworks/Python.framework/Versions/3.13/lib/python3.13/site-packages/pymongo/synchronous/mongo_client.py", line 1777, in _checkout
    with server.checkout(handler=err_handler) as conn:
         ~~~~~~~~~~~~~~~^^^^^^^^^^^^^^^^^^^^^
  File "/Library/Frameworks/Python.framework/Versions/3.13/lib/python3.13/contextlib.py", line 141, in __enter__
    return next(self.gen)
  File "/Library/Frameworks/Python.framework/Versions/3.13/lib/python3.13/site-packages/pymongo/synchronous/pool.py", line 1118, in checkout
    conn = self._get_conn(checkout_started_time, handler=handler)
  File "/Library/Frameworks/Python.framework/Versions/3.13/lib/python3.13/site-packages/pymongo/synchronous/pool.py", line 1280, in _get_conn
    conn = self.connect(handler=handler)
  File "/Library/Frameworks/Python.framework/Versions/3.13/lib/python3.13/site-packages/pymongo/synchronous/pool.py", line 1032, in connect
    networking_interface = _configured_socket_interface(self.address, self.opts)
  File "/Library/Frameworks/Python.framework/Versions/3.13/lib/python3.13/site-packages/pymongo/pool_shared.py", line 510, in _configured_socket_interface
    _raise_connection_failure(address, exc, "SSL handshake failed: ", timeout_details=details)
    ~~~~~~~~~~~~~~~~~~~~~~~~~^^^^^^^^^^^^^^^^^^^^^^^^^^^^^^^^^^^^^^^^^^^^^^^^^^^^^^^^^^^^^^^^^
  File "/Library/Frameworks/Python.framework/Versions/3.13/lib/python3.13/site-packages/pymongo/pool_shared.py", line 150, in _raise_connection_failure
    raise AutoReconnect(msg) from error
pymongo.errors.AutoReconnect: SSL handshake failed: ac-xfzdix9-shard-00-01.kqgprz4.mongodb.net:27017: (54, 'ECONNRESET') (configured timeouts: connectTimeoutMS: 20000.0ms)
2025-11-29 10:25:43,498 [ERROR] Error during SSBO 9T deposit list (attempt 1/500)
Traceback (most recent call last):
  File "/Users/nera_thomas/Desktop/Telemarketing/OTHER.py", line 60, in safe_call
    return func(*args, **kwargs)
  File "/Users/nera_thomas/Desktop/Telemarketing/OTHER.py", line 1855, in ssbo_deposit_list_PID
    cls.upload_to_google_sheet_ssbo_DL_PID(collection, gs_id, gs_tab, start_column, end_column)
    ~~~~~~~~~~~~~~~~~~~~~~~~~~~~~~~~~~~~~~^^^^^^^^^^^^^^^^^^^^^^^^^^^^^^^^^^^^^^^^^^^^^^^^^^^^^
  File "/Users/nera_thomas/Desktop/Telemarketing/OTHER.py", line 473, in upload_to_google_sheet_ssbo_DL_PID
    first_empty_row = cls._find_first_empty_row(
                      ^^^^^^^^^^^^^^^^^^^^^^^^^
AttributeError: type object 'Fetch' has no attribute '_find_first_empty_row'
2025-11-29 10:26:51,902 [ERROR] Error during SSBO 9T deposit list (attempt 2/500)
Traceback (most recent call last):
  File "/Users/nera_thomas/Desktop/Telemarketing/OTHER.py", line 60, in safe_call
    return func(*args, **kwargs)
  File "/Users/nera_thomas/Desktop/Telemarketing/OTHER.py", line 1855, in ssbo_deposit_list_PID
    cls.upload_to_google_sheet_ssbo_DL_PID(collection, gs_id, gs_tab, start_column, end_column)
    ~~~~~~~~~~~~~~~~~~~~~~~~~~~~~~~~~~~~~~^^^^^^^^^^^^^^^^^^^^^^^^^^^^^^^^^^^^^^^^^^^^^^^^^^^^^
  File "/Users/nera_thomas/Desktop/Telemarketing/OTHER.py", line 473, in upload_to_google_sheet_ssbo_DL_PID
    first_empty_row = cls._find_first_empty_row(
                      ^^^^^^^^^^^^^^^^^^^^^^^^^
AttributeError: type object 'Fetch' has no attribute '_find_first_empty_row'
2025-11-29 10:27:59,670 [ERROR] Error during SSBO 9T deposit list (attempt 3/500)
Traceback (most recent call last):
  File "/Users/nera_thomas/Desktop/Telemarketing/OTHER.py", line 60, in safe_call
    return func(*args, **kwargs)
  File "/Users/nera_thomas/Desktop/Telemarketing/OTHER.py", line 1855, in ssbo_deposit_list_PID
    cls.upload_to_google_sheet_ssbo_DL_PID(collection, gs_id, gs_tab, start_column, end_column)
    ~~~~~~~~~~~~~~~~~~~~~~~~~~~~~~~~~~~~~~^^^^^^^^^^^^^^^^^^^^^^^^^^^^^^^^^^^^^^^^^^^^^^^^^^^^^
  File "/Users/nera_thomas/Desktop/Telemarketing/OTHER.py", line 473, in upload_to_google_sheet_ssbo_DL_PID
    first_empty_row = cls._find_first_empty_row(
                      ^^^^^^^^^^^^^^^^^^^^^^^^^
AttributeError: type object 'Fetch' has no attribute '_find_first_empty_row'
2025-11-29 10:29:08,232 [ERROR] Error during SSBO 9T deposit list (attempt 4/500)
Traceback (most recent call last):
  File "/Users/nera_thomas/Desktop/Telemarketing/OTHER.py", line 60, in safe_call
    return func(*args, **kwargs)
  File "/Users/nera_thomas/Desktop/Telemarketing/OTHER.py", line 1855, in ssbo_deposit_list_PID
    cls.upload_to_google_sheet_ssbo_DL_PID(collection, gs_id, gs_tab, start_column, end_column)
    ~~~~~~~~~~~~~~~~~~~~~~~~~~~~~~~~~~~~~~^^^^^^^^^^^^^^^^^^^^^^^^^^^^^^^^^^^^^^^^^^^^^^^^^^^^^
  File "/Users/nera_thomas/Desktop/Telemarketing/OTHER.py", line 473, in upload_to_google_sheet_ssbo_DL_PID
    first_empty_row = cls._find_first_empty_row(
                      ^^^^^^^^^^^^^^^^^^^^^^^^^
AttributeError: type object 'Fetch' has no attribute '_find_first_empty_row'
2025-11-29 10:30:15,619 [ERROR] Error during SSBO 9T deposit list (attempt 5/500)
Traceback (most recent call last):
  File "/Users/nera_thomas/Desktop/Telemarketing/OTHER.py", line 60, in safe_call
    return func(*args, **kwargs)
  File "/Users/nera_thomas/Desktop/Telemarketing/OTHER.py", line 1855, in ssbo_deposit_list_PID
    cls.upload_to_google_sheet_ssbo_DL_PID(collection, gs_id, gs_tab, start_column, end_column)
    ~~~~~~~~~~~~~~~~~~~~~~~~~~~~~~~~~~~~~~^^^^^^^^^^^^^^^^^^^^^^^^^^^^^^^^^^^^^^^^^^^^^^^^^^^^^
  File "/Users/nera_thomas/Desktop/Telemarketing/OTHER.py", line 473, in upload_to_google_sheet_ssbo_DL_PID
    first_empty_row = cls._find_first_empty_row(
                      ^^^^^^^^^^^^^^^^^^^^^^^^^
AttributeError: type object 'Fetch' has no attribute '_find_first_empty_row'
2025-11-29 10:32:31,463 [ERROR] Error during SSBO 9T deposit list (attempt 1/500)
Traceback (most recent call last):
  File "/Users/nera_thomas/Desktop/Telemarketing/OTHER.py", line 60, in safe_call
    return func(*args, **kwargs)
  File "/Users/nera_thomas/Desktop/Telemarketing/OTHER.py", line 1855, in ssbo_deposit_list_PID
    cls.upload_to_google_sheet_ssbo_DL_PID(collection, gs_id, gs_tab, start_column, end_column)
    ~~~~~~~~~~~~~~~~~~~~~~~~~~~~~~~~~~~~~~^^^^^^^^^^^^^^^^^^^^^^^^^^^^^^^^^^^^^^^^^^^^^^^^^^^^^
  File "/Users/nera_thomas/Desktop/Telemarketing/OTHER.py", line 473, in upload_to_google_sheet_ssbo_DL_PID
    first_empty_row = cls._find_first_empty_row(
                      ^^^^^^^^^^^^^^^^^^^^^^^^^
AttributeError: type object 'Fetch' has no attribute '_find_first_empty_row'
2025-11-29 10:32:37,735 [ERROR] Error during SSBO 9T deposit list (attempt 1/500)
Traceback (most recent call last):
  File "/Users/nera_thomas/Desktop/Telemarketing/OTHER.py", line 60, in safe_call
    return func(*args, **kwargs)
  File "/Users/nera_thomas/Desktop/Telemarketing/OTHER.py", line 1855, in ssbo_deposit_list_PID
    cls.upload_to_google_sheet_ssbo_DL_PID(collection, gs_id, gs_tab, start_column, end_column)
    ~~~~~~~~~~~~~~~~~~~~~~~~~~~~~~~~~~~~~~^^^^^^^^^^^^^^^^^^^^^^^^^^^^^^^^^^^^^^^^^^^^^^^^^^^^^
  File "/Users/nera_thomas/Desktop/Telemarketing/OTHER.py", line 473, in upload_to_google_sheet_ssbo_DL_PID
    first_empty_row = cls._find_first_empty_row(
                      ^^^^^^^^^^^^^^^^^^^^^^^^^
AttributeError: type object 'Fetch' has no attribute '_find_first_empty_row'
2025-11-29 10:35:31,725 [ERROR] Error during SSBO 9T deposit list (attempt 1/500)
Traceback (most recent call last):
  File "/Users/nera_thomas/Desktop/Telemarketing/OTHER.py", line 60, in safe_call
    return func(*args, **kwargs)
  File "/Users/nera_thomas/Desktop/Telemarketing/OTHER.py", line 1855, in ssbo_deposit_list_PID
  File "/Users/nera_thomas/Desktop/Telemarketing/OTHER.py", line 473, in upload_to_google_sheet_ssbo_DL_PID
    metadata = service.spreadsheets().get(
                      ^^^^^^^^^^^^^^^^^^^^
AttributeError: type object 'Fetch' has no attribute '_find_first_empty_row'
2025-11-29 10:36:39,145 [ERROR] Error during SSBO 9T deposit list (attempt 2/500)
Traceback (most recent call last):
  File "/Users/nera_thomas/Desktop/Telemarketing/OTHER.py", line 60, in safe_call
    return func(*args, **kwargs)
  File "/Users/nera_thomas/Desktop/Telemarketing/OTHER.py", line 1855, in ssbo_deposit_list_PID
  File "/Users/nera_thomas/Desktop/Telemarketing/OTHER.py", line 473, in upload_to_google_sheet_ssbo_DL_PID
    metadata = service.spreadsheets().get(
                      ^^^^^^^^^^^^^^^^^^^^
AttributeError: type object 'Fetch' has no attribute '_find_first_empty_row'
2025-11-29 10:38:46,175 [ERROR] Error during 2WT deposit list (attempt 1/500)
Traceback (most recent call last):
  File "/Users/nera_thomas/Desktop/Telemarketing/OTHER.py", line 60, in safe_call
    return func(*args, **kwargs)
  File "/Users/nera_thomas/Desktop/Telemarketing/OTHER.py", line 1499, in deposit_list_PID
    sheet.values().update(
  File "/Users/nera_thomas/Desktop/Telemarketing/OTHER.py", line 663, in upload_to_google_sheet_DL_PID
    else:
    ^^^
  File "/Library/Frameworks/Python.framework/Versions/3.13/lib/python3.13/site-packages/googleapiclient/_helpers.py", line 130, in positional_wrapper
    return wrapped(*args, **kwargs)
  File "/Library/Frameworks/Python.framework/Versions/3.13/lib/python3.13/site-packages/googleapiclient/http.py", line 938, in execute
    raise HttpError(resp, content, uri=self.uri)
googleapiclient.errors.HttpError: <HttpError 400 when requesting https://sheets.googleapis.com/v4/spreadsheets/11jZfDg6cu9QoA0ec2bfrSF-THQbHDOku1EdwD1rTDNU/values/2WT%20DEPOSIT%20LIST%21A3%3AC?valueInputOption=USER_ENTERED&alt=json returned "This action would increase the number of cells in the workbook above the limit of 10000000 cells.". Details: "This action would increase the number of cells in the workbook above the limit of 10000000 cells.">
2025-11-29 10:39:13,975 [ERROR] Error during M1T deposit list (attempt 1/500)
Traceback (most recent call last):
  File "/Users/nera_thomas/Desktop/Telemarketing/OTHER.py", line 60, in safe_call
    return func(*args, **kwargs)
  File "/Users/nera_thomas/Desktop/Telemarketing/OTHER.py", line 1499, in deposit_list_PID
    sheet.values().update(
  File "/Users/nera_thomas/Desktop/Telemarketing/OTHER.py", line 663, in upload_to_google_sheet_DL_PID
    else:
    ^^^
  File "/Library/Frameworks/Python.framework/Versions/3.13/lib/python3.13/site-packages/googleapiclient/_helpers.py", line 130, in positional_wrapper
    return wrapped(*args, **kwargs)
  File "/Library/Frameworks/Python.framework/Versions/3.13/lib/python3.13/site-packages/googleapiclient/http.py", line 938, in execute
    raise HttpError(resp, content, uri=self.uri)
googleapiclient.errors.HttpError: <HttpError 400 when requesting https://sheets.googleapis.com/v4/spreadsheets/11jZfDg6cu9QoA0ec2bfrSF-THQbHDOku1EdwD1rTDNU/values/M1T%20DEPOSIT%20LIST%21A3%3AC?valueInputOption=USER_ENTERED&alt=json returned "This action would increase the number of cells in the workbook above the limit of 10000000 cells.". Details: "This action would increase the number of cells in the workbook above the limit of 10000000 cells.">
2025-11-29 10:45:54,404 [ERROR] Error during G855T member info (attempt 1/500)
Traceback (most recent call last):
  File "/Users/nera_thomas/Desktop/Telemarketing/OTHER.py", line 60, in safe_call
    return func(*args, **kwargs)
  File "/Users/nera_thomas/Desktop/Telemarketing/OTHER.py", line 2413, in member_info
    return cls.member_info(bo_link, bo_name, team, currency, gmt_time, collection, gs_id, gs_tab)
           ~~~~~~~~~~~~~~~^^^^^^^^^^^^^^^^^^^^^^^^^^^^^^^^^^^^^^^^^^^^^^^^^^^^^^^^^^^^^^^^^^^^^^^
  File "/Users/nera_thomas/Desktop/Telemarketing/OTHER.py", line 2447, in member_info
    mongodb_2_gs.upload_to_google_sheet_MI(collection, gs_id, gs_tab)
    ~~~~~~~~~~~~~~~~~~~~~~~~~~~~~~~~~~~~~~^^^^^^^^^^^^^^^^^^^^^^^^^^^
  File "/Users/nera_thomas/Desktop/Telemarketing/OTHER.py", line 1208, in upload_to_google_sheet_MI
    ).execute()
      ~~~~~~~^^
  File "/Library/Frameworks/Python.framework/Versions/3.13/lib/python3.13/site-packages/googleapiclient/_helpers.py", line 130, in positional_wrapper
    return wrapped(*args, **kwargs)
  File "/Library/Frameworks/Python.framework/Versions/3.13/lib/python3.13/site-packages/googleapiclient/http.py", line 938, in execute
    raise HttpError(resp, content, uri=self.uri)
googleapiclient.errors.HttpError: <HttpError 400 when requesting https://sheets.googleapis.com/v4/spreadsheets/1a0fLQijbC0DgM5Lz9y39sB7qcOBu0dRP3JXidBfqNW8/values/G855T%21A3%3AE?valueInputOption=USER_ENTERED&alt=json returned "This action would increase the number of cells in the workbook above the limit of 10000000 cells.". Details: "This action would increase the number of cells in the workbook above the limit of 10000000 cells.">
2025-11-29 10:48:04,303 [ERROR] Error during G855T member info (attempt 2/500)
Traceback (most recent call last):
  File "/Users/nera_thomas/Desktop/Telemarketing/OTHER.py", line 60, in safe_call
    return func(*args, **kwargs)
  File "/Users/nera_thomas/Desktop/Telemarketing/OTHER.py", line 2447, in member_info
    mongodb_2_gs.upload_to_google_sheet_MI(collection, gs_id, gs_tab)
    ~~~~~~~~~~~~~~~~~~~~~~~~~~~~~~~~~~~~~~^^^^^^^^^^^^^^^^^^^^^^^^^^^
  File "/Users/nera_thomas/Desktop/Telemarketing/OTHER.py", line 1208, in upload_to_google_sheet_MI
    ).execute()
      ~~~~~~~^^
  File "/Library/Frameworks/Python.framework/Versions/3.13/lib/python3.13/site-packages/googleapiclient/_helpers.py", line 130, in positional_wrapper
    return wrapped(*args, **kwargs)
  File "/Library/Frameworks/Python.framework/Versions/3.13/lib/python3.13/site-packages/googleapiclient/http.py", line 938, in execute
    raise HttpError(resp, content, uri=self.uri)
googleapiclient.errors.HttpError: <HttpError 400 when requesting https://sheets.googleapis.com/v4/spreadsheets/1a0fLQijbC0DgM5Lz9y39sB7qcOBu0dRP3JXidBfqNW8/values/G855T%21A3%3AE?valueInputOption=USER_ENTERED&alt=json returned "This action would increase the number of cells in the workbook above the limit of 10000000 cells.". Details: "This action would increase the number of cells in the workbook above the limit of 10000000 cells.">
2025-11-29 10:48:48,463 [ERROR] Error during I8T member info (attempt 1/500)
Traceback (most recent call last):
  File "/Users/nera_thomas/Desktop/Telemarketing/OTHER.py", line 60, in safe_call
    return func(*args, **kwargs)
  File "/Users/nera_thomas/Desktop/Telemarketing/OTHER.py", line 2404, in member_info
    cls._get_cookies(
    ~~~~~~~~~~~~~~~~^
        bo_link,
        ^^^^^^^^
    ...<3 lines>...
        f"/Users/nera_thomas/Desktop/Telemarketing/get_cookies/{bo_link}.json"
        ^^^^^^^^^^^^^^^^^^^^^^^^^^^^^^^^^^^^^^^^^^^^^^^^^^^^^^^^^^^^^^^^^^^^^^
    )
    ^
  File "/Users/nera_thomas/Desktop/Telemarketing/OTHER.py", line 1572, in _get_cookies
    page.wait_for_selector("//span[normalize-space()='Dashboard']", state="visible", timeout=300000)
    ~~~~~~~~~~~~~~~~~~~~~~^^^^^^^^^^^^^^^^^^^^^^^^^^^^^^^^^^^^^^^^^^^^^^^^^^^^^^^^^^^^^^^^^^^^^^^^^^
  File "/Library/Frameworks/Python.framework/Versions/3.13/lib/python3.13/site-packages/playwright/sync_api/_generated.py", line 8182, in wait_for_selector
    self._sync(
    ~~~~~~~~~~^
        self._impl_obj.wait_for_selector(
        ^^^^^^^^^^^^^^^^^^^^^^^^^^^^^^^^^
            selector=selector, timeout=timeout, state=state, strict=strict
            ^^^^^^^^^^^^^^^^^^^^^^^^^^^^^^^^^^^^^^^^^^^^^^^^^^^^^^^^^^^^^^
        )
        ^
    )
    ^
  File "/Library/Frameworks/Python.framework/Versions/3.13/lib/python3.13/site-packages/playwright/_impl/_sync_base.py", line 115, in _sync
    return task.result()
           ~~~~~~~~~~~^^
  File "/Library/Frameworks/Python.framework/Versions/3.13/lib/python3.13/site-packages/playwright/_impl/_page.py", line 423, in wait_for_selector
    return await self._main_frame.wait_for_selector(**locals_to_params(locals()))
           ^^^^^^^^^^^^^^^^^^^^^^^^^^^^^^^^^^^^^^^^^^^^^^^^^^^^^^^^^^^^^^^^^^^^^^
  File "/Library/Frameworks/Python.framework/Versions/3.13/lib/python3.13/site-packages/playwright/_impl/_frame.py", line 369, in wait_for_selector
    await self._channel.send(
        "waitForSelector", self._timeout, locals_to_params(locals())
    )
  File "/Library/Frameworks/Python.framework/Versions/3.13/lib/python3.13/site-packages/playwright/_impl/_connection.py", line 69, in send
    return await self._connection.wrap_api_call(
           ^^^^^^^^^^^^^^^^^^^^^^^^^^^^^^^^^^^^^
    ...<3 lines>...
    )
    ^
  File "/Library/Frameworks/Python.framework/Versions/3.13/lib/python3.13/site-packages/playwright/_impl/_connection.py", line 558, in wrap_api_call
    raise rewrite_error(error, f"{parsed_st['apiName']}: {error}") from None
playwright._impl._errors.TargetClosedError: Page.wait_for_selector: Target page, context or browser has been closed
Call log:
  - waiting for locator("//span[normalize-space()='Dashboard']") to be visible

2025-11-29 10:56:36,280 [ERROR] Error during S8T deposit list (attempt 1/500)
Traceback (most recent call last):
  File "/Users/nera_thomas/Desktop/Telemarketing/OTHER.py", line 60, in safe_call
    return func(*args, **kwargs)
  File "/Users/nera_thomas/Desktop/Telemarketing/OTHER.py", line 1499, in deposit_list_PID
    sheet.values().update(
  File "/Users/nera_thomas/Desktop/Telemarketing/OTHER.py", line 663, in upload_to_google_sheet_DL_PID
    else:
    ^^^
  File "/Library/Frameworks/Python.framework/Versions/3.13/lib/python3.13/site-packages/googleapiclient/_helpers.py", line 130, in positional_wrapper
    return wrapped(*args, **kwargs)
  File "/Library/Frameworks/Python.framework/Versions/3.13/lib/python3.13/site-packages/googleapiclient/http.py", line 938, in execute
    raise HttpError(resp, content, uri=self.uri)
googleapiclient.errors.HttpError: <HttpError 400 when requesting https://sheets.googleapis.com/v4/spreadsheets/11jZfDg6cu9QoA0ec2bfrSF-THQbHDOku1EdwD1rTDNU/values/S8T%20DEPOSIT%20LIST%21A3%3AC?valueInputOption=USER_ENTERED&alt=json returned "This action would increase the number of cells in the workbook above the limit of 10000000 cells.". Details: "This action would increase the number of cells in the workbook above the limit of 10000000 cells.">
2025-11-29 11:02:56,338 [ERROR] Error during SSBO 9T member info (attempt 1/500)
Traceback (most recent call last):
  File "/Users/nera_thomas/Desktop/Telemarketing/OTHER.py", line 60, in safe_call
    return func(*args, **kwargs)
  File "/Users/nera_thomas/Desktop/Telemarketing/OTHER.py", line 2317, in ssbo_member_info
    cls.upload_to_google_sheet_ssbo_MI(collection, gs_id, gs_tab, extra_mongo_collections=extra_mongo_collections)
    ~~~~~~~~~~~~~~~~~~~~~~~~~~~~~~~~~~^^^^^^^^^^^^^^^^^^^^^^^^^^^^^^^^^^^^^^^^^^^^^^^^^^^^^^^^^^^^^^^^^^^^^^^^^^^^
  File "/Users/nera_thomas/Desktop/Telemarketing/OTHER.py", line 1504, in upload_to_google_sheet_ssbo_MI
    ).execute()
      ~~~~~~~^^
  File "/Library/Frameworks/Python.framework/Versions/3.13/lib/python3.13/site-packages/googleapiclient/_helpers.py", line 130, in positional_wrapper
    return wrapped(*args, **kwargs)
  File "/Library/Frameworks/Python.framework/Versions/3.13/lib/python3.13/site-packages/googleapiclient/http.py", line 938, in execute
    raise HttpError(resp, content, uri=self.uri)
googleapiclient.errors.HttpError: <HttpError 404 when requesting https://sheets.googleapis.com/v4/spreadsheets/11a0fLQijbC0DgM5Lz9y39sB7qcOBu0dRP3JXidBfqNW8/values/%279T%27%21A3%3AE?valueInputOption=USER_ENTERED&alt=json returned "Requested entity was not found.". Details: "Requested entity was not found.">
2025-11-29 11:03:21,421 [ERROR] Error during A8R member info (attempt 1/500)
Traceback (most recent call last):
  File "/Users/nera_thomas/Desktop/Telemarketing/OTHER.py", line 60, in safe_call
    return func(*args, **kwargs)
  File "/Users/nera_thomas/Desktop/Telemarketing/OTHER.py", line 2447, in member_info
    mongodb_2_gs.upload_to_google_sheet_MI(collection, gs_id, gs_tab)
    ~~~~~~~~~~~~~~~~~~~~~~~~~~~~~~~~~~~~~~^^^^^^^^^^^^^^^^^^^^^^^^^^^
  File "/Users/nera_thomas/Desktop/Telemarketing/OTHER.py", line 1208, in upload_to_google_sheet_MI
    ).execute()
      ~~~~~~~^^
  File "/Library/Frameworks/Python.framework/Versions/3.13/lib/python3.13/site-packages/googleapiclient/_helpers.py", line 130, in positional_wrapper
    return wrapped(*args, **kwargs)
  File "/Library/Frameworks/Python.framework/Versions/3.13/lib/python3.13/site-packages/googleapiclient/http.py", line 938, in execute
    raise HttpError(resp, content, uri=self.uri)
googleapiclient.errors.HttpError: <HttpError 400 when requesting https://sheets.googleapis.com/v4/spreadsheets/1a0fLQijbC0DgM5Lz9y39sB7qcOBu0dRP3JXidBfqNW8/values/A8R%21A3%3AE?valueInputOption=USER_ENTERED&alt=json returned "This action would increase the number of cells in the workbook above the limit of 10000000 cells.". Details: "This action would increase the number of cells in the workbook above the limit of 10000000 cells.">
2025-11-29 11:04:36,684 [ERROR] Error during SSBO 9T member info (attempt 1/500)
Traceback (most recent call last):
  File "/Users/nera_thomas/Desktop/Telemarketing/OTHER.py", line 60, in safe_call
    return func(*args, **kwargs)
  File "/Users/nera_thomas/Desktop/Telemarketing/OTHER.py", line 2317, in ssbo_member_info
    cls.upload_to_google_sheet_ssbo_MI(collection, gs_id, gs_tab, extra_mongo_collections=extra_mongo_collections)
    ~~~~~~~~~~~~~~~~~~~~~~~~~~~~~~~~~~^^^^^^^^^^^^^^^^^^^^^^^^^^^^^^^^^^^^^^^^^^^^^^^^^^^^^^^^^^^^^^^^^^^^^^^^^^^^
  File "/Users/nera_thomas/Desktop/Telemarketing/OTHER.py", line 1504, in upload_to_google_sheet_ssbo_MI
    ).execute()
      ~~~~~~~^^
  File "/Library/Frameworks/Python.framework/Versions/3.13/lib/python3.13/site-packages/googleapiclient/_helpers.py", line 130, in positional_wrapper
    return wrapped(*args, **kwargs)
  File "/Library/Frameworks/Python.framework/Versions/3.13/lib/python3.13/site-packages/googleapiclient/http.py", line 938, in execute
    raise HttpError(resp, content, uri=self.uri)
googleapiclient.errors.HttpError: <HttpError 404 when requesting https://sheets.googleapis.com/v4/spreadsheets/11a0fLQijbC0DgM5Lz9y39sB7qcOBu0dRP3JXidBfqNW8/values/%279T%27%21A3%3AE?valueInputOption=USER_ENTERED&alt=json returned "Requested entity was not found.". Details: "Requested entity was not found.">
2025-11-29 11:22:19,574 [ERROR] Error during I8T deposit list (attempt 1/500)
Traceback (most recent call last):
  File "/Library/Frameworks/Python.framework/Versions/3.13/lib/python3.13/site-packages/urllib3/connectionpool.py", line 787, in urlopen
    response = self._make_request(
        conn,
    ...<10 lines>...
        **response_kw,
    )
  File "/Library/Frameworks/Python.framework/Versions/3.13/lib/python3.13/site-packages/urllib3/connectionpool.py", line 534, in _make_request
    response = conn.getresponse()
  File "/Library/Frameworks/Python.framework/Versions/3.13/lib/python3.13/site-packages/urllib3/connection.py", line 565, in getresponse
    httplib_response = super().getresponse()
  File "/Library/Frameworks/Python.framework/Versions/3.13/lib/python3.13/http/client.py", line 1430, in getresponse
    response.begin()
    ~~~~~~~~~~~~~~^^
  File "/Library/Frameworks/Python.framework/Versions/3.13/lib/python3.13/http/client.py", line 331, in begin
    version, status, reason = self._read_status()
                              ~~~~~~~~~~~~~~~~~^^
  File "/Library/Frameworks/Python.framework/Versions/3.13/lib/python3.13/http/client.py", line 300, in _read_status
    raise RemoteDisconnected("Remote end closed connection without"
                             " response")
http.client.RemoteDisconnected: Remote end closed connection without response

The above exception was the direct cause of the following exception:

urllib3.exceptions.ProxyError: ('Unable to connect to proxy', RemoteDisconnected('Remote end closed connection without response'))

The above exception was the direct cause of the following exception:

Traceback (most recent call last):
  File "/Library/Frameworks/Python.framework/Versions/3.13/lib/python3.13/site-packages/requests/adapters.py", line 644, in send
    resp = conn.urlopen(
        method=request.method,
    ...<9 lines>...
        chunked=chunked,
    )
  File "/Library/Frameworks/Python.framework/Versions/3.13/lib/python3.13/site-packages/urllib3/connectionpool.py", line 841, in urlopen
    retries = retries.increment(
        method, url, error=new_e, _pool=self, _stacktrace=sys.exc_info()[2]
    )
  File "/Library/Frameworks/Python.framework/Versions/3.13/lib/python3.13/site-packages/urllib3/util/retry.py", line 519, in increment
    raise MaxRetryError(_pool, url, reason) from reason  # type: ignore[arg-type]
    ^^^^^^^^^^^^^^^^^^^^^^^^^^^^^^^^^^^^^^^^^^^^^^^^^^^
urllib3.exceptions.MaxRetryError: HTTPSConnectionPool(host='v3-bo.i828.asia', port=443): Max retries exceeded with url: /api/be/finance/get-deposit (Caused by ProxyError('Unable to connect to proxy', RemoteDisconnected('Remote end closed connection without response')))

During handling of the above exception, another exception occurred:

Traceback (most recent call last):
  File "/Users/nera_thomas/Desktop/Telemarketing/OTHER.py", line 60, in safe_call
    return func(*args, **kwargs)
  File "/Users/nera_thomas/Desktop/Telemarketing/OTHER.py", line 1704, in deposit_list_PID
    response = requests.post(url, headers=headers, json=payload)
  File "/Library/Frameworks/Python.framework/Versions/3.13/lib/python3.13/site-packages/requests/api.py", line 115, in post
    return request("post", url, data=data, json=json, **kwargs)
  File "/Library/Frameworks/Python.framework/Versions/3.13/lib/python3.13/site-packages/requests/api.py", line 59, in request
    return session.request(method=method, url=url, **kwargs)
           ~~~~~~~~~~~~~~~^^^^^^^^^^^^^^^^^^^^^^^^^^^^^^^^^^
  File "/Library/Frameworks/Python.framework/Versions/3.13/lib/python3.13/site-packages/requests/sessions.py", line 589, in request
    resp = self.send(prep, **send_kwargs)
  File "/Library/Frameworks/Python.framework/Versions/3.13/lib/python3.13/site-packages/requests/sessions.py", line 703, in send
    r = adapter.send(request, **kwargs)
  File "/Library/Frameworks/Python.framework/Versions/3.13/lib/python3.13/site-packages/requests/adapters.py", line 671, in send
    raise ProxyError(e, request=request)
requests.exceptions.ProxyError: HTTPSConnectionPool(host='v3-bo.i828.asia', port=443): Max retries exceeded with url: /api/be/finance/get-deposit (Caused by ProxyError('Unable to connect to proxy', RemoteDisconnected('Remote end closed connection without response')))
2025-11-29 11:22:20,816 [ERROR] Error during J8T deposit list (attempt 1/500)
Traceback (most recent call last):
  File "/Library/Frameworks/Python.framework/Versions/3.13/lib/python3.13/site-packages/urllib3/connectionpool.py", line 787, in urlopen
    response = self._make_request(
        conn,
    ...<10 lines>...
        **response_kw,
    )
  File "/Library/Frameworks/Python.framework/Versions/3.13/lib/python3.13/site-packages/urllib3/connectionpool.py", line 534, in _make_request
    response = conn.getresponse()
  File "/Library/Frameworks/Python.framework/Versions/3.13/lib/python3.13/site-packages/urllib3/connection.py", line 565, in getresponse
    httplib_response = super().getresponse()
  File "/Library/Frameworks/Python.framework/Versions/3.13/lib/python3.13/http/client.py", line 1430, in getresponse
    response.begin()
    ~~~~~~~~~~~~~~^^
  File "/Library/Frameworks/Python.framework/Versions/3.13/lib/python3.13/http/client.py", line 331, in begin
    version, status, reason = self._read_status()
                              ~~~~~~~~~~~~~~~~~^^
  File "/Library/Frameworks/Python.framework/Versions/3.13/lib/python3.13/http/client.py", line 300, in _read_status
    raise RemoteDisconnected("Remote end closed connection without"
                             " response")
http.client.RemoteDisconnected: Remote end closed connection without response

The above exception was the direct cause of the following exception:

urllib3.exceptions.ProxyError: ('Unable to connect to proxy', RemoteDisconnected('Remote end closed connection without response'))

The above exception was the direct cause of the following exception:

Traceback (most recent call last):
  File "/Library/Frameworks/Python.framework/Versions/3.13/lib/python3.13/site-packages/requests/adapters.py", line 644, in send
    resp = conn.urlopen(
        method=request.method,
    ...<9 lines>...
        chunked=chunked,
    )
  File "/Library/Frameworks/Python.framework/Versions/3.13/lib/python3.13/site-packages/urllib3/connectionpool.py", line 841, in urlopen
    retries = retries.increment(
        method, url, error=new_e, _pool=self, _stacktrace=sys.exc_info()[2]
    )
  File "/Library/Frameworks/Python.framework/Versions/3.13/lib/python3.13/site-packages/urllib3/util/retry.py", line 519, in increment
    raise MaxRetryError(_pool, url, reason) from reason  # type: ignore[arg-type]
    ^^^^^^^^^^^^^^^^^^^^^^^^^^^^^^^^^^^^^^^^^^^^^^^^^^^
urllib3.exceptions.MaxRetryError: HTTPSConnectionPool(host='v3-bo.jw8bo.com', port=443): Max retries exceeded with url: /api/be/finance/get-deposit (Caused by ProxyError('Unable to connect to proxy', RemoteDisconnected('Remote end closed connection without response')))

During handling of the above exception, another exception occurred:

Traceback (most recent call last):
  File "/Users/nera_thomas/Desktop/Telemarketing/OTHER.py", line 60, in safe_call
    return func(*args, **kwargs)
  File "/Users/nera_thomas/Desktop/Telemarketing/OTHER.py", line 1704, in deposit_list_PID
    response = requests.post(url, headers=headers, json=payload)
  File "/Library/Frameworks/Python.framework/Versions/3.13/lib/python3.13/site-packages/requests/api.py", line 115, in post
    return request("post", url, data=data, json=json, **kwargs)
  File "/Library/Frameworks/Python.framework/Versions/3.13/lib/python3.13/site-packages/requests/api.py", line 59, in request
    return session.request(method=method, url=url, **kwargs)
           ~~~~~~~~~~~~~~~^^^^^^^^^^^^^^^^^^^^^^^^^^^^^^^^^^
  File "/Library/Frameworks/Python.framework/Versions/3.13/lib/python3.13/site-packages/requests/sessions.py", line 589, in request
    resp = self.send(prep, **send_kwargs)
  File "/Library/Frameworks/Python.framework/Versions/3.13/lib/python3.13/site-packages/requests/sessions.py", line 703, in send
    r = adapter.send(request, **kwargs)
  File "/Library/Frameworks/Python.framework/Versions/3.13/lib/python3.13/site-packages/requests/adapters.py", line 671, in send
    raise ProxyError(e, request=request)
requests.exceptions.ProxyError: HTTPSConnectionPool(host='v3-bo.jw8bo.com', port=443): Max retries exceeded with url: /api/be/finance/get-deposit (Caused by ProxyError('Unable to connect to proxy', RemoteDisconnected('Remote end closed connection without response')))
2025-11-29 11:22:20,915 [ERROR] Error during MST deposit list (attempt 1/500)
Traceback (most recent call last):
  File "/Library/Frameworks/Python.framework/Versions/3.13/lib/python3.13/site-packages/urllib3/response.py", line 779, in _error_catcher
    yield
  File "/Library/Frameworks/Python.framework/Versions/3.13/lib/python3.13/site-packages/urllib3/response.py", line 1251, in read_chunked
    chunk = self._handle_chunk(amt)
  File "/Library/Frameworks/Python.framework/Versions/3.13/lib/python3.13/site-packages/urllib3/response.py", line 1197, in _handle_chunk
    returned_chunk = self._fp._safe_read(self.chunk_left)  # type: ignore[union-attr]
  File "/Library/Frameworks/Python.framework/Versions/3.13/lib/python3.13/http/client.py", line 644, in _safe_read
    raise IncompleteRead(data, amt-len(data))
http.client.IncompleteRead: IncompleteRead(2732 bytes read, 1875 more expected)

The above exception was the direct cause of the following exception:

Traceback (most recent call last):
  File "/Library/Frameworks/Python.framework/Versions/3.13/lib/python3.13/site-packages/requests/models.py", line 820, in generate
    yield from self.raw.stream(chunk_size, decode_content=True)
  File "/Library/Frameworks/Python.framework/Versions/3.13/lib/python3.13/site-packages/urllib3/response.py", line 1088, in stream
    yield from self.read_chunked(amt, decode_content=decode_content)
  File "/Library/Frameworks/Python.framework/Versions/3.13/lib/python3.13/site-packages/urllib3/response.py", line 1231, in read_chunked
    with self._error_catcher():
         ~~~~~~~~~~~~~~~~~~~^^
  File "/Library/Frameworks/Python.framework/Versions/3.13/lib/python3.13/contextlib.py", line 162, in __exit__
    self.gen.throw(value)
    ~~~~~~~~~~~~~~^^^^^^^
  File "/Library/Frameworks/Python.framework/Versions/3.13/lib/python3.13/site-packages/urllib3/response.py", line 806, in _error_catcher
    raise ProtocolError(f"Connection broken: {e!r}", e) from e
urllib3.exceptions.ProtocolError: ('Connection broken: IncompleteRead(2732 bytes read, 1875 more expected)', IncompleteRead(2732 bytes read, 1875 more expected))

During handling of the above exception, another exception occurred:

Traceback (most recent call last):
  File "/Users/nera_thomas/Desktop/Telemarketing/OTHER.py", line 60, in safe_call
    return func(*args, **kwargs)
  File "/Users/nera_thomas/Desktop/Telemarketing/OTHER.py", line 1704, in deposit_list_PID
    response = requests.post(url, headers=headers, json=payload)
  File "/Library/Frameworks/Python.framework/Versions/3.13/lib/python3.13/site-packages/requests/api.py", line 115, in post
    return request("post", url, data=data, json=json, **kwargs)
  File "/Library/Frameworks/Python.framework/Versions/3.13/lib/python3.13/site-packages/requests/api.py", line 59, in request
    return session.request(method=method, url=url, **kwargs)
           ~~~~~~~~~~~~~~~^^^^^^^^^^^^^^^^^^^^^^^^^^^^^^^^^^
  File "/Library/Frameworks/Python.framework/Versions/3.13/lib/python3.13/site-packages/requests/sessions.py", line 589, in request
    resp = self.send(prep, **send_kwargs)
  File "/Library/Frameworks/Python.framework/Versions/3.13/lib/python3.13/site-packages/requests/sessions.py", line 746, in send
    r.content
  File "/Library/Frameworks/Python.framework/Versions/3.13/lib/python3.13/site-packages/requests/models.py", line 902, in content
    self._content = b"".join(self.iter_content(CONTENT_CHUNK_SIZE)) or b""
                    ~~~~~~~~^^^^^^^^^^^^^^^^^^^^^^^^^^^^^^^^^^^^^^^
  File "/Library/Frameworks/Python.framework/Versions/3.13/lib/python3.13/site-packages/requests/models.py", line 822, in generate
    raise ChunkedEncodingError(e)
requests.exceptions.ChunkedEncodingError: ('Connection broken: IncompleteRead(2732 bytes read, 1875 more expected)', IncompleteRead(2732 bytes read, 1875 more expected))
2025-11-29 11:50:19,131 [ERROR] Error during A8V deposit list (attempt 1/500)
urllib3.exceptions.SSLError: [SSL: UNEXPECTED_EOF_WHILE_READING] EOF occurred in violation of protocol (_ssl.c:1035)

The above exception was the direct cause of the following exception:

Traceback (most recent call last):
  File "/Library/Frameworks/Python.framework/Versions/3.13/lib/python3.13/site-packages/requests/adapters.py", line 644, in send
    resp = conn.urlopen(
        method=request.method,
    ...<9 lines>...
        chunked=chunked,
    )
  File "/Library/Frameworks/Python.framework/Versions/3.13/lib/python3.13/site-packages/urllib3/connectionpool.py", line 841, in urlopen
    retries = retries.increment(
        method, url, error=new_e, _pool=self, _stacktrace=sys.exc_info()[2]
    )
  File "/Library/Frameworks/Python.framework/Versions/3.13/lib/python3.13/site-packages/urllib3/util/retry.py", line 519, in increment
    raise MaxRetryError(_pool, url, reason) from reason  # type: ignore[arg-type]
    ^^^^^^^^^^^^^^^^^^^^^^^^^^^^^^^^^^^^^^^^^^^^^^^^^^^
urllib3.exceptions.MaxRetryError: HTTPSConnectionPool(host='v3-bo.aw8bo.com', port=443): Max retries exceeded with url: /api/be/finance/get-deposit (Caused by SSLError(SSLEOFError(8, '[SSL: UNEXPECTED_EOF_WHILE_READING] EOF occurred in violation of protocol (_ssl.c:1035)')))

During handling of the above exception, another exception occurred:

Traceback (most recent call last):
  File "/Users/nera_thomas/Desktop/Telemarketing/OTHER.py", line 60, in safe_call
    return func(*args, **kwargs)
  File "/Users/nera_thomas/Desktop/Telemarketing/OTHER.py", line 1676, in deposit_list_PID
    response = requests.post(url, headers=headers, json=payload)
  File "/Library/Frameworks/Python.framework/Versions/3.13/lib/python3.13/site-packages/requests/api.py", line 115, in post
    return request("post", url, data=data, json=json, **kwargs)
  File "/Library/Frameworks/Python.framework/Versions/3.13/lib/python3.13/site-packages/requests/api.py", line 59, in request
    return session.request(method=method, url=url, **kwargs)
           ~~~~~~~~~~~~~~~^^^^^^^^^^^^^^^^^^^^^^^^^^^^^^^^^^
  File "/Library/Frameworks/Python.framework/Versions/3.13/lib/python3.13/site-packages/requests/sessions.py", line 589, in request
    resp = self.send(prep, **send_kwargs)
  File "/Library/Frameworks/Python.framework/Versions/3.13/lib/python3.13/site-packages/requests/sessions.py", line 703, in send
    r = adapter.send(request, **kwargs)
  File "/Library/Frameworks/Python.framework/Versions/3.13/lib/python3.13/site-packages/requests/adapters.py", line 675, in send
    raise SSLError(e, request=request)
requests.exceptions.SSLError: HTTPSConnectionPool(host='v3-bo.aw8bo.com', port=443): Max retries exceeded with url: /api/be/finance/get-deposit (Caused by SSLError(SSLEOFError(8, '[SSL: UNEXPECTED_EOF_WHILE_READING] EOF occurred in violation of protocol (_ssl.c:1035)')))
2025-11-29 12:08:25,673 [ERROR] Error during A8V deposit list (attempt 1/500)
Traceback (most recent call last):
  File "/Users/nera_thomas/Desktop/Telemarketing/OTHER.py", line 60, in safe_call
    return func(*args, **kwargs)
  File "/Users/nera_thomas/Desktop/Telemarketing/OTHER.py", line 1725, in deposit_list_PID
    cls.mongodbAPI_DL_PID(data["data"], collection)
    ~~~~~~~~~~~~~~~~~~~~~^^^^^^^^^^^^^^^^^^^^^^^^^^
  File "/Users/nera_thomas/Desktop/Telemarketing/OTHER.py", line 779, in mongodbAPI_DL_PID
    player_id = row.get("player_id")
                ^^^^^^^
AttributeError: 'str' object has no attribute 'get'
2025-11-29 12:33:58,793 [ERROR] Error during J8T deposit list (attempt 1/500)
urllib3.exceptions.SSLError: [SSL: UNEXPECTED_EOF_WHILE_READING] EOF occurred in violation of protocol (_ssl.c:1035)

The above exception was the direct cause of the following exception:

Traceback (most recent call last):
  File "/Library/Frameworks/Python.framework/Versions/3.13/lib/python3.13/site-packages/requests/adapters.py", line 644, in send
    resp = conn.urlopen(
        method=request.method,
    ...<9 lines>...
        chunked=chunked,
    )
  File "/Library/Frameworks/Python.framework/Versions/3.13/lib/python3.13/site-packages/urllib3/connectionpool.py", line 841, in urlopen
    retries = retries.increment(
        method, url, error=new_e, _pool=self, _stacktrace=sys.exc_info()[2]
    )
  File "/Library/Frameworks/Python.framework/Versions/3.13/lib/python3.13/site-packages/urllib3/util/retry.py", line 519, in increment
    raise MaxRetryError(_pool, url, reason) from reason  # type: ignore[arg-type]
    ^^^^^^^^^^^^^^^^^^^^^^^^^^^^^^^^^^^^^^^^^^^^^^^^^^^
urllib3.exceptions.MaxRetryError: HTTPSConnectionPool(host='v3-bo.jw8bo.com', port=443): Max retries exceeded with url: /api/be/finance/get-deposit (Caused by SSLError(SSLEOFError(8, '[SSL: UNEXPECTED_EOF_WHILE_READING] EOF occurred in violation of protocol (_ssl.c:1035)')))

During handling of the above exception, another exception occurred:

Traceback (most recent call last):
  File "/Users/nera_thomas/Desktop/Telemarketing/OTHER.py", line 60, in safe_call
    return func(*args, **kwargs)
  File "/Users/nera_thomas/Desktop/Telemarketing/OTHER.py", line 1704, in deposit_list_PID
    response = requests.post(url, headers=headers, json=payload)
  File "/Library/Frameworks/Python.framework/Versions/3.13/lib/python3.13/site-packages/requests/api.py", line 115, in post
    return request("post", url, data=data, json=json, **kwargs)
  File "/Library/Frameworks/Python.framework/Versions/3.13/lib/python3.13/site-packages/requests/api.py", line 59, in request
    return session.request(method=method, url=url, **kwargs)
           ~~~~~~~~~~~~~~~^^^^^^^^^^^^^^^^^^^^^^^^^^^^^^^^^^
  File "/Library/Frameworks/Python.framework/Versions/3.13/lib/python3.13/site-packages/requests/sessions.py", line 589, in request
    resp = self.send(prep, **send_kwargs)
  File "/Library/Frameworks/Python.framework/Versions/3.13/lib/python3.13/site-packages/requests/sessions.py", line 703, in send
    r = adapter.send(request, **kwargs)
  File "/Library/Frameworks/Python.framework/Versions/3.13/lib/python3.13/site-packages/requests/adapters.py", line 675, in send
    raise SSLError(e, request=request)
requests.exceptions.SSLError: HTTPSConnectionPool(host='v3-bo.jw8bo.com', port=443): Max retries exceeded with url: /api/be/finance/get-deposit (Caused by SSLError(SSLEOFError(8, '[SSL: UNEXPECTED_EOF_WHILE_READING] EOF occurred in violation of protocol (_ssl.c:1035)')))
2025-11-29 12:45:40,158 [ERROR] Error during MST deposit list (attempt 1/500)
Traceback (most recent call last):
  File "/Library/Frameworks/Python.framework/Versions/3.13/lib/python3.13/site-packages/pymongo/pool_shared.py", line 496, in _configured_socket_interface
    ssl_sock = ssl_context.wrap_socket(sock, server_hostname=host)
  File "/Library/Frameworks/Python.framework/Versions/3.13/lib/python3.13/site-packages/pymongo/pyopenssl_context.py", line 412, in wrap_socket
    ssl_conn.do_handshake()
    ~~~~~~~~~~~~~~~~~~~~~^^
  File "/Library/Frameworks/Python.framework/Versions/3.13/lib/python3.13/site-packages/pymongo/pyopenssl_context.py", line 149, in do_handshake
    return self._call(super().do_handshake, *args, **kwargs)
           ~~~~~~~~~~^^^^^^^^^^^^^^^^^^^^^^^^^^^^^^^^^^^^^^^
  File "/Library/Frameworks/Python.framework/Versions/3.13/lib/python3.13/site-packages/pymongo/pyopenssl_context.py", line 124, in _call
    return call(*args, **kwargs)
  File "/Library/Frameworks/Python.framework/Versions/3.13/lib/python3.13/site-packages/OpenSSL/SSL.py", line 2414, in do_handshake
    self._raise_ssl_error(self._ssl, result)
    ~~~~~~~~~~~~~~~~~~~~~^^^^^^^^^^^^^^^^^^^
  File "/Library/Frameworks/Python.framework/Versions/3.13/lib/python3.13/site-packages/OpenSSL/SSL.py", line 2014, in _raise_ssl_error
    raise SysCallError(errno, errorcode.get(errno))
OpenSSL.SSL.SysCallError: (54, 'ECONNRESET')

The above exception was the direct cause of the following exception:

Traceback (most recent call last):
  File "/Users/nera_thomas/Desktop/Telemarketing/OTHER.py", line 60, in safe_call
    return func(*args, **kwargs)
  File "/Users/nera_thomas/Desktop/Telemarketing/OTHER.py", line 1725, in deposit_list_PID
    cls.mongodbAPI_DL_PID(data["data"], collection)
    ~~~~~~~~~~~~~~~~~~~~~^^^^^^^^^^^^^^^^^^^^^^^^^^
  File "/Users/nera_thomas/Desktop/Telemarketing/OTHER.py", line 764, in mongodbAPI_DL_PID
    collection.create_index(
    ~~~~~~~~~~~~~~~~~~~~~~~^
        [("player_id", 1), ("amount", 1), ("completed_at", 1)],
        ^^^^^^^^^^^^^^^^^^^^^^^^^^^^^^^^^^^^^^^^^^^^^^^^^^^^^^^
        unique=True
        ^^^^^^^^^^^
    )
    ^
  File "/Library/Frameworks/Python.framework/Versions/3.13/lib/python3.13/site-packages/pymongo/synchronous/collection.py", line 2387, in create_index
    return (self._create_indexes([index], session, **cmd_options))[0]
            ~~~~~~~~~~~~~~~~~~~~^^^^^^^^^^^^^^^^^^^^^^^^^^^^^^^^^
  File "/Library/Frameworks/Python.framework/Versions/3.13/lib/python3.13/site-packages/pymongo/_csot.py", line 125, in csot_wrapper
    return func(self, *args, **kwargs)
  File "/Library/Frameworks/Python.framework/Versions/3.13/lib/python3.13/site-packages/pymongo/synchronous/collection.py", line 2240, in _create_indexes
    with self._conn_for_writes(session, operation=_Op.CREATE_INDEXES) as conn:
         ~~~~~~~~~~~~~~~~~~~~~^^^^^^^^^^^^^^^^^^^^^^^^^^^^^^^^^^^^^^^
  File "/Library/Frameworks/Python.framework/Versions/3.13/lib/python3.13/contextlib.py", line 141, in __enter__
    return next(self.gen)
  File "/Library/Frameworks/Python.framework/Versions/3.13/lib/python3.13/site-packages/pymongo/synchronous/mongo_client.py", line 1777, in _checkout
    with server.checkout(handler=err_handler) as conn:
         ~~~~~~~~~~~~~~~^^^^^^^^^^^^^^^^^^^^^
  File "/Library/Frameworks/Python.framework/Versions/3.13/lib/python3.13/contextlib.py", line 141, in __enter__
    return next(self.gen)
  File "/Library/Frameworks/Python.framework/Versions/3.13/lib/python3.13/site-packages/pymongo/synchronous/pool.py", line 1118, in checkout
    conn = self._get_conn(checkout_started_time, handler=handler)
  File "/Library/Frameworks/Python.framework/Versions/3.13/lib/python3.13/site-packages/pymongo/synchronous/pool.py", line 1280, in _get_conn
    conn = self.connect(handler=handler)
  File "/Library/Frameworks/Python.framework/Versions/3.13/lib/python3.13/site-packages/pymongo/synchronous/pool.py", line 1032, in connect
    networking_interface = _configured_socket_interface(self.address, self.opts)
  File "/Library/Frameworks/Python.framework/Versions/3.13/lib/python3.13/site-packages/pymongo/pool_shared.py", line 510, in _configured_socket_interface
    _raise_connection_failure(address, exc, "SSL handshake failed: ", timeout_details=details)
    ~~~~~~~~~~~~~~~~~~~~~~~~~^^^^^^^^^^^^^^^^^^^^^^^^^^^^^^^^^^^^^^^^^^^^^^^^^^^^^^^^^^^^^^^^^
  File "/Library/Frameworks/Python.framework/Versions/3.13/lib/python3.13/site-packages/pymongo/pool_shared.py", line 150, in _raise_connection_failure
    raise AutoReconnect(msg) from error
pymongo.errors.AutoReconnect: SSL handshake failed: ac-xfzdix9-shard-00-02.kqgprz4.mongodb.net:27017: (54, 'ECONNRESET') (configured timeouts: connectTimeoutMS: 20000.0ms)
2025-11-29 12:53:19,874 [ERROR] Error during MST deposit list (attempt 2/500)
urllib3.exceptions.SSLError: [SSL: UNEXPECTED_EOF_WHILE_READING] EOF occurred in violation of protocol (_ssl.c:1035)

The above exception was the direct cause of the following exception:

Traceback (most recent call last):
  File "/Library/Frameworks/Python.framework/Versions/3.13/lib/python3.13/site-packages/requests/adapters.py", line 644, in send
    resp = conn.urlopen(
        method=request.method,
    ...<9 lines>...
        chunked=chunked,
    )
  File "/Library/Frameworks/Python.framework/Versions/3.13/lib/python3.13/site-packages/urllib3/connectionpool.py", line 841, in urlopen
    retries = retries.increment(
        method, url, error=new_e, _pool=self, _stacktrace=sys.exc_info()[2]
    )
  File "/Library/Frameworks/Python.framework/Versions/3.13/lib/python3.13/site-packages/urllib3/util/retry.py", line 519, in increment
    raise MaxRetryError(_pool, url, reason) from reason  # type: ignore[arg-type]
    ^^^^^^^^^^^^^^^^^^^^^^^^^^^^^^^^^^^^^^^^^^^^^^^^^^^
urllib3.exceptions.MaxRetryError: HTTPSConnectionPool(host='v3-bo.bo-msslot.com', port=443): Max retries exceeded with url: /api/be/finance/get-deposit (Caused by SSLError(SSLEOFError(8, '[SSL: UNEXPECTED_EOF_WHILE_READING] EOF occurred in violation of protocol (_ssl.c:1035)')))

During handling of the above exception, another exception occurred:

Traceback (most recent call last):
  File "/Users/nera_thomas/Desktop/Telemarketing/OTHER.py", line 60, in safe_call
    return func(*args, **kwargs)
  File "/Users/nera_thomas/Desktop/Telemarketing/OTHER.py", line 1704, in deposit_list_PID
    response = requests.post(url, headers=headers, json=payload)
  File "/Library/Frameworks/Python.framework/Versions/3.13/lib/python3.13/site-packages/requests/api.py", line 115, in post
    return request("post", url, data=data, json=json, **kwargs)
  File "/Library/Frameworks/Python.framework/Versions/3.13/lib/python3.13/site-packages/requests/api.py", line 59, in request
    return session.request(method=method, url=url, **kwargs)
           ~~~~~~~~~~~~~~~^^^^^^^^^^^^^^^^^^^^^^^^^^^^^^^^^^
  File "/Library/Frameworks/Python.framework/Versions/3.13/lib/python3.13/site-packages/requests/sessions.py", line 589, in request
    resp = self.send(prep, **send_kwargs)
  File "/Library/Frameworks/Python.framework/Versions/3.13/lib/python3.13/site-packages/requests/sessions.py", line 703, in send
    r = adapter.send(request, **kwargs)
  File "/Library/Frameworks/Python.framework/Versions/3.13/lib/python3.13/site-packages/requests/adapters.py", line 675, in send
    raise SSLError(e, request=request)
requests.exceptions.SSLError: HTTPSConnectionPool(host='v3-bo.bo-msslot.com', port=443): Max retries exceeded with url: /api/be/finance/get-deposit (Caused by SSLError(SSLEOFError(8, '[SSL: UNEXPECTED_EOF_WHILE_READING] EOF occurred in violation of protocol (_ssl.c:1035)')))
2025-11-29 12:56:28,366 [ERROR] Error during I8T deposit list (attempt 1/500)
Traceback (most recent call last):
  File "/Users/nera_thomas/Desktop/Telemarketing/OTHER.py", line 60, in safe_call
    return func(*args, **kwargs)
  File "/Users/nera_thomas/Desktop/Telemarketing/OTHER.py", line 1725, in deposit_list_PID
    cls.mongodbAPI_DL_PID(data["data"], collection)
    ~~~~~~~~~~~~~~~~~~~~~^^^^^^^^^^^^^^^^^^^^^^^^^^
  File "/Users/nera_thomas/Desktop/Telemarketing/OTHER.py", line 779, in mongodbAPI_DL_PID
    player_id = row.get("player_id")
                ^^^^^^^
AttributeError: 'str' object has no attribute 'get'
2025-11-29 13:01:15,654 [ERROR] Error during J8T deposit list (attempt 1/500)
urllib3.exceptions.SSLError: [SSL: UNEXPECTED_EOF_WHILE_READING] EOF occurred in violation of protocol (_ssl.c:1035)

The above exception was the direct cause of the following exception:

Traceback (most recent call last):
  File "/Library/Frameworks/Python.framework/Versions/3.13/lib/python3.13/site-packages/requests/adapters.py", line 644, in send
    resp = conn.urlopen(
        method=request.method,
    ...<9 lines>...
        chunked=chunked,
    )
  File "/Library/Frameworks/Python.framework/Versions/3.13/lib/python3.13/site-packages/urllib3/connectionpool.py", line 841, in urlopen
    retries = retries.increment(
        method, url, error=new_e, _pool=self, _stacktrace=sys.exc_info()[2]
    )
  File "/Library/Frameworks/Python.framework/Versions/3.13/lib/python3.13/site-packages/urllib3/util/retry.py", line 519, in increment
    raise MaxRetryError(_pool, url, reason) from reason  # type: ignore[arg-type]
    ^^^^^^^^^^^^^^^^^^^^^^^^^^^^^^^^^^^^^^^^^^^^^^^^^^^
urllib3.exceptions.MaxRetryError: HTTPSConnectionPool(host='v3-bo.jw8bo.com', port=443): Max retries exceeded with url: /api/be/finance/get-deposit (Caused by SSLError(SSLEOFError(8, '[SSL: UNEXPECTED_EOF_WHILE_READING] EOF occurred in violation of protocol (_ssl.c:1035)')))

During handling of the above exception, another exception occurred:

Traceback (most recent call last):
  File "/Users/nera_thomas/Desktop/Telemarketing/OTHER.py", line 60, in safe_call
    return func(*args, **kwargs)
  File "/Users/nera_thomas/Desktop/Telemarketing/OTHER.py", line 1704, in deposit_list_PID
    response = requests.post(url, headers=headers, json=payload)
  File "/Library/Frameworks/Python.framework/Versions/3.13/lib/python3.13/site-packages/requests/api.py", line 115, in post
    return request("post", url, data=data, json=json, **kwargs)
  File "/Library/Frameworks/Python.framework/Versions/3.13/lib/python3.13/site-packages/requests/api.py", line 59, in request
    return session.request(method=method, url=url, **kwargs)
           ~~~~~~~~~~~~~~~^^^^^^^^^^^^^^^^^^^^^^^^^^^^^^^^^^
  File "/Library/Frameworks/Python.framework/Versions/3.13/lib/python3.13/site-packages/requests/sessions.py", line 589, in request
    resp = self.send(prep, **send_kwargs)
  File "/Library/Frameworks/Python.framework/Versions/3.13/lib/python3.13/site-packages/requests/sessions.py", line 703, in send
    r = adapter.send(request, **kwargs)
  File "/Library/Frameworks/Python.framework/Versions/3.13/lib/python3.13/site-packages/requests/adapters.py", line 675, in send
    raise SSLError(e, request=request)
requests.exceptions.SSLError: HTTPSConnectionPool(host='v3-bo.jw8bo.com', port=443): Max retries exceeded with url: /api/be/finance/get-deposit (Caused by SSLError(SSLEOFError(8, '[SSL: UNEXPECTED_EOF_WHILE_READING] EOF occurred in violation of protocol (_ssl.c:1035)')))
2025-11-29 13:01:15,856 [ERROR] Error during MST deposit list (attempt 3/500)
urllib3.exceptions.SSLError: [SSL: UNEXPECTED_EOF_WHILE_READING] EOF occurred in violation of protocol (_ssl.c:1035)

The above exception was the direct cause of the following exception:

Traceback (most recent call last):
  File "/Library/Frameworks/Python.framework/Versions/3.13/lib/python3.13/site-packages/requests/adapters.py", line 644, in send
    resp = conn.urlopen(
        method=request.method,
    ...<9 lines>...
        chunked=chunked,
    )
  File "/Library/Frameworks/Python.framework/Versions/3.13/lib/python3.13/site-packages/urllib3/connectionpool.py", line 841, in urlopen
    retries = retries.increment(
        method, url, error=new_e, _pool=self, _stacktrace=sys.exc_info()[2]
    )
  File "/Library/Frameworks/Python.framework/Versions/3.13/lib/python3.13/site-packages/urllib3/util/retry.py", line 519, in increment
    raise MaxRetryError(_pool, url, reason) from reason  # type: ignore[arg-type]
    ^^^^^^^^^^^^^^^^^^^^^^^^^^^^^^^^^^^^^^^^^^^^^^^^^^^
urllib3.exceptions.MaxRetryError: HTTPSConnectionPool(host='v3-bo.bo-msslot.com', port=443): Max retries exceeded with url: /api/be/finance/get-deposit (Caused by SSLError(SSLEOFError(8, '[SSL: UNEXPECTED_EOF_WHILE_READING] EOF occurred in violation of protocol (_ssl.c:1035)')))

During handling of the above exception, another exception occurred:

Traceback (most recent call last):
  File "/Users/nera_thomas/Desktop/Telemarketing/OTHER.py", line 60, in safe_call
    return func(*args, **kwargs)
  File "/Users/nera_thomas/Desktop/Telemarketing/OTHER.py", line 1704, in deposit_list_PID
    response = requests.post(url, headers=headers, json=payload)
  File "/Library/Frameworks/Python.framework/Versions/3.13/lib/python3.13/site-packages/requests/api.py", line 115, in post
    return request("post", url, data=data, json=json, **kwargs)
  File "/Library/Frameworks/Python.framework/Versions/3.13/lib/python3.13/site-packages/requests/api.py", line 59, in request
    return session.request(method=method, url=url, **kwargs)
           ~~~~~~~~~~~~~~~^^^^^^^^^^^^^^^^^^^^^^^^^^^^^^^^^^
  File "/Library/Frameworks/Python.framework/Versions/3.13/lib/python3.13/site-packages/requests/sessions.py", line 589, in request
    resp = self.send(prep, **send_kwargs)
  File "/Library/Frameworks/Python.framework/Versions/3.13/lib/python3.13/site-packages/requests/sessions.py", line 703, in send
    r = adapter.send(request, **kwargs)
  File "/Library/Frameworks/Python.framework/Versions/3.13/lib/python3.13/site-packages/requests/adapters.py", line 675, in send
    raise SSLError(e, request=request)
requests.exceptions.SSLError: HTTPSConnectionPool(host='v3-bo.bo-msslot.com', port=443): Max retries exceeded with url: /api/be/finance/get-deposit (Caused by SSLError(SSLEOFError(8, '[SSL: UNEXPECTED_EOF_WHILE_READING] EOF occurred in violation of protocol (_ssl.c:1035)')))
2025-11-29 13:08:42,555 [ERROR] Error during J8T deposit list (attempt 2/500)
urllib3.exceptions.SSLError: [SSL: UNEXPECTED_EOF_WHILE_READING] EOF occurred in violation of protocol (_ssl.c:1035)

The above exception was the direct cause of the following exception:

Traceback (most recent call last):
  File "/Library/Frameworks/Python.framework/Versions/3.13/lib/python3.13/site-packages/requests/adapters.py", line 644, in send
    resp = conn.urlopen(
        method=request.method,
    ...<9 lines>...
        chunked=chunked,
    )
  File "/Library/Frameworks/Python.framework/Versions/3.13/lib/python3.13/site-packages/urllib3/connectionpool.py", line 841, in urlopen
    retries = retries.increment(
        method, url, error=new_e, _pool=self, _stacktrace=sys.exc_info()[2]
    )
  File "/Library/Frameworks/Python.framework/Versions/3.13/lib/python3.13/site-packages/urllib3/util/retry.py", line 519, in increment
    raise MaxRetryError(_pool, url, reason) from reason  # type: ignore[arg-type]
    ^^^^^^^^^^^^^^^^^^^^^^^^^^^^^^^^^^^^^^^^^^^^^^^^^^^
urllib3.exceptions.MaxRetryError: HTTPSConnectionPool(host='v3-bo.jw8bo.com', port=443): Max retries exceeded with url: /api/be/finance/get-deposit (Caused by SSLError(SSLEOFError(8, '[SSL: UNEXPECTED_EOF_WHILE_READING] EOF occurred in violation of protocol (_ssl.c:1035)')))

During handling of the above exception, another exception occurred:

Traceback (most recent call last):
  File "/Users/nera_thomas/Desktop/Telemarketing/OTHER.py", line 60, in safe_call
    return func(*args, **kwargs)
  File "/Users/nera_thomas/Desktop/Telemarketing/OTHER.py", line 1704, in deposit_list_PID
    response = requests.post(url, headers=headers, json=payload)
  File "/Library/Frameworks/Python.framework/Versions/3.13/lib/python3.13/site-packages/requests/api.py", line 115, in post
    return request("post", url, data=data, json=json, **kwargs)
  File "/Library/Frameworks/Python.framework/Versions/3.13/lib/python3.13/site-packages/requests/api.py", line 59, in request
    return session.request(method=method, url=url, **kwargs)
           ~~~~~~~~~~~~~~~^^^^^^^^^^^^^^^^^^^^^^^^^^^^^^^^^^
  File "/Library/Frameworks/Python.framework/Versions/3.13/lib/python3.13/site-packages/requests/sessions.py", line 589, in request
    resp = self.send(prep, **send_kwargs)
  File "/Library/Frameworks/Python.framework/Versions/3.13/lib/python3.13/site-packages/requests/sessions.py", line 703, in send
    r = adapter.send(request, **kwargs)
  File "/Library/Frameworks/Python.framework/Versions/3.13/lib/python3.13/site-packages/requests/adapters.py", line 675, in send
    raise SSLError(e, request=request)
requests.exceptions.SSLError: HTTPSConnectionPool(host='v3-bo.jw8bo.com', port=443): Max retries exceeded with url: /api/be/finance/get-deposit (Caused by SSLError(SSLEOFError(8, '[SSL: UNEXPECTED_EOF_WHILE_READING] EOF occurred in violation of protocol (_ssl.c:1035)')))
2025-11-29 13:08:46,665 [ERROR] Error during I8T deposit list (attempt 2/500)
urllib3.exceptions.SSLError: [SSL: UNEXPECTED_EOF_WHILE_READING] EOF occurred in violation of protocol (_ssl.c:1035)

The above exception was the direct cause of the following exception:

Traceback (most recent call last):
  File "/Library/Frameworks/Python.framework/Versions/3.13/lib/python3.13/site-packages/requests/adapters.py", line 644, in send
    resp = conn.urlopen(
        method=request.method,
    ...<9 lines>...
        chunked=chunked,
    )
  File "/Library/Frameworks/Python.framework/Versions/3.13/lib/python3.13/site-packages/urllib3/connectionpool.py", line 841, in urlopen
    retries = retries.increment(
        method, url, error=new_e, _pool=self, _stacktrace=sys.exc_info()[2]
    )
  File "/Library/Frameworks/Python.framework/Versions/3.13/lib/python3.13/site-packages/urllib3/util/retry.py", line 519, in increment
    raise MaxRetryError(_pool, url, reason) from reason  # type: ignore[arg-type]
    ^^^^^^^^^^^^^^^^^^^^^^^^^^^^^^^^^^^^^^^^^^^^^^^^^^^
urllib3.exceptions.MaxRetryError: HTTPSConnectionPool(host='v3-bo.i828.asia', port=443): Max retries exceeded with url: /api/be/finance/get-deposit (Caused by SSLError(SSLEOFError(8, '[SSL: UNEXPECTED_EOF_WHILE_READING] EOF occurred in violation of protocol (_ssl.c:1035)')))

During handling of the above exception, another exception occurred:

Traceback (most recent call last):
  File "/Users/nera_thomas/Desktop/Telemarketing/OTHER.py", line 60, in safe_call
    return func(*args, **kwargs)
  File "/Users/nera_thomas/Desktop/Telemarketing/OTHER.py", line 1704, in deposit_list_PID
    response = requests.post(url, headers=headers, json=payload)
  File "/Library/Frameworks/Python.framework/Versions/3.13/lib/python3.13/site-packages/requests/api.py", line 115, in post
    return request("post", url, data=data, json=json, **kwargs)
  File "/Library/Frameworks/Python.framework/Versions/3.13/lib/python3.13/site-packages/requests/api.py", line 59, in request
    return session.request(method=method, url=url, **kwargs)
           ~~~~~~~~~~~~~~~^^^^^^^^^^^^^^^^^^^^^^^^^^^^^^^^^^
  File "/Library/Frameworks/Python.framework/Versions/3.13/lib/python3.13/site-packages/requests/sessions.py", line 589, in request
    resp = self.send(prep, **send_kwargs)
  File "/Library/Frameworks/Python.framework/Versions/3.13/lib/python3.13/site-packages/requests/sessions.py", line 703, in send
    r = adapter.send(request, **kwargs)
  File "/Library/Frameworks/Python.framework/Versions/3.13/lib/python3.13/site-packages/requests/adapters.py", line 675, in send
    raise SSLError(e, request=request)
requests.exceptions.SSLError: HTTPSConnectionPool(host='v3-bo.i828.asia', port=443): Max retries exceeded with url: /api/be/finance/get-deposit (Caused by SSLError(SSLEOFError(8, '[SSL: UNEXPECTED_EOF_WHILE_READING] EOF occurred in violation of protocol (_ssl.c:1035)')))
2025-11-29 13:10:32,320 [ERROR] Error during J8T deposit list (attempt 3/500)
urllib3.exceptions.SSLError: [SSL: UNEXPECTED_EOF_WHILE_READING] EOF occurred in violation of protocol (_ssl.c:1035)

The above exception was the direct cause of the following exception:

Traceback (most recent call last):
  File "/Library/Frameworks/Python.framework/Versions/3.13/lib/python3.13/site-packages/requests/adapters.py", line 644, in send
    resp = conn.urlopen(
        method=request.method,
    ...<9 lines>...
        chunked=chunked,
    )
  File "/Library/Frameworks/Python.framework/Versions/3.13/lib/python3.13/site-packages/urllib3/connectionpool.py", line 841, in urlopen
    retries = retries.increment(
        method, url, error=new_e, _pool=self, _stacktrace=sys.exc_info()[2]
    )
  File "/Library/Frameworks/Python.framework/Versions/3.13/lib/python3.13/site-packages/urllib3/util/retry.py", line 519, in increment
    raise MaxRetryError(_pool, url, reason) from reason  # type: ignore[arg-type]
    ^^^^^^^^^^^^^^^^^^^^^^^^^^^^^^^^^^^^^^^^^^^^^^^^^^^
urllib3.exceptions.MaxRetryError: HTTPSConnectionPool(host='v3-bo.jw8bo.com', port=443): Max retries exceeded with url: /api/be/finance/get-deposit (Caused by SSLError(SSLEOFError(8, '[SSL: UNEXPECTED_EOF_WHILE_READING] EOF occurred in violation of protocol (_ssl.c:1035)')))

During handling of the above exception, another exception occurred:

Traceback (most recent call last):
  File "/Users/nera_thomas/Desktop/Telemarketing/OTHER.py", line 60, in safe_call
    return func(*args, **kwargs)
  File "/Users/nera_thomas/Desktop/Telemarketing/OTHER.py", line 1704, in deposit_list_PID
    response = requests.post(url, headers=headers, json=payload)
  File "/Library/Frameworks/Python.framework/Versions/3.13/lib/python3.13/site-packages/requests/api.py", line 115, in post
    return request("post", url, data=data, json=json, **kwargs)
  File "/Library/Frameworks/Python.framework/Versions/3.13/lib/python3.13/site-packages/requests/api.py", line 59, in request
    return session.request(method=method, url=url, **kwargs)
           ~~~~~~~~~~~~~~~^^^^^^^^^^^^^^^^^^^^^^^^^^^^^^^^^^
  File "/Library/Frameworks/Python.framework/Versions/3.13/lib/python3.13/site-packages/requests/sessions.py", line 589, in request
    resp = self.send(prep, **send_kwargs)
  File "/Library/Frameworks/Python.framework/Versions/3.13/lib/python3.13/site-packages/requests/sessions.py", line 703, in send
    r = adapter.send(request, **kwargs)
  File "/Library/Frameworks/Python.framework/Versions/3.13/lib/python3.13/site-packages/requests/adapters.py", line 675, in send
    raise SSLError(e, request=request)
requests.exceptions.SSLError: HTTPSConnectionPool(host='v3-bo.jw8bo.com', port=443): Max retries exceeded with url: /api/be/finance/get-deposit (Caused by SSLError(SSLEOFError(8, '[SSL: UNEXPECTED_EOF_WHILE_READING] EOF occurred in violation of protocol (_ssl.c:1035)')))
2025-11-29 13:10:34,684 [ERROR] Error during I8T deposit list (attempt 3/500)
urllib3.exceptions.SSLError: [SSL: UNEXPECTED_EOF_WHILE_READING] EOF occurred in violation of protocol (_ssl.c:1035)

The above exception was the direct cause of the following exception:

Traceback (most recent call last):
  File "/Library/Frameworks/Python.framework/Versions/3.13/lib/python3.13/site-packages/requests/adapters.py", line 644, in send
    resp = conn.urlopen(
        method=request.method,
    ...<9 lines>...
        chunked=chunked,
    )
  File "/Library/Frameworks/Python.framework/Versions/3.13/lib/python3.13/site-packages/urllib3/connectionpool.py", line 841, in urlopen
    retries = retries.increment(
        method, url, error=new_e, _pool=self, _stacktrace=sys.exc_info()[2]
    )
  File "/Library/Frameworks/Python.framework/Versions/3.13/lib/python3.13/site-packages/urllib3/util/retry.py", line 519, in increment
    raise MaxRetryError(_pool, url, reason) from reason  # type: ignore[arg-type]
    ^^^^^^^^^^^^^^^^^^^^^^^^^^^^^^^^^^^^^^^^^^^^^^^^^^^
urllib3.exceptions.MaxRetryError: HTTPSConnectionPool(host='v3-bo.i828.asia', port=443): Max retries exceeded with url: /api/be/finance/get-deposit (Caused by SSLError(SSLEOFError(8, '[SSL: UNEXPECTED_EOF_WHILE_READING] EOF occurred in violation of protocol (_ssl.c:1035)')))

During handling of the above exception, another exception occurred:

Traceback (most recent call last):
  File "/Users/nera_thomas/Desktop/Telemarketing/OTHER.py", line 60, in safe_call
    return func(*args, **kwargs)
  File "/Users/nera_thomas/Desktop/Telemarketing/OTHER.py", line 1704, in deposit_list_PID
    response = requests.post(url, headers=headers, json=payload)
  File "/Library/Frameworks/Python.framework/Versions/3.13/lib/python3.13/site-packages/requests/api.py", line 115, in post
    return request("post", url, data=data, json=json, **kwargs)
  File "/Library/Frameworks/Python.framework/Versions/3.13/lib/python3.13/site-packages/requests/api.py", line 59, in request
    return session.request(method=method, url=url, **kwargs)
           ~~~~~~~~~~~~~~~^^^^^^^^^^^^^^^^^^^^^^^^^^^^^^^^^^
  File "/Library/Frameworks/Python.framework/Versions/3.13/lib/python3.13/site-packages/requests/sessions.py", line 589, in request
    resp = self.send(prep, **send_kwargs)
  File "/Library/Frameworks/Python.framework/Versions/3.13/lib/python3.13/site-packages/requests/sessions.py", line 703, in send
    r = adapter.send(request, **kwargs)
  File "/Library/Frameworks/Python.framework/Versions/3.13/lib/python3.13/site-packages/requests/adapters.py", line 675, in send
    raise SSLError(e, request=request)
requests.exceptions.SSLError: HTTPSConnectionPool(host='v3-bo.i828.asia', port=443): Max retries exceeded with url: /api/be/finance/get-deposit (Caused by SSLError(SSLEOFError(8, '[SSL: UNEXPECTED_EOF_WHILE_READING] EOF occurred in violation of protocol (_ssl.c:1035)')))
2025-11-29 13:10:37,834 [ERROR] Error during MST deposit list (attempt 4/500)
urllib3.exceptions.SSLError: [SSL: UNEXPECTED_EOF_WHILE_READING] EOF occurred in violation of protocol (_ssl.c:1035)

The above exception was the direct cause of the following exception:

Traceback (most recent call last):
  File "/Library/Frameworks/Python.framework/Versions/3.13/lib/python3.13/site-packages/requests/adapters.py", line 644, in send
    resp = conn.urlopen(
        method=request.method,
    ...<9 lines>...
        chunked=chunked,
    )
  File "/Library/Frameworks/Python.framework/Versions/3.13/lib/python3.13/site-packages/urllib3/connectionpool.py", line 841, in urlopen
    retries = retries.increment(
        method, url, error=new_e, _pool=self, _stacktrace=sys.exc_info()[2]
    )
  File "/Library/Frameworks/Python.framework/Versions/3.13/lib/python3.13/site-packages/urllib3/util/retry.py", line 519, in increment
    raise MaxRetryError(_pool, url, reason) from reason  # type: ignore[arg-type]
    ^^^^^^^^^^^^^^^^^^^^^^^^^^^^^^^^^^^^^^^^^^^^^^^^^^^
urllib3.exceptions.MaxRetryError: HTTPSConnectionPool(host='v3-bo.bo-msslot.com', port=443): Max retries exceeded with url: /api/be/finance/get-deposit (Caused by SSLError(SSLEOFError(8, '[SSL: UNEXPECTED_EOF_WHILE_READING] EOF occurred in violation of protocol (_ssl.c:1035)')))

During handling of the above exception, another exception occurred:

Traceback (most recent call last):
  File "/Users/nera_thomas/Desktop/Telemarketing/OTHER.py", line 60, in safe_call
    return func(*args, **kwargs)
  File "/Users/nera_thomas/Desktop/Telemarketing/OTHER.py", line 1704, in deposit_list_PID
    response = requests.post(url, headers=headers, json=payload)
  File "/Library/Frameworks/Python.framework/Versions/3.13/lib/python3.13/site-packages/requests/api.py", line 115, in post
    return request("post", url, data=data, json=json, **kwargs)
  File "/Library/Frameworks/Python.framework/Versions/3.13/lib/python3.13/site-packages/requests/api.py", line 59, in request
    return session.request(method=method, url=url, **kwargs)
           ~~~~~~~~~~~~~~~^^^^^^^^^^^^^^^^^^^^^^^^^^^^^^^^^^
  File "/Library/Frameworks/Python.framework/Versions/3.13/lib/python3.13/site-packages/requests/sessions.py", line 589, in request
    resp = self.send(prep, **send_kwargs)
  File "/Library/Frameworks/Python.framework/Versions/3.13/lib/python3.13/site-packages/requests/sessions.py", line 703, in send
    r = adapter.send(request, **kwargs)
  File "/Library/Frameworks/Python.framework/Versions/3.13/lib/python3.13/site-packages/requests/adapters.py", line 675, in send
    raise SSLError(e, request=request)
requests.exceptions.SSLError: HTTPSConnectionPool(host='v3-bo.bo-msslot.com', port=443): Max retries exceeded with url: /api/be/finance/get-deposit (Caused by SSLError(SSLEOFError(8, '[SSL: UNEXPECTED_EOF_WHILE_READING] EOF occurred in violation of protocol (_ssl.c:1035)')))
2025-11-29 13:13:47,168 [ERROR] Error during MST deposit list (attempt 5/500)
urllib3.exceptions.SSLError: [SSL: UNEXPECTED_EOF_WHILE_READING] EOF occurred in violation of protocol (_ssl.c:1035)

The above exception was the direct cause of the following exception:

Traceback (most recent call last):
  File "/Library/Frameworks/Python.framework/Versions/3.13/lib/python3.13/site-packages/requests/adapters.py", line 644, in send
    resp = conn.urlopen(
        method=request.method,
    ...<9 lines>...
        chunked=chunked,
    )
  File "/Library/Frameworks/Python.framework/Versions/3.13/lib/python3.13/site-packages/urllib3/connectionpool.py", line 841, in urlopen
    retries = retries.increment(
        method, url, error=new_e, _pool=self, _stacktrace=sys.exc_info()[2]
    )
  File "/Library/Frameworks/Python.framework/Versions/3.13/lib/python3.13/site-packages/urllib3/util/retry.py", line 519, in increment
    raise MaxRetryError(_pool, url, reason) from reason  # type: ignore[arg-type]
    ^^^^^^^^^^^^^^^^^^^^^^^^^^^^^^^^^^^^^^^^^^^^^^^^^^^
urllib3.exceptions.MaxRetryError: HTTPSConnectionPool(host='v3-bo.bo-msslot.com', port=443): Max retries exceeded with url: /api/be/finance/get-deposit (Caused by SSLError(SSLEOFError(8, '[SSL: UNEXPECTED_EOF_WHILE_READING] EOF occurred in violation of protocol (_ssl.c:1035)')))

During handling of the above exception, another exception occurred:

Traceback (most recent call last):
  File "/Users/nera_thomas/Desktop/Telemarketing/OTHER.py", line 60, in safe_call
    return func(*args, **kwargs)
  File "/Users/nera_thomas/Desktop/Telemarketing/OTHER.py", line 1704, in deposit_list_PID
    response = requests.post(url, headers=headers, json=payload)
  File "/Library/Frameworks/Python.framework/Versions/3.13/lib/python3.13/site-packages/requests/api.py", line 115, in post
    return request("post", url, data=data, json=json, **kwargs)
  File "/Library/Frameworks/Python.framework/Versions/3.13/lib/python3.13/site-packages/requests/api.py", line 59, in request
    return session.request(method=method, url=url, **kwargs)
           ~~~~~~~~~~~~~~~^^^^^^^^^^^^^^^^^^^^^^^^^^^^^^^^^^
  File "/Library/Frameworks/Python.framework/Versions/3.13/lib/python3.13/site-packages/requests/sessions.py", line 589, in request
    resp = self.send(prep, **send_kwargs)
  File "/Library/Frameworks/Python.framework/Versions/3.13/lib/python3.13/site-packages/requests/sessions.py", line 703, in send
    r = adapter.send(request, **kwargs)
  File "/Library/Frameworks/Python.framework/Versions/3.13/lib/python3.13/site-packages/requests/adapters.py", line 675, in send
    raise SSLError(e, request=request)
requests.exceptions.SSLError: HTTPSConnectionPool(host='v3-bo.bo-msslot.com', port=443): Max retries exceeded with url: /api/be/finance/get-deposit (Caused by SSLError(SSLEOFError(8, '[SSL: UNEXPECTED_EOF_WHILE_READING] EOF occurred in violation of protocol (_ssl.c:1035)')))
2025-11-29 13:39:29,975 [ERROR] Error during I8T deposit list (attempt 4/500)
urllib3.exceptions.SSLError: [SSL: UNEXPECTED_EOF_WHILE_READING] EOF occurred in violation of protocol (_ssl.c:1035)

The above exception was the direct cause of the following exception:

Traceback (most recent call last):
  File "/Library/Frameworks/Python.framework/Versions/3.13/lib/python3.13/site-packages/requests/adapters.py", line 644, in send
    resp = conn.urlopen(
        method=request.method,
    ...<9 lines>...
        chunked=chunked,
    )
  File "/Library/Frameworks/Python.framework/Versions/3.13/lib/python3.13/site-packages/urllib3/connectionpool.py", line 841, in urlopen
    retries = retries.increment(
        method, url, error=new_e, _pool=self, _stacktrace=sys.exc_info()[2]
    )
  File "/Library/Frameworks/Python.framework/Versions/3.13/lib/python3.13/site-packages/urllib3/util/retry.py", line 519, in increment
    raise MaxRetryError(_pool, url, reason) from reason  # type: ignore[arg-type]
    ^^^^^^^^^^^^^^^^^^^^^^^^^^^^^^^^^^^^^^^^^^^^^^^^^^^
urllib3.exceptions.MaxRetryError: HTTPSConnectionPool(host='v3-bo.i828.asia', port=443): Max retries exceeded with url: /api/be/finance/get-deposit (Caused by SSLError(SSLEOFError(8, '[SSL: UNEXPECTED_EOF_WHILE_READING] EOF occurred in violation of protocol (_ssl.c:1035)')))

During handling of the above exception, another exception occurred:

Traceback (most recent call last):
  File "/Users/nera_thomas/Desktop/Telemarketing/OTHER.py", line 60, in safe_call
    return func(*args, **kwargs)
  File "/Users/nera_thomas/Desktop/Telemarketing/OTHER.py", line 1704, in deposit_list_PID
    response = requests.post(url, headers=headers, json=payload)
  File "/Library/Frameworks/Python.framework/Versions/3.13/lib/python3.13/site-packages/requests/api.py", line 115, in post
    return request("post", url, data=data, json=json, **kwargs)
  File "/Library/Frameworks/Python.framework/Versions/3.13/lib/python3.13/site-packages/requests/api.py", line 59, in request
    return session.request(method=method, url=url, **kwargs)
           ~~~~~~~~~~~~~~~^^^^^^^^^^^^^^^^^^^^^^^^^^^^^^^^^^
  File "/Library/Frameworks/Python.framework/Versions/3.13/lib/python3.13/site-packages/requests/sessions.py", line 589, in request
    resp = self.send(prep, **send_kwargs)
  File "/Library/Frameworks/Python.framework/Versions/3.13/lib/python3.13/site-packages/requests/sessions.py", line 703, in send
    r = adapter.send(request, **kwargs)
  File "/Library/Frameworks/Python.framework/Versions/3.13/lib/python3.13/site-packages/requests/adapters.py", line 675, in send
    raise SSLError(e, request=request)
requests.exceptions.SSLError: HTTPSConnectionPool(host='v3-bo.i828.asia', port=443): Max retries exceeded with url: /api/be/finance/get-deposit (Caused by SSLError(SSLEOFError(8, '[SSL: UNEXPECTED_EOF_WHILE_READING] EOF occurred in violation of protocol (_ssl.c:1035)')))
2025-11-29 13:43:13,390 [ERROR] Error during MST deposit list (attempt 6/500)
urllib3.exceptions.SSLError: [SSL: UNEXPECTED_EOF_WHILE_READING] EOF occurred in violation of protocol (_ssl.c:1035)

The above exception was the direct cause of the following exception:

Traceback (most recent call last):
  File "/Library/Frameworks/Python.framework/Versions/3.13/lib/python3.13/site-packages/requests/adapters.py", line 644, in send
    resp = conn.urlopen(
        method=request.method,
    ...<9 lines>...
        chunked=chunked,
    )
  File "/Library/Frameworks/Python.framework/Versions/3.13/lib/python3.13/site-packages/urllib3/connectionpool.py", line 841, in urlopen
    retries = retries.increment(
        method, url, error=new_e, _pool=self, _stacktrace=sys.exc_info()[2]
    )
  File "/Library/Frameworks/Python.framework/Versions/3.13/lib/python3.13/site-packages/urllib3/util/retry.py", line 519, in increment
    raise MaxRetryError(_pool, url, reason) from reason  # type: ignore[arg-type]
    ^^^^^^^^^^^^^^^^^^^^^^^^^^^^^^^^^^^^^^^^^^^^^^^^^^^
urllib3.exceptions.MaxRetryError: HTTPSConnectionPool(host='v3-bo.bo-msslot.com', port=443): Max retries exceeded with url: /api/be/finance/get-deposit (Caused by SSLError(SSLEOFError(8, '[SSL: UNEXPECTED_EOF_WHILE_READING] EOF occurred in violation of protocol (_ssl.c:1035)')))

During handling of the above exception, another exception occurred:

Traceback (most recent call last):
  File "/Users/nera_thomas/Desktop/Telemarketing/OTHER.py", line 60, in safe_call
    return func(*args, **kwargs)
  File "/Users/nera_thomas/Desktop/Telemarketing/OTHER.py", line 1704, in deposit_list_PID
    response = requests.post(url, headers=headers, json=payload)
  File "/Library/Frameworks/Python.framework/Versions/3.13/lib/python3.13/site-packages/requests/api.py", line 115, in post
    return request("post", url, data=data, json=json, **kwargs)
  File "/Library/Frameworks/Python.framework/Versions/3.13/lib/python3.13/site-packages/requests/api.py", line 59, in request
    return session.request(method=method, url=url, **kwargs)
           ~~~~~~~~~~~~~~~^^^^^^^^^^^^^^^^^^^^^^^^^^^^^^^^^^
  File "/Library/Frameworks/Python.framework/Versions/3.13/lib/python3.13/site-packages/requests/sessions.py", line 589, in request
    resp = self.send(prep, **send_kwargs)
  File "/Library/Frameworks/Python.framework/Versions/3.13/lib/python3.13/site-packages/requests/sessions.py", line 703, in send
    r = adapter.send(request, **kwargs)
  File "/Library/Frameworks/Python.framework/Versions/3.13/lib/python3.13/site-packages/requests/adapters.py", line 675, in send
    raise SSLError(e, request=request)
requests.exceptions.SSLError: HTTPSConnectionPool(host='v3-bo.bo-msslot.com', port=443): Max retries exceeded with url: /api/be/finance/get-deposit (Caused by SSLError(SSLEOFError(8, '[SSL: UNEXPECTED_EOF_WHILE_READING] EOF occurred in violation of protocol (_ssl.c:1035)')))
2025-11-29 13:45:49,374 [ERROR] Error during J8T deposit list (attempt 4/500)
Traceback (most recent call last):
  File "/Library/Frameworks/Python.framework/Versions/3.13/lib/python3.13/site-packages/pymongo/pool_shared.py", line 496, in _configured_socket_interface
    ssl_sock = ssl_context.wrap_socket(sock, server_hostname=host)
  File "/Library/Frameworks/Python.framework/Versions/3.13/lib/python3.13/site-packages/pymongo/pyopenssl_context.py", line 412, in wrap_socket
    ssl_conn.do_handshake()
    ~~~~~~~~~~~~~~~~~~~~~^^
  File "/Library/Frameworks/Python.framework/Versions/3.13/lib/python3.13/site-packages/pymongo/pyopenssl_context.py", line 149, in do_handshake
    return self._call(super().do_handshake, *args, **kwargs)
           ~~~~~~~~~~^^^^^^^^^^^^^^^^^^^^^^^^^^^^^^^^^^^^^^^
  File "/Library/Frameworks/Python.framework/Versions/3.13/lib/python3.13/site-packages/pymongo/pyopenssl_context.py", line 124, in _call
    return call(*args, **kwargs)
  File "/Library/Frameworks/Python.framework/Versions/3.13/lib/python3.13/site-packages/OpenSSL/SSL.py", line 2414, in do_handshake
    self._raise_ssl_error(self._ssl, result)
    ~~~~~~~~~~~~~~~~~~~~~^^^^^^^^^^^^^^^^^^^
  File "/Library/Frameworks/Python.framework/Versions/3.13/lib/python3.13/site-packages/OpenSSL/SSL.py", line 2014, in _raise_ssl_error
    raise SysCallError(errno, errorcode.get(errno))
OpenSSL.SSL.SysCallError: (54, 'ECONNRESET')

The above exception was the direct cause of the following exception:

Traceback (most recent call last):
  File "/Users/nera_thomas/Desktop/Telemarketing/OTHER.py", line 60, in safe_call
    return func(*args, **kwargs)
  File "/Users/nera_thomas/Desktop/Telemarketing/OTHER.py", line 1725, in deposit_list_PID
    cls.mongodbAPI_DL_PID(data["data"], collection)
    ~~~~~~~~~~~~~~~~~~~~~^^^^^^^^^^^^^^^^^^^^^^^^^^
  File "/Users/nera_thomas/Desktop/Telemarketing/OTHER.py", line 764, in mongodbAPI_DL_PID
    collection.create_index(
    ~~~~~~~~~~~~~~~~~~~~~~~^
        [("player_id", 1), ("amount", 1), ("completed_at", 1)],
        ^^^^^^^^^^^^^^^^^^^^^^^^^^^^^^^^^^^^^^^^^^^^^^^^^^^^^^^
        unique=True
        ^^^^^^^^^^^
    )
    ^
  File "/Library/Frameworks/Python.framework/Versions/3.13/lib/python3.13/site-packages/pymongo/synchronous/collection.py", line 2387, in create_index
    return (self._create_indexes([index], session, **cmd_options))[0]
            ~~~~~~~~~~~~~~~~~~~~^^^^^^^^^^^^^^^^^^^^^^^^^^^^^^^^^
  File "/Library/Frameworks/Python.framework/Versions/3.13/lib/python3.13/site-packages/pymongo/_csot.py", line 125, in csot_wrapper
    return func(self, *args, **kwargs)
  File "/Library/Frameworks/Python.framework/Versions/3.13/lib/python3.13/site-packages/pymongo/synchronous/collection.py", line 2240, in _create_indexes
    with self._conn_for_writes(session, operation=_Op.CREATE_INDEXES) as conn:
         ~~~~~~~~~~~~~~~~~~~~~^^^^^^^^^^^^^^^^^^^^^^^^^^^^^^^^^^^^^^^
  File "/Library/Frameworks/Python.framework/Versions/3.13/lib/python3.13/contextlib.py", line 141, in __enter__
    return next(self.gen)
  File "/Library/Frameworks/Python.framework/Versions/3.13/lib/python3.13/site-packages/pymongo/synchronous/mongo_client.py", line 1777, in _checkout
    with server.checkout(handler=err_handler) as conn:
         ~~~~~~~~~~~~~~~^^^^^^^^^^^^^^^^^^^^^
  File "/Library/Frameworks/Python.framework/Versions/3.13/lib/python3.13/contextlib.py", line 141, in __enter__
    return next(self.gen)
  File "/Library/Frameworks/Python.framework/Versions/3.13/lib/python3.13/site-packages/pymongo/synchronous/pool.py", line 1118, in checkout
    conn = self._get_conn(checkout_started_time, handler=handler)
  File "/Library/Frameworks/Python.framework/Versions/3.13/lib/python3.13/site-packages/pymongo/synchronous/pool.py", line 1280, in _get_conn
    conn = self.connect(handler=handler)
  File "/Library/Frameworks/Python.framework/Versions/3.13/lib/python3.13/site-packages/pymongo/synchronous/pool.py", line 1032, in connect
    networking_interface = _configured_socket_interface(self.address, self.opts)
  File "/Library/Frameworks/Python.framework/Versions/3.13/lib/python3.13/site-packages/pymongo/pool_shared.py", line 510, in _configured_socket_interface
    _raise_connection_failure(address, exc, "SSL handshake failed: ", timeout_details=details)
    ~~~~~~~~~~~~~~~~~~~~~~~~~^^^^^^^^^^^^^^^^^^^^^^^^^^^^^^^^^^^^^^^^^^^^^^^^^^^^^^^^^^^^^^^^^
  File "/Library/Frameworks/Python.framework/Versions/3.13/lib/python3.13/site-packages/pymongo/pool_shared.py", line 150, in _raise_connection_failure
    raise AutoReconnect(msg) from error
pymongo.errors.AutoReconnect: SSL handshake failed: ac-xfzdix9-shard-00-02.kqgprz4.mongodb.net:27017: (54, 'ECONNRESET') (configured timeouts: connectTimeoutMS: 20000.0ms)
2025-11-29 13:49:26,169 [ERROR] Error during MST deposit list (attempt 7/500)
urllib3.exceptions.SSLError: [SSL: UNEXPECTED_EOF_WHILE_READING] EOF occurred in violation of protocol (_ssl.c:1035)

The above exception was the direct cause of the following exception:

Traceback (most recent call last):
  File "/Library/Frameworks/Python.framework/Versions/3.13/lib/python3.13/site-packages/requests/adapters.py", line 644, in send
    resp = conn.urlopen(
        method=request.method,
    ...<9 lines>...
        chunked=chunked,
    )
  File "/Library/Frameworks/Python.framework/Versions/3.13/lib/python3.13/site-packages/urllib3/connectionpool.py", line 841, in urlopen
    retries = retries.increment(
        method, url, error=new_e, _pool=self, _stacktrace=sys.exc_info()[2]
    )
  File "/Library/Frameworks/Python.framework/Versions/3.13/lib/python3.13/site-packages/urllib3/util/retry.py", line 519, in increment
    raise MaxRetryError(_pool, url, reason) from reason  # type: ignore[arg-type]
    ^^^^^^^^^^^^^^^^^^^^^^^^^^^^^^^^^^^^^^^^^^^^^^^^^^^
urllib3.exceptions.MaxRetryError: HTTPSConnectionPool(host='v3-bo.bo-msslot.com', port=443): Max retries exceeded with url: /api/be/finance/get-deposit (Caused by SSLError(SSLEOFError(8, '[SSL: UNEXPECTED_EOF_WHILE_READING] EOF occurred in violation of protocol (_ssl.c:1035)')))

During handling of the above exception, another exception occurred:

Traceback (most recent call last):
  File "/Users/nera_thomas/Desktop/Telemarketing/OTHER.py", line 60, in safe_call
    return func(*args, **kwargs)
  File "/Users/nera_thomas/Desktop/Telemarketing/OTHER.py", line 1704, in deposit_list_PID
    response = requests.post(url, headers=headers, json=payload)
  File "/Library/Frameworks/Python.framework/Versions/3.13/lib/python3.13/site-packages/requests/api.py", line 115, in post
    return request("post", url, data=data, json=json, **kwargs)
  File "/Library/Frameworks/Python.framework/Versions/3.13/lib/python3.13/site-packages/requests/api.py", line 59, in request
    return session.request(method=method, url=url, **kwargs)
           ~~~~~~~~~~~~~~~^^^^^^^^^^^^^^^^^^^^^^^^^^^^^^^^^^
  File "/Library/Frameworks/Python.framework/Versions/3.13/lib/python3.13/site-packages/requests/sessions.py", line 589, in request
    resp = self.send(prep, **send_kwargs)
  File "/Library/Frameworks/Python.framework/Versions/3.13/lib/python3.13/site-packages/requests/sessions.py", line 703, in send
    r = adapter.send(request, **kwargs)
  File "/Library/Frameworks/Python.framework/Versions/3.13/lib/python3.13/site-packages/requests/adapters.py", line 675, in send
    raise SSLError(e, request=request)
requests.exceptions.SSLError: HTTPSConnectionPool(host='v3-bo.bo-msslot.com', port=443): Max retries exceeded with url: /api/be/finance/get-deposit (Caused by SSLError(SSLEOFError(8, '[SSL: UNEXPECTED_EOF_WHILE_READING] EOF occurred in violation of protocol (_ssl.c:1035)')))
2025-11-29 13:55:33,802 [ERROR] Error during J8T deposit list (attempt 5/500)
urllib3.exceptions.SSLError: [SSL: UNEXPECTED_EOF_WHILE_READING] EOF occurred in violation of protocol (_ssl.c:1035)

The above exception was the direct cause of the following exception:

Traceback (most recent call last):
  File "/Library/Frameworks/Python.framework/Versions/3.13/lib/python3.13/site-packages/requests/adapters.py", line 644, in send
    resp = conn.urlopen(
        method=request.method,
    ...<9 lines>...
        chunked=chunked,
    )
  File "/Library/Frameworks/Python.framework/Versions/3.13/lib/python3.13/site-packages/urllib3/connectionpool.py", line 841, in urlopen
    retries = retries.increment(
        method, url, error=new_e, _pool=self, _stacktrace=sys.exc_info()[2]
    )
  File "/Library/Frameworks/Python.framework/Versions/3.13/lib/python3.13/site-packages/urllib3/util/retry.py", line 519, in increment
    raise MaxRetryError(_pool, url, reason) from reason  # type: ignore[arg-type]
    ^^^^^^^^^^^^^^^^^^^^^^^^^^^^^^^^^^^^^^^^^^^^^^^^^^^
urllib3.exceptions.MaxRetryError: HTTPSConnectionPool(host='v3-bo.jw8bo.com', port=443): Max retries exceeded with url: /api/be/finance/get-deposit (Caused by SSLError(SSLEOFError(8, '[SSL: UNEXPECTED_EOF_WHILE_READING] EOF occurred in violation of protocol (_ssl.c:1035)')))

During handling of the above exception, another exception occurred:

Traceback (most recent call last):
  File "/Users/nera_thomas/Desktop/Telemarketing/OTHER.py", line 60, in safe_call
    return func(*args, **kwargs)
  File "/Users/nera_thomas/Desktop/Telemarketing/OTHER.py", line 1704, in deposit_list_PID
    response = requests.post(url, headers=headers, json=payload)
  File "/Library/Frameworks/Python.framework/Versions/3.13/lib/python3.13/site-packages/requests/api.py", line 115, in post
    return request("post", url, data=data, json=json, **kwargs)
  File "/Library/Frameworks/Python.framework/Versions/3.13/lib/python3.13/site-packages/requests/api.py", line 59, in request
    return session.request(method=method, url=url, **kwargs)
           ~~~~~~~~~~~~~~~^^^^^^^^^^^^^^^^^^^^^^^^^^^^^^^^^^
  File "/Library/Frameworks/Python.framework/Versions/3.13/lib/python3.13/site-packages/requests/sessions.py", line 589, in request
    resp = self.send(prep, **send_kwargs)
  File "/Library/Frameworks/Python.framework/Versions/3.13/lib/python3.13/site-packages/requests/sessions.py", line 703, in send
    r = adapter.send(request, **kwargs)
  File "/Library/Frameworks/Python.framework/Versions/3.13/lib/python3.13/site-packages/requests/adapters.py", line 675, in send
    raise SSLError(e, request=request)
requests.exceptions.SSLError: HTTPSConnectionPool(host='v3-bo.jw8bo.com', port=443): Max retries exceeded with url: /api/be/finance/get-deposit (Caused by SSLError(SSLEOFError(8, '[SSL: UNEXPECTED_EOF_WHILE_READING] EOF occurred in violation of protocol (_ssl.c:1035)')))
2025-11-29 14:02:51,395 [ERROR] Error during N855T deposit list (attempt 1/500)
urllib3.exceptions.SSLError: [SSL: UNEXPECTED_EOF_WHILE_READING] EOF occurred in violation of protocol (_ssl.c:1035)

The above exception was the direct cause of the following exception:

Traceback (most recent call last):
  File "/Library/Frameworks/Python.framework/Versions/3.13/lib/python3.13/site-packages/requests/adapters.py", line 644, in send
    resp = conn.urlopen(
        method=request.method,
    ...<9 lines>...
        chunked=chunked,
    )
  File "/Library/Frameworks/Python.framework/Versions/3.13/lib/python3.13/site-packages/urllib3/connectionpool.py", line 841, in urlopen
    retries = retries.increment(
        method, url, error=new_e, _pool=self, _stacktrace=sys.exc_info()[2]
    )
  File "/Library/Frameworks/Python.framework/Versions/3.13/lib/python3.13/site-packages/urllib3/util/retry.py", line 519, in increment
    raise MaxRetryError(_pool, url, reason) from reason  # type: ignore[arg-type]
    ^^^^^^^^^^^^^^^^^^^^^^^^^^^^^^^^^^^^^^^^^^^^^^^^^^^
urllib3.exceptions.MaxRetryError: HTTPSConnectionPool(host='v3-bo.f5x3n8v.com', port=443): Max retries exceeded with url: /api/be/finance/get-deposit (Caused by SSLError(SSLEOFError(8, '[SSL: UNEXPECTED_EOF_WHILE_READING] EOF occurred in violation of protocol (_ssl.c:1035)')))

During handling of the above exception, another exception occurred:

Traceback (most recent call last):
  File "/Users/nera_thomas/Desktop/Telemarketing/OTHER.py", line 60, in safe_call
    return func(*args, **kwargs)
  File "/Users/nera_thomas/Desktop/Telemarketing/OTHER.py", line 1704, in deposit_list_PID
    response = requests.post(url, headers=headers, json=payload)
  File "/Library/Frameworks/Python.framework/Versions/3.13/lib/python3.13/site-packages/requests/api.py", line 115, in post
    return request("post", url, data=data, json=json, **kwargs)
  File "/Library/Frameworks/Python.framework/Versions/3.13/lib/python3.13/site-packages/requests/api.py", line 59, in request
    return session.request(method=method, url=url, **kwargs)
           ~~~~~~~~~~~~~~~^^^^^^^^^^^^^^^^^^^^^^^^^^^^^^^^^^
  File "/Library/Frameworks/Python.framework/Versions/3.13/lib/python3.13/site-packages/requests/sessions.py", line 589, in request
    resp = self.send(prep, **send_kwargs)
  File "/Library/Frameworks/Python.framework/Versions/3.13/lib/python3.13/site-packages/requests/sessions.py", line 703, in send
    r = adapter.send(request, **kwargs)
  File "/Library/Frameworks/Python.framework/Versions/3.13/lib/python3.13/site-packages/requests/adapters.py", line 675, in send
    raise SSLError(e, request=request)
requests.exceptions.SSLError: HTTPSConnectionPool(host='v3-bo.f5x3n8v.com', port=443): Max retries exceeded with url: /api/be/finance/get-deposit (Caused by SSLError(SSLEOFError(8, '[SSL: UNEXPECTED_EOF_WHILE_READING] EOF occurred in violation of protocol (_ssl.c:1035)')))
2025-11-29 14:12:26,208 [ERROR] Error during S369T deposit list (attempt 1/500)
urllib3.exceptions.SSLError: [SSL: UNEXPECTED_EOF_WHILE_READING] EOF occurred in violation of protocol (_ssl.c:1035)

The above exception was the direct cause of the following exception:

Traceback (most recent call last):
  File "/Library/Frameworks/Python.framework/Versions/3.13/lib/python3.13/site-packages/requests/adapters.py", line 644, in send
    resp = conn.urlopen(
        method=request.method,
    ...<9 lines>...
        chunked=chunked,
    )
  File "/Library/Frameworks/Python.framework/Versions/3.13/lib/python3.13/site-packages/urllib3/connectionpool.py", line 841, in urlopen
    retries = retries.increment(
        method, url, error=new_e, _pool=self, _stacktrace=sys.exc_info()[2]
    )
  File "/Library/Frameworks/Python.framework/Versions/3.13/lib/python3.13/site-packages/urllib3/util/retry.py", line 519, in increment
    raise MaxRetryError(_pool, url, reason) from reason  # type: ignore[arg-type]
    ^^^^^^^^^^^^^^^^^^^^^^^^^^^^^^^^^^^^^^^^^^^^^^^^^^^
urllib3.exceptions.MaxRetryError: HTTPSConnectionPool(host='v3-bo.uhy3umx.com', port=443): Max retries exceeded with url: /api/be/finance/get-deposit (Caused by SSLError(SSLEOFError(8, '[SSL: UNEXPECTED_EOF_WHILE_READING] EOF occurred in violation of protocol (_ssl.c:1035)')))

During handling of the above exception, another exception occurred:

Traceback (most recent call last):
  File "/Users/nera_thomas/Desktop/Telemarketing/OTHER.py", line 60, in safe_call
    return func(*args, **kwargs)
  File "/Users/nera_thomas/Desktop/Telemarketing/OTHER.py", line 1704, in deposit_list_PID
    response = requests.post(url, headers=headers, json=payload)
  File "/Library/Frameworks/Python.framework/Versions/3.13/lib/python3.13/site-packages/requests/api.py", line 115, in post
    return request("post", url, data=data, json=json, **kwargs)
  File "/Library/Frameworks/Python.framework/Versions/3.13/lib/python3.13/site-packages/requests/api.py", line 59, in request
    return session.request(method=method, url=url, **kwargs)
           ~~~~~~~~~~~~~~~^^^^^^^^^^^^^^^^^^^^^^^^^^^^^^^^^^
  File "/Library/Frameworks/Python.framework/Versions/3.13/lib/python3.13/site-packages/requests/sessions.py", line 589, in request
    resp = self.send(prep, **send_kwargs)
  File "/Library/Frameworks/Python.framework/Versions/3.13/lib/python3.13/site-packages/requests/sessions.py", line 703, in send
    r = adapter.send(request, **kwargs)
  File "/Library/Frameworks/Python.framework/Versions/3.13/lib/python3.13/site-packages/requests/adapters.py", line 675, in send
    raise SSLError(e, request=request)
requests.exceptions.SSLError: HTTPSConnectionPool(host='v3-bo.uhy3umx.com', port=443): Max retries exceeded with url: /api/be/finance/get-deposit (Caused by SSLError(SSLEOFError(8, '[SSL: UNEXPECTED_EOF_WHILE_READING] EOF occurred in violation of protocol (_ssl.c:1035)')))
2025-11-29 14:13:10,609 [ERROR] Error during I8T deposit list (attempt 1/500)
urllib3.exceptions.SSLError: [SSL: UNEXPECTED_EOF_WHILE_READING] EOF occurred in violation of protocol (_ssl.c:1035)

The above exception was the direct cause of the following exception:

Traceback (most recent call last):
  File "/Library/Frameworks/Python.framework/Versions/3.13/lib/python3.13/site-packages/requests/adapters.py", line 644, in send
    resp = conn.urlopen(
        method=request.method,
    ...<9 lines>...
        chunked=chunked,
    )
  File "/Library/Frameworks/Python.framework/Versions/3.13/lib/python3.13/site-packages/urllib3/connectionpool.py", line 841, in urlopen
    retries = retries.increment(
        method, url, error=new_e, _pool=self, _stacktrace=sys.exc_info()[2]
    )
  File "/Library/Frameworks/Python.framework/Versions/3.13/lib/python3.13/site-packages/urllib3/util/retry.py", line 519, in increment
    raise MaxRetryError(_pool, url, reason) from reason  # type: ignore[arg-type]
    ^^^^^^^^^^^^^^^^^^^^^^^^^^^^^^^^^^^^^^^^^^^^^^^^^^^
urllib3.exceptions.MaxRetryError: HTTPSConnectionPool(host='v3-bo.i828.asia', port=443): Max retries exceeded with url: /api/be/finance/get-deposit (Caused by SSLError(SSLEOFError(8, '[SSL: UNEXPECTED_EOF_WHILE_READING] EOF occurred in violation of protocol (_ssl.c:1035)')))

During handling of the above exception, another exception occurred:

Traceback (most recent call last):
  File "/Users/nera_thomas/Desktop/Telemarketing/OTHER.py", line 60, in safe_call
    return func(*args, **kwargs)
  File "/Users/nera_thomas/Desktop/Telemarketing/OTHER.py", line 1704, in deposit_list_PID
    response = requests.post(url, headers=headers, json=payload)
  File "/Library/Frameworks/Python.framework/Versions/3.13/lib/python3.13/site-packages/requests/api.py", line 115, in post
    return request("post", url, data=data, json=json, **kwargs)
  File "/Library/Frameworks/Python.framework/Versions/3.13/lib/python3.13/site-packages/requests/api.py", line 59, in request
    return session.request(method=method, url=url, **kwargs)
           ~~~~~~~~~~~~~~~^^^^^^^^^^^^^^^^^^^^^^^^^^^^^^^^^^
  File "/Library/Frameworks/Python.framework/Versions/3.13/lib/python3.13/site-packages/requests/sessions.py", line 589, in request
    resp = self.send(prep, **send_kwargs)
  File "/Library/Frameworks/Python.framework/Versions/3.13/lib/python3.13/site-packages/requests/sessions.py", line 703, in send
    r = adapter.send(request, **kwargs)
  File "/Library/Frameworks/Python.framework/Versions/3.13/lib/python3.13/site-packages/requests/adapters.py", line 675, in send
    raise SSLError(e, request=request)
requests.exceptions.SSLError: HTTPSConnectionPool(host='v3-bo.i828.asia', port=443): Max retries exceeded with url: /api/be/finance/get-deposit (Caused by SSLError(SSLEOFError(8, '[SSL: UNEXPECTED_EOF_WHILE_READING] EOF occurred in violation of protocol (_ssl.c:1035)')))
