2025-11-24 18:43:21,540 [ERROR] Unexpected error; retrying in 60 seconds.
Traceback (most recent call last):
  File "/Users/nera_thomas/Desktop/Telemarketing/UM_US.py", line 3007, in <module>
    Fetch.ftd_stdReport("29018465.asia", "uea8", "MYR", "+08:00", "UM_FTD_STD", "1kp3WplRQJt79CTsq8fKcRc9N5f58I3xo1sxVHt_7SD0", "UM STD", "A", "E")
    ~~~~~~~~~~~~~~~~~~~^^^^^^^^^^^^^^^^^^^^^^^^^^^^^^^^^^^^^^^^^^^^^^^^^^^^^^^^^^^^^^^^^^^^^^^^^^^^^^^^^^^^^^^^^^^^^^^^^^^^^^^^^^^^^^^^^^^^^^^^^^^^
TypeError: Fetch.ftd_stdReport() takes 8 positional arguments but 10 were given
2025-11-24 18:44:22,210 [ERROR] Unexpected error; retrying in 60 seconds.
Traceback (most recent call last):
  File "/Users/nera_thomas/Desktop/Telemarketing/UM_US.py", line 3007, in <module>
    Fetch.ftd_stdReport("29018465.asia", "uea8", "MYR", "+08:00", "UM_FTD_STD", "1kp3WplRQJt79CTsq8fKcRc9N5f58I3xo1sxVHt_7SD0", "UM STD", "A", "E")
    ~~~~~~~~~~~~~~~~~~~^^^^^^^^^^^^^^^^^^^^^^^^^^^^^^^^^^^^^^^^^^^^^^^^^^^^^^^^^^^^^^^^^^^^^^^^^^^^^^^^^^^^^^^^^^^^^^^^^^^^^^^^^^^^^^^^^^^^^^^^^^^^
TypeError: Fetch.ftd_stdReport() takes 8 positional arguments but 10 were given
2025-11-24 18:45:22,900 [ERROR] Unexpected error; retrying in 60 seconds.
Traceback (most recent call last):
  File "/Users/nera_thomas/Desktop/Telemarketing/UM_US.py", line 3007, in <module>
    Fetch.ftd_stdReport("29018465.asia", "uea8", "MYR", "+08:00", "UM_FTD_STD", "1kp3WplRQJt79CTsq8fKcRc9N5f58I3xo1sxVHt_7SD0", "UM STD", "A", "E")
    ~~~~~~~~~~~~~~~~~~~^^^^^^^^^^^^^^^^^^^^^^^^^^^^^^^^^^^^^^^^^^^^^^^^^^^^^^^^^^^^^^^^^^^^^^^^^^^^^^^^^^^^^^^^^^^^^^^^^^^^^^^^^^^^^^^^^^^^^^^^^^^^
TypeError: Fetch.ftd_stdReport() takes 8 positional arguments but 10 were given
2025-11-24 18:47:39,648 [ERROR] Unexpected error; retrying in 60 seconds.
Traceback (most recent call last):
  File "/Users/nera_thomas/Desktop/Telemarketing/UM_US.py", line 3007, in <module>
    Fetch.ftd_stdReport("29018465.asia", "uea8", "MYR", "+08:00", "UM_FTD_STD", "1kp3WplRQJt79CTsq8fKcRc9N5f58I3xo1sxVHt_7SD0", "UM STD", "A", "E")
    ~~~~~~~~~~~~~~~~~~~^^^^^^^^^^^^^^^^^^^^^^^^^^^^^^^^^^^^^^^^^^^^^^^^^^^^^^^^^^^^^^^^^^^^^^^^^^^^^^^^^^^^^^^^^^^^^^^^^^^^^^^^^^^^^^^^^^^^^^^^^^^^
TypeError: Fetch.ftd_stdReport() takes 7 positional arguments but 10 were given
2025-11-24 18:48:40,328 [ERROR] Unexpected error; retrying in 60 seconds.
Traceback (most recent call last):
  File "/Users/nera_thomas/Desktop/Telemarketing/UM_US.py", line 3007, in <module>
    Fetch.ftd_stdReport("29018465.asia", "uea8", "MYR", "+08:00", "UM_FTD_STD", "1kp3WplRQJt79CTsq8fKcRc9N5f58I3xo1sxVHt_7SD0", "UM STD", "A", "E")
    ~~~~~~~~~~~~~~~~~~~^^^^^^^^^^^^^^^^^^^^^^^^^^^^^^^^^^^^^^^^^^^^^^^^^^^^^^^^^^^^^^^^^^^^^^^^^^^^^^^^^^^^^^^^^^^^^^^^^^^^^^^^^^^^^^^^^^^^^^^^^^^^
TypeError: Fetch.ftd_stdReport() takes 7 positional arguments but 10 were given
2025-11-24 19:08:26,873 [ERROR] Unexpected error; retrying in 60 seconds.
Traceback (most recent call last):
  File "/Users/nera_thomas/Desktop/Telemarketing/UM_US.py", line 2926, in <module>
    Fetch.ftd_stdReport("29018465.asia", "uea8", "MYR", "+08:00", "UM_FTD_STD", "1kp3WplRQJt79CTsq8fKcRc9N5f58I3xo1sxVHt_7SD0", "UM STD", "A", "E")
    ~~~~~~~~~~~~~~~~~~~^^^^^^^^^^^^^^^^^^^^^^^^^^^^^^^^^^^^^^^^^^^^^^^^^^^^^^^^^^^^^^^^^^^^^^^^^^^^^^^^^^^^^^^^^^^^^^^^^^^^^^^^^^^^^^^^^^^^^^^^^^^^
TypeError: Fetch.ftd_stdReport() takes from 8 to 9 positional arguments but 10 were given
2025-11-24 19:09:19,744 [ERROR] Unexpected error; retrying in 60 seconds.
Traceback (most recent call last):
  File "/Users/nera_thomas/Desktop/Telemarketing/UM_US.py", line 2926, in <module>
    Fetch.ftd_stdReport("29018465.asia", "uea8", "MYR", "+08:00", "UM_FTD_STD", "1kp3WplRQJt79CTsq8fKcRc9N5f58I3xo1sxVHt_7SD0", "UM STD")
    ~~~~~~~~~~~~~~~~~~~^^^^^^^^^^^^^^^^^^^^^^^^^^^^^^^^^^^^^^^^^^^^^^^^^^^^^^^^^^^^^^^^^^^^^^^^^^^^^^^^^^^^^^^^^^^^^^^^^^^^^^^^^^^^^^^^^^
  File "/Users/nera_thomas/Desktop/Telemarketing/UM_US.py", line 1952, in ftd_stdReport
    with open(fr"C:\Users\User19\Desktop\Telemarketing\get_cookies\{bo_name}_cookies.json", "r", encoding="utf-8") as f:
         ~~~~^^^^^^^^^^^^^^^^^^^^^^^^^^^^^^^^^^^^^^^^^^^^^^^^^^^^^^^^^^^^^^^^^^^^^^^^^^^^^^^^^^^^^^^^^^^^^^^^^^^^^
FileNotFoundError: [Errno 2] No such file or directory: 'C:\\Users\\User19\\Desktop\\Telemarketing\\get_cookies\\uea8_cookies.json'
2025-11-24 19:10:20,412 [ERROR] Unexpected error; retrying in 60 seconds.
Traceback (most recent call last):
  File "/Users/nera_thomas/Desktop/Telemarketing/UM_US.py", line 2926, in <module>
    Fetch.ftd_stdReport("29018465.asia", "uea8", "MYR", "+08:00", "UM_FTD_STD", "1kp3WplRQJt79CTsq8fKcRc9N5f58I3xo1sxVHt_7SD0", "UM STD")
    ~~~~~~~~~~~~~~~~~~~^^^^^^^^^^^^^^^^^^^^^^^^^^^^^^^^^^^^^^^^^^^^^^^^^^^^^^^^^^^^^^^^^^^^^^^^^^^^^^^^^^^^^^^^^^^^^^^^^^^^^^^^^^^^^^^^^^
  File "/Users/nera_thomas/Desktop/Telemarketing/UM_US.py", line 1952, in ftd_stdReport
    with open(fr"C:\Users\User19\Desktop\Telemarketing\get_cookies\{bo_name}_cookies.json", "r", encoding="utf-8") as f:
         ~~~~^^^^^^^^^^^^^^^^^^^^^^^^^^^^^^^^^^^^^^^^^^^^^^^^^^^^^^^^^^^^^^^^^^^^^^^^^^^^^^^^^^^^^^^^^^^^^^^^^^^^^
FileNotFoundError: [Errno 2] No such file or directory: 'C:\\Users\\User19\\Desktop\\Telemarketing\\get_cookies\\uea8_cookies.json'
2025-11-24 19:14:17,323 [ERROR] Unexpected error; retrying in 60 seconds.
Traceback (most recent call last):
  File "/Users/nera_thomas/Desktop/Telemarketing/UM_US.py", line 2934, in <module>
    Fetch.ftd_stdReport("29018465.asia", "uea8", "MYR", "+08:00", "UM_FTD_STD", "1kp3WplRQJt79CTsq8fKcRc9N5f58I3xo1sxVHt_7SD0", "UM STD")
    ~~~~~~~~~~~~~~~~~~~^^^^^^^^^^^^^^^^^^^^^^^^^^^^^^^^^^^^^^^^^^^^^^^^^^^^^^^^^^^^^^^^^^^^^^^^^^^^^^^^^^^^^^^^^^^^^^^^^^^^^^^^^^^^^^^^^^
  File "/Users/nera_thomas/Desktop/Telemarketing/UM_US.py", line 2032, in ftd_stdReport
    payload["page"] = page
    ~~~~~~~^^^^^^^^
TypeError: 'str' object does not support item assignment
2025-11-24 19:15:05,040 [ERROR] Unexpected error; retrying in 60 seconds.
Traceback (most recent call last):
  File "/Users/nera_thomas/Desktop/Telemarketing/UM_US.py", line 2934, in <module>
    Fetch.ftd_stdReport("29018465.asia", "uea8", "MYR", "+08:00", "UM_FTD_STD", "1kp3WplRQJt79CTsq8fKcRc9N5f58I3xo1sxVHt_7SD0", "UM STD")
    ~~~~~~~~~~~~~~~~~~~^^^^^^^^^^^^^^^^^^^^^^^^^^^^^^^^^^^^^^^^^^^^^^^^^^^^^^^^^^^^^^^^^^^^^^^^^^^^^^^^^^^^^^^^^^^^^^^^^^^^^^^^^^^^^^^^^^
  File "/Users/nera_thomas/Desktop/Telemarketing/UM_US.py", line 1971, in ftd_stdReport
    "page": page,
            ^^^^
UnboundLocalError: cannot access local variable 'page' where it is not associated with a value
2025-11-24 19:16:05,711 [ERROR] Unexpected error; retrying in 60 seconds.
Traceback (most recent call last):
  File "/Users/nera_thomas/Desktop/Telemarketing/UM_US.py", line 2934, in <module>
    Fetch.ftd_stdReport("29018465.asia", "uea8", "MYR", "+08:00", "UM_FTD_STD", "1kp3WplRQJt79CTsq8fKcRc9N5f58I3xo1sxVHt_7SD0", "UM STD")
    ~~~~~~~~~~~~~~~~~~~^^^^^^^^^^^^^^^^^^^^^^^^^^^^^^^^^^^^^^^^^^^^^^^^^^^^^^^^^^^^^^^^^^^^^^^^^^^^^^^^^^^^^^^^^^^^^^^^^^^^^^^^^^^^^^^^^^
  File "/Users/nera_thomas/Desktop/Telemarketing/UM_US.py", line 1971, in ftd_stdReport
    "page": page,
            ^^^^
UnboundLocalError: cannot access local variable 'page' where it is not associated with a value
2025-11-24 19:22:22,269 [ERROR] Unexpected error; retrying in 60 seconds.
Traceback (most recent call last):
  File "/Users/nera_thomas/Desktop/Telemarketing/UM_US.py", line 2934, in <module>
    Fetch.ftd_stdReport("29018465.asia", "uea8", "MYR", "+08:00", "UM_FTD_STD", "1kp3WplRQJt79CTsq8fKcRc9N5f58I3xo1sxVHt_7SD0", "UM STD")
    ~~~~~~~~~~~~~~~~~~~^^^^^^^^^^^^^^^^^^^^^^^^^^^^^^^^^^^^^^^^^^^^^^^^^^^^^^^^^^^^^^^^^^^^^^^^^^^^^^^^^^^^^^^^^^^^^^^^^^^^^^^^^^^^^^^^^^
  File "/Users/nera_thomas/Desktop/Telemarketing/UM_US.py", line 1971, in ftd_stdReport
    "page": page,
            ^^^^
UnboundLocalError: cannot access local variable 'page' where it is not associated with a value
2025-11-24 19:23:22,944 [ERROR] Unexpected error; retrying in 60 seconds.
Traceback (most recent call last):
  File "/Users/nera_thomas/Desktop/Telemarketing/UM_US.py", line 2934, in <module>
    Fetch.ftd_stdReport("29018465.asia", "uea8", "MYR", "+08:00", "UM_FTD_STD", "1kp3WplRQJt79CTsq8fKcRc9N5f58I3xo1sxVHt_7SD0", "UM STD")
    ~~~~~~~~~~~~~~~~~~~^^^^^^^^^^^^^^^^^^^^^^^^^^^^^^^^^^^^^^^^^^^^^^^^^^^^^^^^^^^^^^^^^^^^^^^^^^^^^^^^^^^^^^^^^^^^^^^^^^^^^^^^^^^^^^^^^^
  File "/Users/nera_thomas/Desktop/Telemarketing/UM_US.py", line 1971, in ftd_stdReport
    "page": page,
            ^^^^
UnboundLocalError: cannot access local variable 'page' where it is not associated with a value
2025-11-24 19:24:02,262 [ERROR] Unexpected error; retrying in 60 seconds.
Traceback (most recent call last):
  File "/Users/nera_thomas/Desktop/Telemarketing/UM_US.py", line 2945, in <module>
    Fetch.ftd_stdReport("29018465.asia", "uea8", "MYR", "+08:00", "UM_FTD_STD", "1kp3WplRQJt79CTsq8fKcRc9N5f58I3xo1sxVHt_7SD0", "UM STD")
    ~~~~~~~~~~~~~~~~~~~^^^^^^^^^^^^^^^^^^^^^^^^^^^^^^^^^^^^^^^^^^^^^^^^^^^^^^^^^^^^^^^^^^^^^^^^^^^^^^^^^^^^^^^^^^^^^^^^^^^^^^^^^^^^^^^^^^
  File "/Users/nera_thomas/Desktop/Telemarketing/UM_US.py", line 1971, in ftd_stdReport
    "page": page,
            ^^^^
UnboundLocalError: cannot access local variable 'page' where it is not associated with a value
2025-11-24 19:25:02,940 [ERROR] Unexpected error; retrying in 60 seconds.
Traceback (most recent call last):
  File "/Users/nera_thomas/Desktop/Telemarketing/UM_US.py", line 2945, in <module>
    # # SSBO UM MY
  File "/Users/nera_thomas/Desktop/Telemarketing/UM_US.py", line 1971, in ftd_stdReport
    'accept-language': 'en-US,en;q=0.9',
            ^^^^
UnboundLocalError: cannot access local variable 'page' where it is not associated with a value
2025-11-24 23:22:02,873 [ERROR] Unexpected error; retrying in 60 seconds.
Traceback (most recent call last):
  File "/Users/nera_thomas/Desktop/Telemarketing/UM_US.py", line 2902, in <module>
    Fetch.ftd_stdReport("29018465.asia", "uea8", "MYR", "+08:00", "UM_FTD_STD", "1kp3WplRQJt79CTsq8fKcRc9N5f58I3xo1sxVHt_7SD0", "UM STD")
    ~~~~~~~~~~~~~~~~~~~^^^^^^^^^^^^^^^^^^^^^^^^^^^^^^^^^^^^^^^^^^^^^^^^^^^^^^^^^^^^^^^^^^^^^^^^^^^^^^^^^^^^^^^^^^^^^^^^^^^^^^^^^^^^^^^^^^
  File "/Users/nera_thomas/Desktop/Telemarketing/UM_US.py", line 1971, in ftd_stdReport
    "page": page,
            ^^^^
NameError: name 'page' is not defined. Did you mean: 'range'?
2025-11-24 23:23:03,553 [ERROR] Unexpected error; retrying in 60 seconds.
Traceback (most recent call last):
  File "/Users/nera_thomas/Desktop/Telemarketing/UM_US.py", line 2902, in <module>
    Fetch.ftd_stdReport("29018465.asia", "uea8", "MYR", "+08:00", "UM_FTD_STD", "1kp3WplRQJt79CTsq8fKcRc9N5f58I3xo1sxVHt_7SD0", "UM STD")
    ~~~~~~~~~~~~~~~~~~~^^^^^^^^^^^^^^^^^^^^^^^^^^^^^^^^^^^^^^^^^^^^^^^^^^^^^^^^^^^^^^^^^^^^^^^^^^^^^^^^^^^^^^^^^^^^^^^^^^^^^^^^^^^^^^^^^^
  File "/Users/nera_thomas/Desktop/Telemarketing/UM_US.py", line 1971, in ftd_stdReport
    "page": page,
            ^^^^
NameError: name 'page' is not defined. Did you mean: 'range'?
2025-11-24 23:27:15,813 [ERROR] Unexpected error; retrying in 60 seconds.
Traceback (most recent call last):
  File "/Users/nera_thomas/Desktop/Telemarketing/UM_US.py", line 2937, in <module>
    Fetch.ftd_stdReport("29018465.asia", "uea8", "MYR", "+08:00", "UM_FTD_STD", "1kp3WplRQJt79CTsq8fKcRc9N5f58I3xo1sxVHt_7SD0", "UM STD")
    ~~~~~~~~~~~~~~~~~~~^^^^^^^^^^^^^^^^^^^^^^^^^^^^^^^^^^^^^^^^^^^^^^^^^^^^^^^^^^^^^^^^^^^^^^^^^^^^^^^^^^^^^^^^^^^^^^^^^^^^^^^^^^^^^^^^^^
  File "/Users/nera_thomas/Desktop/Telemarketing/UM_US.py", line 1972, in ftd_stdReport
    "page": page,
            ^^^^
UnboundLocalError: cannot access local variable 'page' where it is not associated with a value
2025-11-24 23:28:40,180 [ERROR] Unexpected error; retrying in 60 seconds.
Traceback (most recent call last):
  File "/Users/nera_thomas/Desktop/Telemarketing/UM_US.py", line 2937, in <module>
    Fetch.ftd_stdReport("29018465.asia", "uea8", "MYR", "+08:00", "UM_FTD_STD", "1kp3WplRQJt79CTsq8fKcRc9N5f58I3xo1sxVHt_7SD0", "UM STD")
    ~~~~~~~~~~~~~~~~~~~^^^^^^^^^^^^^^^^^^^^^^^^^^^^^^^^^^^^^^^^^^^^^^^^^^^^^^^^^^^^^^^^^^^^^^^^^^^^^^^^^^^^^^^^^^^^^^^^^^^^^^^^^^^^^^^^^^
  File "/Users/nera_thomas/Desktop/Telemarketing/UM_US.py", line 2034, in ftd_stdReport
    payload["page"] = page
    ~~~~~~~^^^^^^^^
TypeError: 'str' object does not support item assignment
2025-11-24 23:29:02,452 [ERROR] Unexpected error; retrying in 60 seconds.
Traceback (most recent call last):
  File "/Users/nera_thomas/Desktop/Telemarketing/UM_US.py", line 2937, in <module>
    Fetch.ftd_stdReport("29018465.asia", "uea8", "MYR", "+08:00", "UM_FTD_STD", "1kp3WplRQJt79CTsq8fKcRc9N5f58I3xo1sxVHt_7SD0", "UM STD")
    ~~~~~~~~~~~~~~~~~~~^^^^^^^^^^^^^^^^^^^^^^^^^^^^^^^^^^^^^^^^^^^^^^^^^^^^^^^^^^^^^^^^^^^^^^^^^^^^^^^^^^^^^^^^^^^^^^^^^^^^^^^^^^^^^^^^^^
  File "/Users/nera_thomas/Desktop/Telemarketing/UM_US.py", line 2034, in ftd_stdReport
    payload["page"] = page
    ~~~~~~~^^^^^^^^
TypeError: 'str' object does not support item assignment
2025-11-24 23:30:03,848 [ERROR] Unexpected error; retrying in 60 seconds.
Traceback (most recent call last):
  File "/Users/nera_thomas/Desktop/Telemarketing/UM_US.py", line 2937, in <module>
    Fetch.ftd_stdReport("29018465.asia", "uea8", "MYR", "+08:00", "UM_FTD_STD", "1kp3WplRQJt79CTsq8fKcRc9N5f58I3xo1sxVHt_7SD0", "UM STD")
    ~~~~~~~~~~~~~~~~~~~^^^^^^^^^^^^^^^^^^^^^^^^^^^^^^^^^^^^^^^^^^^^^^^^^^^^^^^^^^^^^^^^^^^^^^^^^^^^^^^^^^^^^^^^^^^^^^^^^^^^^^^^^^^^^^^^^^
  File "/Users/nera_thomas/Desktop/Telemarketing/UM_US.py", line 2034, in ftd_stdReport
    payload["page"] = page
    ~~~~~~~^^^^^^^^
TypeError: 'str' object does not support item assignment
2025-11-24 23:31:05,228 [ERROR] Unexpected error; retrying in 60 seconds.
Traceback (most recent call last):
  File "/Users/nera_thomas/Desktop/Telemarketing/UM_US.py", line 2937, in <module>
    Fetch.ftd_stdReport("29018465.asia", "uea8", "MYR", "+08:00", "UM_FTD_STD", "1kp3WplRQJt79CTsq8fKcRc9N5f58I3xo1sxVHt_7SD0", "UM STD")
    ~~~~~~~~~~~~~~~~~~~^^^^^^^^^^^^^^^^^^^^^^^^^^^^^^^^^^^^^^^^^^^^^^^^^^^^^^^^^^^^^^^^^^^^^^^^^^^^^^^^^^^^^^^^^^^^^^^^^^^^^^^^^^^^^^^^^^
  File "/Users/nera_thomas/Desktop/Telemarketing/UM_US.py", line 2034, in ftd_stdReport
    payload["page"] = page
    ~~~~~~~^^^^^^^^
TypeError: 'str' object does not support item assignment
2025-11-24 23:32:06,873 [ERROR] Unexpected error; retrying in 60 seconds.
Traceback (most recent call last):
  File "/Users/nera_thomas/Desktop/Telemarketing/UM_US.py", line 2937, in <module>
    Fetch.ftd_stdReport("29018465.asia", "uea8", "MYR", "+08:00", "UM_FTD_STD", "1kp3WplRQJt79CTsq8fKcRc9N5f58I3xo1sxVHt_7SD0", "UM STD")
    ~~~~~~~~~~~~~~~~~~~^^^^^^^^^^^^^^^^^^^^^^^^^^^^^^^^^^^^^^^^^^^^^^^^^^^^^^^^^^^^^^^^^^^^^^^^^^^^^^^^^^^^^^^^^^^^^^^^^^^^^^^^^^^^^^^^^^
  File "/Users/nera_thomas/Desktop/Telemarketing/UM_US.py", line 2034, in ftd_stdReport
    payload["page"] = page
    ~~~~~~~^^^^^^^^
TypeError: 'str' object does not support item assignment
2025-11-24 23:33:08,601 [ERROR] Unexpected error; retrying in 60 seconds.
Traceback (most recent call last):
  File "/Users/nera_thomas/Desktop/Telemarketing/UM_US.py", line 2937, in <module>
    Fetch.ftd_stdReport("29018465.asia", "uea8", "MYR", "+08:00", "UM_FTD_STD", "1kp3WplRQJt79CTsq8fKcRc9N5f58I3xo1sxVHt_7SD0", "UM STD")
    ~~~~~~~~~~~~~~~~~~~^^^^^^^^^^^^^^^^^^^^^^^^^^^^^^^^^^^^^^^^^^^^^^^^^^^^^^^^^^^^^^^^^^^^^^^^^^^^^^^^^^^^^^^^^^^^^^^^^^^^^^^^^^^^^^^^^^
  File "/Users/nera_thomas/Desktop/Telemarketing/UM_US.py", line 2034, in ftd_stdReport
    payload["page"] = page
    ~~~~~~~^^^^^^^^
TypeError: 'str' object does not support item assignment
2025-11-24 23:34:10,277 [ERROR] Unexpected error; retrying in 60 seconds.
Traceback (most recent call last):
  File "/Users/nera_thomas/Desktop/Telemarketing/UM_US.py", line 2937, in <module>
    Fetch.ftd_stdReport("29018465.asia", "uea8", "MYR", "+08:00", "UM_FTD_STD", "1kp3WplRQJt79CTsq8fKcRc9N5f58I3xo1sxVHt_7SD0", "UM STD")
    ~~~~~~~~~~~~~~~~~~~^^^^^^^^^^^^^^^^^^^^^^^^^^^^^^^^^^^^^^^^^^^^^^^^^^^^^^^^^^^^^^^^^^^^^^^^^^^^^^^^^^^^^^^^^^^^^^^^^^^^^^^^^^^^^^^^^^
  File "/Users/nera_thomas/Desktop/Telemarketing/UM_US.py", line 2034, in ftd_stdReport
    payload["page"] = page
    ~~~~~~~^^^^^^^^
TypeError: 'str' object does not support item assignment
2025-11-24 23:35:11,734 [ERROR] Unexpected error; retrying in 60 seconds.
Traceback (most recent call last):
  File "/Users/nera_thomas/Desktop/Telemarketing/UM_US.py", line 2937, in <module>
    Fetch.ftd_stdReport("29018465.asia", "uea8", "MYR", "+08:00", "UM_FTD_STD", "1kp3WplRQJt79CTsq8fKcRc9N5f58I3xo1sxVHt_7SD0", "UM STD")
    ~~~~~~~~~~~~~~~~~~~^^^^^^^^^^^^^^^^^^^^^^^^^^^^^^^^^^^^^^^^^^^^^^^^^^^^^^^^^^^^^^^^^^^^^^^^^^^^^^^^^^^^^^^^^^^^^^^^^^^^^^^^^^^^^^^^^^
  File "/Users/nera_thomas/Desktop/Telemarketing/UM_US.py", line 2034, in ftd_stdReport
    payload["page"] = page
    ~~~~~~~^^^^^^^^
TypeError: 'str' object does not support item assignment
2025-11-24 23:36:13,245 [ERROR] Unexpected error; retrying in 60 seconds.
Traceback (most recent call last):
  File "/Users/nera_thomas/Desktop/Telemarketing/UM_US.py", line 2937, in <module>
    Fetch.ftd_stdReport("29018465.asia", "uea8", "MYR", "+08:00", "UM_FTD_STD", "1kp3WplRQJt79CTsq8fKcRc9N5f58I3xo1sxVHt_7SD0", "UM STD")
    ~~~~~~~~~~~~~~~~~~~^^^^^^^^^^^^^^^^^^^^^^^^^^^^^^^^^^^^^^^^^^^^^^^^^^^^^^^^^^^^^^^^^^^^^^^^^^^^^^^^^^^^^^^^^^^^^^^^^^^^^^^^^^^^^^^^^^
  File "/Users/nera_thomas/Desktop/Telemarketing/UM_US.py", line 2034, in ftd_stdReport
    payload["page"] = page
    ~~~~~~~^^^^^^^^
TypeError: 'str' object does not support item assignment
2025-11-24 23:37:14,853 [ERROR] Unexpected error; retrying in 60 seconds.
Traceback (most recent call last):
  File "/Users/nera_thomas/Desktop/Telemarketing/UM_US.py", line 2937, in <module>
    Fetch.ftd_stdReport("29018465.asia", "uea8", "MYR", "+08:00", "UM_FTD_STD", "1kp3WplRQJt79CTsq8fKcRc9N5f58I3xo1sxVHt_7SD0", "UM STD")
    ~~~~~~~~~~~~~~~~~~~^^^^^^^^^^^^^^^^^^^^^^^^^^^^^^^^^^^^^^^^^^^^^^^^^^^^^^^^^^^^^^^^^^^^^^^^^^^^^^^^^^^^^^^^^^^^^^^^^^^^^^^^^^^^^^^^^^
  File "/Users/nera_thomas/Desktop/Telemarketing/UM_US.py", line 2034, in ftd_stdReport
    payload["page"] = page
    ~~~~~~~^^^^^^^^
TypeError: 'str' object does not support item assignment
2025-11-24 23:38:16,446 [ERROR] Unexpected error; retrying in 60 seconds.
Traceback (most recent call last):
  File "/Users/nera_thomas/Desktop/Telemarketing/UM_US.py", line 2937, in <module>
    Fetch.ftd_stdReport("29018465.asia", "uea8", "MYR", "+08:00", "UM_FTD_STD", "1kp3WplRQJt79CTsq8fKcRc9N5f58I3xo1sxVHt_7SD0", "UM STD")
    ~~~~~~~~~~~~~~~~~~~^^^^^^^^^^^^^^^^^^^^^^^^^^^^^^^^^^^^^^^^^^^^^^^^^^^^^^^^^^^^^^^^^^^^^^^^^^^^^^^^^^^^^^^^^^^^^^^^^^^^^^^^^^^^^^^^^^
  File "/Users/nera_thomas/Desktop/Telemarketing/UM_US.py", line 2034, in ftd_stdReport
    payload["page"] = page
    ~~~~~~~^^^^^^^^
TypeError: 'str' object does not support item assignment
2025-11-24 23:39:17,800 [ERROR] Unexpected error; retrying in 60 seconds.
Traceback (most recent call last):
  File "/Users/nera_thomas/Desktop/Telemarketing/UM_US.py", line 2937, in <module>
    Fetch.ftd_stdReport("29018465.asia", "uea8", "MYR", "+08:00", "UM_FTD_STD", "1kp3WplRQJt79CTsq8fKcRc9N5f58I3xo1sxVHt_7SD0", "UM STD")
    ~~~~~~~~~~~~~~~~~~~^^^^^^^^^^^^^^^^^^^^^^^^^^^^^^^^^^^^^^^^^^^^^^^^^^^^^^^^^^^^^^^^^^^^^^^^^^^^^^^^^^^^^^^^^^^^^^^^^^^^^^^^^^^^^^^^^^
  File "/Users/nera_thomas/Desktop/Telemarketing/UM_US.py", line 2034, in ftd_stdReport
    payload["page"] = page
    ~~~~~~~^^^^^^^^
TypeError: 'str' object does not support item assignment
2025-11-24 23:40:19,460 [ERROR] Unexpected error; retrying in 60 seconds.
Traceback (most recent call last):
  File "/Users/nera_thomas/Desktop/Telemarketing/UM_US.py", line 2937, in <module>
    Fetch.ftd_stdReport("29018465.asia", "uea8", "MYR", "+08:00", "UM_FTD_STD", "1kp3WplRQJt79CTsq8fKcRc9N5f58I3xo1sxVHt_7SD0", "UM STD")
    ~~~~~~~~~~~~~~~~~~~^^^^^^^^^^^^^^^^^^^^^^^^^^^^^^^^^^^^^^^^^^^^^^^^^^^^^^^^^^^^^^^^^^^^^^^^^^^^^^^^^^^^^^^^^^^^^^^^^^^^^^^^^^^^^^^^^^
  File "/Users/nera_thomas/Desktop/Telemarketing/UM_US.py", line 2034, in ftd_stdReport
    payload["page"] = page
    ~~~~~~~^^^^^^^^
TypeError: 'str' object does not support item assignment
2025-11-24 23:41:21,046 [ERROR] Unexpected error; retrying in 60 seconds.
Traceback (most recent call last):
  File "/Users/nera_thomas/Desktop/Telemarketing/UM_US.py", line 2937, in <module>
    Fetch.ftd_stdReport("29018465.asia", "uea8", "MYR", "+08:00", "UM_FTD_STD", "1kp3WplRQJt79CTsq8fKcRc9N5f58I3xo1sxVHt_7SD0", "UM STD")
    ~~~~~~~~~~~~~~~~~~~^^^^^^^^^^^^^^^^^^^^^^^^^^^^^^^^^^^^^^^^^^^^^^^^^^^^^^^^^^^^^^^^^^^^^^^^^^^^^^^^^^^^^^^^^^^^^^^^^^^^^^^^^^^^^^^^^^
  File "/Users/nera_thomas/Desktop/Telemarketing/UM_US.py", line 2034, in ftd_stdReport
    payload["page"] = page
    ~~~~~~~^^^^^^^^
TypeError: 'str' object does not support item assignment
2025-11-24 23:42:22,621 [ERROR] Unexpected error; retrying in 60 seconds.
Traceback (most recent call last):
  File "/Users/nera_thomas/Desktop/Telemarketing/UM_US.py", line 2937, in <module>
    Fetch.ftd_stdReport("29018465.asia", "uea8", "MYR", "+08:00", "UM_FTD_STD", "1kp3WplRQJt79CTsq8fKcRc9N5f58I3xo1sxVHt_7SD0", "UM STD")
    ~~~~~~~~~~~~~~~~~~~^^^^^^^^^^^^^^^^^^^^^^^^^^^^^^^^^^^^^^^^^^^^^^^^^^^^^^^^^^^^^^^^^^^^^^^^^^^^^^^^^^^^^^^^^^^^^^^^^^^^^^^^^^^^^^^^^^
  File "/Users/nera_thomas/Desktop/Telemarketing/UM_US.py", line 2034, in ftd_stdReport
    payload["page"] = page
    ~~~~~~~^^^^^^^^
TypeError: 'str' object does not support item assignment
2025-11-24 23:43:24,200 [ERROR] Unexpected error; retrying in 60 seconds.
Traceback (most recent call last):
  File "/Users/nera_thomas/Desktop/Telemarketing/UM_US.py", line 2937, in <module>
    Fetch.ftd_stdReport("29018465.asia", "uea8", "MYR", "+08:00", "UM_FTD_STD", "1kp3WplRQJt79CTsq8fKcRc9N5f58I3xo1sxVHt_7SD0", "UM STD")
    ~~~~~~~~~~~~~~~~~~~^^^^^^^^^^^^^^^^^^^^^^^^^^^^^^^^^^^^^^^^^^^^^^^^^^^^^^^^^^^^^^^^^^^^^^^^^^^^^^^^^^^^^^^^^^^^^^^^^^^^^^^^^^^^^^^^^^
  File "/Users/nera_thomas/Desktop/Telemarketing/UM_US.py", line 2034, in ftd_stdReport
    payload["page"] = page
    ~~~~~~~^^^^^^^^
TypeError: 'str' object does not support item assignment
2025-11-24 23:44:25,841 [ERROR] Unexpected error; retrying in 60 seconds.
Traceback (most recent call last):
  File "/Users/nera_thomas/Desktop/Telemarketing/UM_US.py", line 2937, in <module>
    Fetch.ftd_stdReport("29018465.asia", "uea8", "MYR", "+08:00", "UM_FTD_STD", "1kp3WplRQJt79CTsq8fKcRc9N5f58I3xo1sxVHt_7SD0", "UM STD")
    ~~~~~~~~~~~~~~~~~~~^^^^^^^^^^^^^^^^^^^^^^^^^^^^^^^^^^^^^^^^^^^^^^^^^^^^^^^^^^^^^^^^^^^^^^^^^^^^^^^^^^^^^^^^^^^^^^^^^^^^^^^^^^^^^^^^^^
  File "/Users/nera_thomas/Desktop/Telemarketing/UM_US.py", line 2034, in ftd_stdReport
    payload["page"] = page
    ~~~~~~~^^^^^^^^
TypeError: 'str' object does not support item assignment
2025-11-24 23:45:27,305 [ERROR] Unexpected error; retrying in 60 seconds.
Traceback (most recent call last):
  File "/Users/nera_thomas/Desktop/Telemarketing/UM_US.py", line 2937, in <module>
    Fetch.ftd_stdReport("29018465.asia", "uea8", "MYR", "+08:00", "UM_FTD_STD", "1kp3WplRQJt79CTsq8fKcRc9N5f58I3xo1sxVHt_7SD0", "UM STD")
    ~~~~~~~~~~~~~~~~~~~^^^^^^^^^^^^^^^^^^^^^^^^^^^^^^^^^^^^^^^^^^^^^^^^^^^^^^^^^^^^^^^^^^^^^^^^^^^^^^^^^^^^^^^^^^^^^^^^^^^^^^^^^^^^^^^^^^
  File "/Users/nera_thomas/Desktop/Telemarketing/UM_US.py", line 2034, in ftd_stdReport
    payload["page"] = page
    ~~~~~~~^^^^^^^^
TypeError: 'str' object does not support item assignment
2025-11-24 23:46:28,766 [ERROR] Unexpected error; retrying in 60 seconds.
Traceback (most recent call last):
  File "/Users/nera_thomas/Desktop/Telemarketing/UM_US.py", line 2937, in <module>
    Fetch.ftd_stdReport("29018465.asia", "uea8", "MYR", "+08:00", "UM_FTD_STD", "1kp3WplRQJt79CTsq8fKcRc9N5f58I3xo1sxVHt_7SD0", "UM STD")
    ~~~~~~~~~~~~~~~~~~~^^^^^^^^^^^^^^^^^^^^^^^^^^^^^^^^^^^^^^^^^^^^^^^^^^^^^^^^^^^^^^^^^^^^^^^^^^^^^^^^^^^^^^^^^^^^^^^^^^^^^^^^^^^^^^^^^^
  File "/Users/nera_thomas/Desktop/Telemarketing/UM_US.py", line 2034, in ftd_stdReport
    payload["page"] = page
    ~~~~~~~^^^^^^^^
TypeError: 'str' object does not support item assignment
2025-11-24 23:47:30,655 [ERROR] Unexpected error; retrying in 60 seconds.
Traceback (most recent call last):
  File "/Users/nera_thomas/Desktop/Telemarketing/UM_US.py", line 2937, in <module>
    Fetch.ftd_stdReport("29018465.asia", "uea8", "MYR", "+08:00", "UM_FTD_STD", "1kp3WplRQJt79CTsq8fKcRc9N5f58I3xo1sxVHt_7SD0", "UM STD")
    ~~~~~~~~~~~~~~~~~~~^^^^^^^^^^^^^^^^^^^^^^^^^^^^^^^^^^^^^^^^^^^^^^^^^^^^^^^^^^^^^^^^^^^^^^^^^^^^^^^^^^^^^^^^^^^^^^^^^^^^^^^^^^^^^^^^^^
  File "/Users/nera_thomas/Desktop/Telemarketing/UM_US.py", line 2034, in ftd_stdReport
    payload["page"] = page
    ~~~~~~~^^^^^^^^
TypeError: 'str' object does not support item assignment
2025-11-24 23:48:32,460 [ERROR] Unexpected error; retrying in 60 seconds.
Traceback (most recent call last):
  File "/Users/nera_thomas/Desktop/Telemarketing/UM_US.py", line 2937, in <module>
    Fetch.ftd_stdReport("29018465.asia", "uea8", "MYR", "+08:00", "UM_FTD_STD", "1kp3WplRQJt79CTsq8fKcRc9N5f58I3xo1sxVHt_7SD0", "UM STD")
    ~~~~~~~~~~~~~~~~~~~^^^^^^^^^^^^^^^^^^^^^^^^^^^^^^^^^^^^^^^^^^^^^^^^^^^^^^^^^^^^^^^^^^^^^^^^^^^^^^^^^^^^^^^^^^^^^^^^^^^^^^^^^^^^^^^^^^
  File "/Users/nera_thomas/Desktop/Telemarketing/UM_US.py", line 2034, in ftd_stdReport
    payload["page"] = page
    ~~~~~~~^^^^^^^^
TypeError: 'str' object does not support item assignment
2025-11-24 23:49:34,106 [ERROR] Unexpected error; retrying in 60 seconds.
Traceback (most recent call last):
  File "/Users/nera_thomas/Desktop/Telemarketing/UM_US.py", line 2937, in <module>
    Fetch.ftd_stdReport("29018465.asia", "uea8", "MYR", "+08:00", "UM_FTD_STD", "1kp3WplRQJt79CTsq8fKcRc9N5f58I3xo1sxVHt_7SD0", "UM STD")
    ~~~~~~~~~~~~~~~~~~~^^^^^^^^^^^^^^^^^^^^^^^^^^^^^^^^^^^^^^^^^^^^^^^^^^^^^^^^^^^^^^^^^^^^^^^^^^^^^^^^^^^^^^^^^^^^^^^^^^^^^^^^^^^^^^^^^^
  File "/Users/nera_thomas/Desktop/Telemarketing/UM_US.py", line 2034, in ftd_stdReport
    payload["page"] = page
    ~~~~~~~^^^^^^^^
TypeError: 'str' object does not support item assignment
2025-11-24 23:50:35,760 [ERROR] Unexpected error; retrying in 60 seconds.
Traceback (most recent call last):
  File "/Users/nera_thomas/Desktop/Telemarketing/UM_US.py", line 2937, in <module>
    Fetch.ftd_stdReport("29018465.asia", "uea8", "MYR", "+08:00", "UM_FTD_STD", "1kp3WplRQJt79CTsq8fKcRc9N5f58I3xo1sxVHt_7SD0", "UM STD")
    ~~~~~~~~~~~~~~~~~~~^^^^^^^^^^^^^^^^^^^^^^^^^^^^^^^^^^^^^^^^^^^^^^^^^^^^^^^^^^^^^^^^^^^^^^^^^^^^^^^^^^^^^^^^^^^^^^^^^^^^^^^^^^^^^^^^^^
  File "/Users/nera_thomas/Desktop/Telemarketing/UM_US.py", line 2034, in ftd_stdReport
    payload["page"] = page
    ~~~~~~~^^^^^^^^
TypeError: 'str' object does not support item assignment
2025-11-24 23:51:39,126 [ERROR] Unexpected error; retrying in 60 seconds.
Traceback (most recent call last):
  File "/Users/nera_thomas/Desktop/Telemarketing/UM_US.py", line 2937, in <module>
    Fetch.ftd_stdReport("29018465.asia", "uea8", "MYR", "+08:00", "UM_FTD_STD", "1kp3WplRQJt79CTsq8fKcRc9N5f58I3xo1sxVHt_7SD0", "UM STD")
    ~~~~~~~~~~~~~~~~~~~^^^^^^^^^^^^^^^^^^^^^^^^^^^^^^^^^^^^^^^^^^^^^^^^^^^^^^^^^^^^^^^^^^^^^^^^^^^^^^^^^^^^^^^^^^^^^^^^^^^^^^^^^^^^^^^^^^
  File "/Users/nera_thomas/Desktop/Telemarketing/UM_US.py", line 2034, in ftd_stdReport
    payload["page"] = page
    ~~~~~~~^^^^^^^^
TypeError: 'str' object does not support item assignment
2025-11-24 23:52:40,818 [ERROR] Unexpected error; retrying in 60 seconds.
Traceback (most recent call last):
  File "/Users/nera_thomas/Desktop/Telemarketing/UM_US.py", line 2937, in <module>
    Fetch.ftd_stdReport("29018465.asia", "uea8", "MYR", "+08:00", "UM_FTD_STD", "1kp3WplRQJt79CTsq8fKcRc9N5f58I3xo1sxVHt_7SD0", "UM STD")
    ~~~~~~~~~~~~~~~~~~~^^^^^^^^^^^^^^^^^^^^^^^^^^^^^^^^^^^^^^^^^^^^^^^^^^^^^^^^^^^^^^^^^^^^^^^^^^^^^^^^^^^^^^^^^^^^^^^^^^^^^^^^^^^^^^^^^^
  File "/Users/nera_thomas/Desktop/Telemarketing/UM_US.py", line 2034, in ftd_stdReport
    payload["page"] = page
    ~~~~~~~^^^^^^^^
TypeError: 'str' object does not support item assignment
2025-11-24 23:53:42,439 [ERROR] Unexpected error; retrying in 60 seconds.
Traceback (most recent call last):
  File "/Users/nera_thomas/Desktop/Telemarketing/UM_US.py", line 2937, in <module>
    Fetch.ftd_stdReport("29018465.asia", "uea8", "MYR", "+08:00", "UM_FTD_STD", "1kp3WplRQJt79CTsq8fKcRc9N5f58I3xo1sxVHt_7SD0", "UM STD")
    ~~~~~~~~~~~~~~~~~~~^^^^^^^^^^^^^^^^^^^^^^^^^^^^^^^^^^^^^^^^^^^^^^^^^^^^^^^^^^^^^^^^^^^^^^^^^^^^^^^^^^^^^^^^^^^^^^^^^^^^^^^^^^^^^^^^^^
  File "/Users/nera_thomas/Desktop/Telemarketing/UM_US.py", line 2034, in ftd_stdReport
    payload["page"] = page
    ~~~~~~~^^^^^^^^
TypeError: 'str' object does not support item assignment
2025-11-24 23:54:43,991 [ERROR] Unexpected error; retrying in 60 seconds.
Traceback (most recent call last):
  File "/Users/nera_thomas/Desktop/Telemarketing/UM_US.py", line 2937, in <module>
    Fetch.ftd_stdReport("29018465.asia", "uea8", "MYR", "+08:00", "UM_FTD_STD", "1kp3WplRQJt79CTsq8fKcRc9N5f58I3xo1sxVHt_7SD0", "UM STD")
    ~~~~~~~~~~~~~~~~~~~^^^^^^^^^^^^^^^^^^^^^^^^^^^^^^^^^^^^^^^^^^^^^^^^^^^^^^^^^^^^^^^^^^^^^^^^^^^^^^^^^^^^^^^^^^^^^^^^^^^^^^^^^^^^^^^^^^
  File "/Users/nera_thomas/Desktop/Telemarketing/UM_US.py", line 2034, in ftd_stdReport
    payload["page"] = page
    ~~~~~~~^^^^^^^^
TypeError: 'str' object does not support item assignment
2025-11-24 23:55:45,633 [ERROR] Unexpected error; retrying in 60 seconds.
Traceback (most recent call last):
  File "/Users/nera_thomas/Desktop/Telemarketing/UM_US.py", line 2937, in <module>
    Fetch.ftd_stdReport("29018465.asia", "uea8", "MYR", "+08:00", "UM_FTD_STD", "1kp3WplRQJt79CTsq8fKcRc9N5f58I3xo1sxVHt_7SD0", "UM STD")
    ~~~~~~~~~~~~~~~~~~~^^^^^^^^^^^^^^^^^^^^^^^^^^^^^^^^^^^^^^^^^^^^^^^^^^^^^^^^^^^^^^^^^^^^^^^^^^^^^^^^^^^^^^^^^^^^^^^^^^^^^^^^^^^^^^^^^^
  File "/Users/nera_thomas/Desktop/Telemarketing/UM_US.py", line 2034, in ftd_stdReport
    payload["page"] = page
    ~~~~~~~^^^^^^^^
TypeError: 'str' object does not support item assignment
2025-11-24 23:56:46,976 [ERROR] Unexpected error; retrying in 60 seconds.
Traceback (most recent call last):
  File "/Users/nera_thomas/Desktop/Telemarketing/UM_US.py", line 2937, in <module>
    Fetch.ftd_stdReport("29018465.asia", "uea8", "MYR", "+08:00", "UM_FTD_STD", "1kp3WplRQJt79CTsq8fKcRc9N5f58I3xo1sxVHt_7SD0", "UM STD")
    ~~~~~~~~~~~~~~~~~~~^^^^^^^^^^^^^^^^^^^^^^^^^^^^^^^^^^^^^^^^^^^^^^^^^^^^^^^^^^^^^^^^^^^^^^^^^^^^^^^^^^^^^^^^^^^^^^^^^^^^^^^^^^^^^^^^^^
  File "/Users/nera_thomas/Desktop/Telemarketing/UM_US.py", line 2034, in ftd_stdReport
    payload["page"] = page
    ~~~~~~~^^^^^^^^
TypeError: 'str' object does not support item assignment
2025-11-24 23:57:48,499 [ERROR] Unexpected error; retrying in 60 seconds.
Traceback (most recent call last):
  File "/Users/nera_thomas/Desktop/Telemarketing/UM_US.py", line 2937, in <module>
    Fetch.ftd_stdReport("29018465.asia", "uea8", "MYR", "+08:00", "UM_FTD_STD", "1kp3WplRQJt79CTsq8fKcRc9N5f58I3xo1sxVHt_7SD0", "UM STD")
    ~~~~~~~~~~~~~~~~~~~^^^^^^^^^^^^^^^^^^^^^^^^^^^^^^^^^^^^^^^^^^^^^^^^^^^^^^^^^^^^^^^^^^^^^^^^^^^^^^^^^^^^^^^^^^^^^^^^^^^^^^^^^^^^^^^^^^
  File "/Users/nera_thomas/Desktop/Telemarketing/UM_US.py", line 2034, in ftd_stdReport
    payload["page"] = page
    ~~~~~~~^^^^^^^^
TypeError: 'str' object does not support item assignment
2025-11-24 23:58:50,032 [ERROR] Unexpected error; retrying in 60 seconds.
Traceback (most recent call last):
  File "/Users/nera_thomas/Desktop/Telemarketing/UM_US.py", line 2937, in <module>
    Fetch.ftd_stdReport("29018465.asia", "uea8", "MYR", "+08:00", "UM_FTD_STD", "1kp3WplRQJt79CTsq8fKcRc9N5f58I3xo1sxVHt_7SD0", "UM STD")
    ~~~~~~~~~~~~~~~~~~~^^^^^^^^^^^^^^^^^^^^^^^^^^^^^^^^^^^^^^^^^^^^^^^^^^^^^^^^^^^^^^^^^^^^^^^^^^^^^^^^^^^^^^^^^^^^^^^^^^^^^^^^^^^^^^^^^^
  File "/Users/nera_thomas/Desktop/Telemarketing/UM_US.py", line 2034, in ftd_stdReport
    payload["page"] = page
    ~~~~~~~^^^^^^^^
TypeError: 'str' object does not support item assignment
2025-11-25 00:24:35,388 [ERROR] Unexpected error; retrying in 60 seconds.
Traceback (most recent call last):
  File "/Users/nera_thomas/Desktop/Telemarketing/UM_US.py", line 2937, in <module>
    Fetch.ftd_stdReport("29018465.asia", "uea8", "MYR", "+08:00", "UM_FTD_STD", "1kp3WplRQJt79CTsq8fKcRc9N5f58I3xo1sxVHt_7SD0", "UM STD")
    ~~~~~~~~~~~~~~~~~~~^^^^^^^^^^^^^^^^^^^^^^^^^^^^^^^^^^^^^^^^^^^^^^^^^^^^^^^^^^^^^^^^^^^^^^^^^^^^^^^^^^^^^^^^^^^^^^^^^^^^^^^^^^^^^^^^^^
  File "/Users/nera_thomas/Desktop/Telemarketing/UM_US.py", line 1972, in ftd_stdReport
    "page": page,
            ^^^^
NameError: name 'page' is not defined. Did you mean: 'range'?
2025-11-25 01:15:32,914 [ERROR] Unexpected error; retrying in 60 seconds.
Traceback (most recent call last):
  File "/Users/nera_thomas/Desktop/Telemarketing/UM_US.py", line 2980, in <module>
    Fetch.ftd_stdReport("29018465.asia", "uea8", "MYR", "+08:00", "UM_FTD_STD", "1kp3WplRQJt79CTsq8fKcRc9N5f58I3xo1sxVHt_7SD0", "UM STD")
    ~~~~~~~~~~~~~~~~~~~^^^^^^^^^^^^^^^^^^^^^^^^^^^^^^^^^^^^^^^^^^^^^^^^^^^^^^^^^^^^^^^^^^^^^^^^^^^^^^^^^^^^^^^^^^^^^^^^^^^^^^^^^^^^^^^^^^
  File "/Users/nera_thomas/Desktop/Telemarketing/UM_US.py", line 2101, in ftd_stdReport
    cls.mongodbAPI_FTD_STD(data["data"], collection)
    ~~~~~~~~~~~~~~~~~~~~~~^^^^^^^^^^^^^^^^^^^^^^^^^^
  File "/Users/nera_thomas/Desktop/Telemarketing/UM_US.py", line 540, in mongodbAPI_FTD_STD
    collection.create_index(
    ~~~~~~~~~~~~~~~~~~~~~~~^
        [("username", 1), ("name", 1), ("completed_date", 1)],
        ^^^^^^^^^^^^^^^^^^^^^^^^^^^^^^^^^^^^^^^^^^^^^^^^^^^^^^
        unique=True
        ^^^^^^^^^^^
    )
    ^
  File "/Library/Frameworks/Python.framework/Versions/3.13/lib/python3.13/site-packages/pymongo/synchronous/collection.py", line 2387, in create_index
    return (self._create_indexes([index], session, **cmd_options))[0]
            ~~~~~~~~~~~~~~~~~~~~^^^^^^^^^^^^^^^^^^^^^^^^^^^^^^^^^
  File "/Library/Frameworks/Python.framework/Versions/3.13/lib/python3.13/site-packages/pymongo/_csot.py", line 125, in csot_wrapper
    return func(self, *args, **kwargs)
  File "/Library/Frameworks/Python.framework/Versions/3.13/lib/python3.13/site-packages/pymongo/synchronous/collection.py", line 2261, in _create_indexes
    self._command(
    ~~~~~~~~~~~~~^
        conn,
        ^^^^^
    ...<4 lines>...
        session=session,
        ^^^^^^^^^^^^^^^^
    )
    ^
  File "/Library/Frameworks/Python.framework/Versions/3.13/lib/python3.13/site-packages/pymongo/synchronous/collection.py", line 621, in _command
    return conn.command(
           ~~~~~~~~~~~~^
        self._database.name,
        ^^^^^^^^^^^^^^^^^^^^
    ...<12 lines>...
        user_fields=user_fields,
        ^^^^^^^^^^^^^^^^^^^^^^^^
    )
    ^
  File "/Library/Frameworks/Python.framework/Versions/3.13/lib/python3.13/site-packages/pymongo/synchronous/helpers.py", line 47, in inner
    return func(*args, **kwargs)
  File "/Library/Frameworks/Python.framework/Versions/3.13/lib/python3.13/site-packages/pymongo/synchronous/pool.py", line 413, in command
    return command(
        self,
    ...<20 lines>...
        write_concern=write_concern,
    )
  File "/Library/Frameworks/Python.framework/Versions/3.13/lib/python3.13/site-packages/pymongo/synchronous/network.py", line 212, in command
    helpers_shared._check_command_response(
    ~~~~~~~~~~~~~~~~~~~~~~~~~~~~~~~~~~~~~~^
        response_doc,
        ^^^^^^^^^^^^^
    ...<2 lines>...
        parse_write_concern_error=parse_write_concern_error,
        ^^^^^^^^^^^^^^^^^^^^^^^^^^^^^^^^^^^^^^^^^^^^^^^^^^^^
    )
    ^
  File "/Library/Frameworks/Python.framework/Versions/3.13/lib/python3.13/site-packages/pymongo/helpers_shared.py", line 284, in _check_command_response
    raise OperationFailure(errmsg, code, response, max_wire_version)
pymongo.errors.OperationFailure: Index already exists with a different name: ftd_std_unique, full error: {'ok': 0.0, 'errmsg': 'Index already exists with a different name: ftd_std_unique', 'code': 85, 'codeName': 'IndexOptionsConflict', '$clusterTime': {'clusterTime': Timestamp(1764004528, 8), 'signature': {'hash': b'o\xb2\x93?$T"\xc4qn\xce\x0cv\xc2\x8f\x11\x99\x85L:', 'keyId': 7574261924137795590}}, 'operationTime': Timestamp(1764004528, 8)}
2025-11-25 01:16:36,232 [ERROR] Unexpected error; retrying in 60 seconds.
Traceback (most recent call last):
  File "/Users/nera_thomas/Desktop/Telemarketing/UM_US.py", line 2980, in <module>
    Fetch.ftd_stdReport("29018465.asia", "uea8", "MYR", "+08:00", "UM_FTD_STD", "1kp3WplRQJt79CTsq8fKcRc9N5f58I3xo1sxVHt_7SD0", "UM STD")
    ~~~~~~~~~~~~~~~~~~~^^^^^^^^^^^^^^^^^^^^^^^^^^^^^^^^^^^^^^^^^^^^^^^^^^^^^^^^^^^^^^^^^^^^^^^^^^^^^^^^^^^^^^^^^^^^^^^^^^^^^^^^^^^^^^^^^^
  File "/Users/nera_thomas/Desktop/Telemarketing/UM_US.py", line 2101, in ftd_stdReport
    cls.mongodbAPI_FTD_STD(data["data"], collection)
    ~~~~~~~~~~~~~~~~~~~~~~^^^^^^^^^^^^^^^^^^^^^^^^^^
  File "/Users/nera_thomas/Desktop/Telemarketing/UM_US.py", line 540, in mongodbAPI_FTD_STD
    collection.create_index(
    ~~~~~~~~~~~~~~~~~~~~~~~^
        [("username", 1), ("name", 1), ("completed_date", 1)],
        ^^^^^^^^^^^^^^^^^^^^^^^^^^^^^^^^^^^^^^^^^^^^^^^^^^^^^^
        unique=True
        ^^^^^^^^^^^
    )
    ^
  File "/Library/Frameworks/Python.framework/Versions/3.13/lib/python3.13/site-packages/pymongo/synchronous/collection.py", line 2387, in create_index
    return (self._create_indexes([index], session, **cmd_options))[0]
            ~~~~~~~~~~~~~~~~~~~~^^^^^^^^^^^^^^^^^^^^^^^^^^^^^^^^^
  File "/Library/Frameworks/Python.framework/Versions/3.13/lib/python3.13/site-packages/pymongo/_csot.py", line 125, in csot_wrapper
    return func(self, *args, **kwargs)
  File "/Library/Frameworks/Python.framework/Versions/3.13/lib/python3.13/site-packages/pymongo/synchronous/collection.py", line 2261, in _create_indexes
    self._command(
    ~~~~~~~~~~~~~^
        conn,
        ^^^^^
    ...<4 lines>...
        session=session,
        ^^^^^^^^^^^^^^^^
    )
    ^
  File "/Library/Frameworks/Python.framework/Versions/3.13/lib/python3.13/site-packages/pymongo/synchronous/collection.py", line 621, in _command
    return conn.command(
           ~~~~~~~~~~~~^
        self._database.name,
        ^^^^^^^^^^^^^^^^^^^^
    ...<12 lines>...
        user_fields=user_fields,
        ^^^^^^^^^^^^^^^^^^^^^^^^
    )
    ^
  File "/Library/Frameworks/Python.framework/Versions/3.13/lib/python3.13/site-packages/pymongo/synchronous/helpers.py", line 47, in inner
    return func(*args, **kwargs)
  File "/Library/Frameworks/Python.framework/Versions/3.13/lib/python3.13/site-packages/pymongo/synchronous/pool.py", line 413, in command
    return command(
        self,
    ...<20 lines>...
        write_concern=write_concern,
    )
  File "/Library/Frameworks/Python.framework/Versions/3.13/lib/python3.13/site-packages/pymongo/synchronous/network.py", line 212, in command
    helpers_shared._check_command_response(
    ~~~~~~~~~~~~~~~~~~~~~~~~~~~~~~~~~~~~~~^
        response_doc,
        ^^^^^^^^^^^^^
    ...<2 lines>...
        parse_write_concern_error=parse_write_concern_error,
        ^^^^^^^^^^^^^^^^^^^^^^^^^^^^^^^^^^^^^^^^^^^^^^^^^^^^
    )
    ^
  File "/Library/Frameworks/Python.framework/Versions/3.13/lib/python3.13/site-packages/pymongo/helpers_shared.py", line 284, in _check_command_response
    raise OperationFailure(errmsg, code, response, max_wire_version)
pymongo.errors.OperationFailure: Index already exists with a different name: ftd_std_unique, full error: {'ok': 0.0, 'errmsg': 'Index already exists with a different name: ftd_std_unique', 'code': 85, 'codeName': 'IndexOptionsConflict', '$clusterTime': {'clusterTime': Timestamp(1764004594, 3), 'signature': {'hash': b'\xac\xec\x14\x96\x16o.-F,\x97\xe2R\x03\xd8\xe5\x932X_', 'keyId': 7574261924137795590}}, 'operationTime': Timestamp(1764004594, 3)}
2025-11-25 01:17:39,325 [ERROR] Unexpected error; retrying in 60 seconds.
Traceback (most recent call last):
  File "/Users/nera_thomas/Desktop/Telemarketing/UM_US.py", line 2980, in <module>
    Fetch.ftd_stdReport("29018465.asia", "uea8", "MYR", "+08:00", "UM_FTD_STD", "1kp3WplRQJt79CTsq8fKcRc9N5f58I3xo1sxVHt_7SD0", "UM STD")
    ~~~~~~~~~~~~~~~~~~~^^^^^^^^^^^^^^^^^^^^^^^^^^^^^^^^^^^^^^^^^^^^^^^^^^^^^^^^^^^^^^^^^^^^^^^^^^^^^^^^^^^^^^^^^^^^^^^^^^^^^^^^^^^^^^^^^^
  File "/Users/nera_thomas/Desktop/Telemarketing/UM_US.py", line 2101, in ftd_stdReport
    cls.mongodbAPI_FTD_STD(data["data"], collection)
    ~~~~~~~~~~~~~~~~~~~~~~^^^^^^^^^^^^^^^^^^^^^^^^^^
  File "/Users/nera_thomas/Desktop/Telemarketing/UM_US.py", line 540, in mongodbAPI_FTD_STD
    collection.create_index(
    ~~~~~~~~~~~~~~~~~~~~~~~^
        [("username", 1), ("name", 1), ("completed_date", 1)],
        ^^^^^^^^^^^^^^^^^^^^^^^^^^^^^^^^^^^^^^^^^^^^^^^^^^^^^^
        unique=True
        ^^^^^^^^^^^
    )
    ^
  File "/Library/Frameworks/Python.framework/Versions/3.13/lib/python3.13/site-packages/pymongo/synchronous/collection.py", line 2387, in create_index
    return (self._create_indexes([index], session, **cmd_options))[0]
            ~~~~~~~~~~~~~~~~~~~~^^^^^^^^^^^^^^^^^^^^^^^^^^^^^^^^^
  File "/Library/Frameworks/Python.framework/Versions/3.13/lib/python3.13/site-packages/pymongo/_csot.py", line 125, in csot_wrapper
    return func(self, *args, **kwargs)
  File "/Library/Frameworks/Python.framework/Versions/3.13/lib/python3.13/site-packages/pymongo/synchronous/collection.py", line 2261, in _create_indexes
    self._command(
    ~~~~~~~~~~~~~^
        conn,
        ^^^^^
    ...<4 lines>...
        session=session,
        ^^^^^^^^^^^^^^^^
    )
    ^
  File "/Library/Frameworks/Python.framework/Versions/3.13/lib/python3.13/site-packages/pymongo/synchronous/collection.py", line 621, in _command
    return conn.command(
           ~~~~~~~~~~~~^
        self._database.name,
        ^^^^^^^^^^^^^^^^^^^^
    ...<12 lines>...
        user_fields=user_fields,
        ^^^^^^^^^^^^^^^^^^^^^^^^
    )
    ^
  File "/Library/Frameworks/Python.framework/Versions/3.13/lib/python3.13/site-packages/pymongo/synchronous/helpers.py", line 47, in inner
    return func(*args, **kwargs)
  File "/Library/Frameworks/Python.framework/Versions/3.13/lib/python3.13/site-packages/pymongo/synchronous/pool.py", line 413, in command
    return command(
        self,
    ...<20 lines>...
        write_concern=write_concern,
    )
  File "/Library/Frameworks/Python.framework/Versions/3.13/lib/python3.13/site-packages/pymongo/synchronous/network.py", line 212, in command
    helpers_shared._check_command_response(
    ~~~~~~~~~~~~~~~~~~~~~~~~~~~~~~~~~~~~~~^
        response_doc,
        ^^^^^^^^^^^^^
    ...<2 lines>...
        parse_write_concern_error=parse_write_concern_error,
        ^^^^^^^^^^^^^^^^^^^^^^^^^^^^^^^^^^^^^^^^^^^^^^^^^^^^
    )
    ^
  File "/Library/Frameworks/Python.framework/Versions/3.13/lib/python3.13/site-packages/pymongo/helpers_shared.py", line 284, in _check_command_response
    raise OperationFailure(errmsg, code, response, max_wire_version)
pymongo.errors.OperationFailure: Index already exists with a different name: ftd_std_unique, full error: {'ok': 0.0, 'errmsg': 'Index already exists with a different name: ftd_std_unique', 'code': 85, 'codeName': 'IndexOptionsConflict', '$clusterTime': {'clusterTime': Timestamp(1764004650, 1), 'signature': {'hash': b'\x1akEw\xad\x12tT\xf4\xc0e\x96\xa3\xad\xa8\x00.\xe4\x04\xe1', 'keyId': 7574261924137795590}}, 'operationTime': Timestamp(1764004650, 1)}
2025-11-25 01:18:30,914 [ERROR] Unexpected error; retrying in 60 seconds.
Traceback (most recent call last):
  File "/Users/nera_thomas/Desktop/Telemarketing/UM_US.py", line 2980, in <module>
    Fetch.ftd_stdReport("29018465.asia", "uea8", "MYR", "+08:00", "UM_FTD_STD", "1kp3WplRQJt79CTsq8fKcRc9N5f58I3xo1sxVHt_7SD0", "UM STD")
    ~~~~~~~~~~~~~~~~~~~^^^^^^^^^^^^^^^^^^^^^^^^^^^^^^^^^^^^^^^^^^^^^^^^^^^^^^^^^^^^^^^^^^^^^^^^^^^^^^^^^^^^^^^^^^^^^^^^^^^^^^^^^^^^^^^^^^
  File "/Users/nera_thomas/Desktop/Telemarketing/UM_US.py", line 2101, in ftd_stdReport
    cls.mongodbAPI_FTD_STD(data["data"], collection)
    ~~~~~~~~~~~~~~~~~~~~~~^^^^^^^^^^^^^^^^^^^^^^^^^^
  File "/Users/nera_thomas/Desktop/Telemarketing/UM_US.py", line 540, in mongodbAPI_FTD_STD
    collection.create_index(
    ~~~~~~~~~~~~~~~~~~~~~~~^
        [("username", 1), ("name", 1), ("completed_date", 1)],
        ^^^^^^^^^^^^^^^^^^^^^^^^^^^^^^^^^^^^^^^^^^^^^^^^^^^^^^
        unique=True
        ^^^^^^^^^^^
    )
    ^
  File "/Library/Frameworks/Python.framework/Versions/3.13/lib/python3.13/site-packages/pymongo/synchronous/collection.py", line 2387, in create_index
    return (self._create_indexes([index], session, **cmd_options))[0]
            ~~~~~~~~~~~~~~~~~~~~^^^^^^^^^^^^^^^^^^^^^^^^^^^^^^^^^
  File "/Library/Frameworks/Python.framework/Versions/3.13/lib/python3.13/site-packages/pymongo/_csot.py", line 125, in csot_wrapper
    return func(self, *args, **kwargs)
  File "/Library/Frameworks/Python.framework/Versions/3.13/lib/python3.13/site-packages/pymongo/synchronous/collection.py", line 2261, in _create_indexes
    self._command(
    ~~~~~~~~~~~~~^
        conn,
        ^^^^^
    ...<4 lines>...
        session=session,
        ^^^^^^^^^^^^^^^^
    )
    ^
  File "/Library/Frameworks/Python.framework/Versions/3.13/lib/python3.13/site-packages/pymongo/synchronous/collection.py", line 621, in _command
    return conn.command(
           ~~~~~~~~~~~~^
        self._database.name,
        ^^^^^^^^^^^^^^^^^^^^
    ...<12 lines>...
        user_fields=user_fields,
        ^^^^^^^^^^^^^^^^^^^^^^^^
    )
    ^
  File "/Library/Frameworks/Python.framework/Versions/3.13/lib/python3.13/site-packages/pymongo/synchronous/helpers.py", line 47, in inner
    return func(*args, **kwargs)
  File "/Library/Frameworks/Python.framework/Versions/3.13/lib/python3.13/site-packages/pymongo/synchronous/pool.py", line 413, in command
    return command(
        self,
    ...<20 lines>...
        write_concern=write_concern,
    )
  File "/Library/Frameworks/Python.framework/Versions/3.13/lib/python3.13/site-packages/pymongo/synchronous/network.py", line 212, in command
    helpers_shared._check_command_response(
    ~~~~~~~~~~~~~~~~~~~~~~~~~~~~~~~~~~~~~~^
        response_doc,
        ^^^^^^^^^^^^^
    ...<2 lines>...
        parse_write_concern_error=parse_write_concern_error,
        ^^^^^^^^^^^^^^^^^^^^^^^^^^^^^^^^^^^^^^^^^^^^^^^^^^^^
    )
    ^
  File "/Library/Frameworks/Python.framework/Versions/3.13/lib/python3.13/site-packages/pymongo/helpers_shared.py", line 284, in _check_command_response
    raise OperationFailure(errmsg, code, response, max_wire_version)
pymongo.errors.OperationFailure: Index already exists with a different name: ftd_std_unique, full error: {'ok': 0.0, 'errmsg': 'Index already exists with a different name: ftd_std_unique', 'code': 85, 'codeName': 'IndexOptionsConflict', '$clusterTime': {'clusterTime': Timestamp(1764004710, 1), 'signature': {'hash': b'X\x90HU\x93G\x18\x95V\x81\xb73\x95mG"\xb6\xc9\xbez', 'keyId': 7574261924137795590}}, 'operationTime': Timestamp(1764004710, 1)}
2025-11-25 01:19:34,334 [ERROR] Unexpected error; retrying in 60 seconds.
Traceback (most recent call last):
  File "/Users/nera_thomas/Desktop/Telemarketing/UM_US.py", line 2980, in <module>
    print("\n>>== IBS UM MY ==<<")
    ~~~~~^^^^^^^^^^^^^^^^^^^^^^^^^
  File "/Users/nera_thomas/Desktop/Telemarketing/UM_US.py", line 2101, in ftd_stdReport
    if "data" in data and len(data["data"]) > 0:
        ^^^^^^^^^^^^^^^^^^^^^^^^^^^^^^^^^^^^^^^^
  File "/Users/nera_thomas/Desktop/Telemarketing/UM_US.py", line 540, in mongodbAPI_FTD_STD
    collection.create_index(
    ^^^^^^^^^^^^^^^^^^^^^^^^
    ...<2 lines>...
        unique=True
    
  File "/Library/Frameworks/Python.framework/Versions/3.13/lib/python3.13/site-packages/pymongo/synchronous/collection.py", line 2387, in create_index
    return (self._create_indexes([index], session, **cmd_options))[0]
            ~~~~~~~~~~~~~~~~~~~~^^^^^^^^^^^^^^^^^^^^^^^^^^^^^^^^^
  File "/Library/Frameworks/Python.framework/Versions/3.13/lib/python3.13/site-packages/pymongo/_csot.py", line 125, in csot_wrapper
    return func(self, *args, **kwargs)
  File "/Library/Frameworks/Python.framework/Versions/3.13/lib/python3.13/site-packages/pymongo/synchronous/collection.py", line 2261, in _create_indexes
    self._command(
    ~~~~~~~~~~~~~^
        conn,
        ^^^^^
    ...<4 lines>...
        session=session,
        ^^^^^^^^^^^^^^^^
    )
    ^
  File "/Library/Frameworks/Python.framework/Versions/3.13/lib/python3.13/site-packages/pymongo/synchronous/collection.py", line 621, in _command
    return conn.command(
           ~~~~~~~~~~~~^
        self._database.name,
        ^^^^^^^^^^^^^^^^^^^^
    ...<12 lines>...
        user_fields=user_fields,
        ^^^^^^^^^^^^^^^^^^^^^^^^
    )
    ^
  File "/Library/Frameworks/Python.framework/Versions/3.13/lib/python3.13/site-packages/pymongo/synchronous/helpers.py", line 47, in inner
    return func(*args, **kwargs)
  File "/Library/Frameworks/Python.framework/Versions/3.13/lib/python3.13/site-packages/pymongo/synchronous/pool.py", line 413, in command
    return command(
        self,
    ...<20 lines>...
        write_concern=write_concern,
    )
  File "/Library/Frameworks/Python.framework/Versions/3.13/lib/python3.13/site-packages/pymongo/synchronous/network.py", line 212, in command
    helpers_shared._check_command_response(
    ~~~~~~~~~~~~~~~~~~~~~~~~~~~~~~~~~~~~~~^
        response_doc,
        ^^^^^^^^^^^^^
    ...<2 lines>...
        parse_write_concern_error=parse_write_concern_error,
        ^^^^^^^^^^^^^^^^^^^^^^^^^^^^^^^^^^^^^^^^^^^^^^^^^^^^
    )
    ^
  File "/Library/Frameworks/Python.framework/Versions/3.13/lib/python3.13/site-packages/pymongo/helpers_shared.py", line 284, in _check_command_response
    raise OperationFailure(errmsg, code, response, max_wire_version)
pymongo.errors.OperationFailure: Index already exists with a different name: ftd_std_unique, full error: {'ok': 0.0, 'errmsg': 'Index already exists with a different name: ftd_std_unique', 'code': 85, 'codeName': 'IndexOptionsConflict', '$clusterTime': {'clusterTime': Timestamp(1764004769, 2), 'signature': {'hash': b'\xff\x1d\x83,^\xa0m\x865F\x81<\x1d\xf0\xd5\xa3\xd3\xfe^C', 'keyId': 7574261924137795590}}, 'operationTime': Timestamp(1764004769, 2)}
2025-11-25 01:20:37,412 [ERROR] Unexpected error; retrying in 60 seconds.
Traceback (most recent call last):
  File "/Users/nera_thomas/Desktop/Telemarketing/UM_US.py", line 2980, in <module>
    print("\n>>== IBS UM MY ==<<")
    ~~~~~^^^^^^^^^^^^^^^^^^^^^^^^^
  File "/Users/nera_thomas/Desktop/Telemarketing/UM_US.py", line 2101, in ftd_stdReport
    if "data" in data and len(data["data"]) > 0:
        ^^^^^^^^^^^^^^^^^^^^^^^^^^^^^^^^^^^^^^^^
  File "/Users/nera_thomas/Desktop/Telemarketing/UM_US.py", line 540, in mongodbAPI_FTD_STD
    collection.create_index(
    ^^^^^^^^^^^^^^^^^^^^^^^^
    ...<2 lines>...
        unique=True
    
  File "/Library/Frameworks/Python.framework/Versions/3.13/lib/python3.13/site-packages/pymongo/synchronous/collection.py", line 2387, in create_index
    return (self._create_indexes([index], session, **cmd_options))[0]
            ~~~~~~~~~~~~~~~~~~~~^^^^^^^^^^^^^^^^^^^^^^^^^^^^^^^^^
  File "/Library/Frameworks/Python.framework/Versions/3.13/lib/python3.13/site-packages/pymongo/_csot.py", line 125, in csot_wrapper
    return func(self, *args, **kwargs)
  File "/Library/Frameworks/Python.framework/Versions/3.13/lib/python3.13/site-packages/pymongo/synchronous/collection.py", line 2261, in _create_indexes
    self._command(
    ~~~~~~~~~~~~~^
        conn,
        ^^^^^
    ...<4 lines>...
        session=session,
        ^^^^^^^^^^^^^^^^
    )
    ^
  File "/Library/Frameworks/Python.framework/Versions/3.13/lib/python3.13/site-packages/pymongo/synchronous/collection.py", line 621, in _command
    return conn.command(
           ~~~~~~~~~~~~^
        self._database.name,
        ^^^^^^^^^^^^^^^^^^^^
    ...<12 lines>...
        user_fields=user_fields,
        ^^^^^^^^^^^^^^^^^^^^^^^^
    )
    ^
  File "/Library/Frameworks/Python.framework/Versions/3.13/lib/python3.13/site-packages/pymongo/synchronous/helpers.py", line 47, in inner
    return func(*args, **kwargs)
  File "/Library/Frameworks/Python.framework/Versions/3.13/lib/python3.13/site-packages/pymongo/synchronous/pool.py", line 413, in command
    return command(
        self,
    ...<20 lines>...
        write_concern=write_concern,
    )
  File "/Library/Frameworks/Python.framework/Versions/3.13/lib/python3.13/site-packages/pymongo/synchronous/network.py", line 212, in command
    helpers_shared._check_command_response(
    ~~~~~~~~~~~~~~~~~~~~~~~~~~~~~~~~~~~~~~^
        response_doc,
        ^^^^^^^^^^^^^
    ...<2 lines>...
        parse_write_concern_error=parse_write_concern_error,
        ^^^^^^^^^^^^^^^^^^^^^^^^^^^^^^^^^^^^^^^^^^^^^^^^^^^^
    )
    ^
  File "/Library/Frameworks/Python.framework/Versions/3.13/lib/python3.13/site-packages/pymongo/helpers_shared.py", line 284, in _check_command_response
    raise OperationFailure(errmsg, code, response, max_wire_version)
pymongo.errors.OperationFailure: Index already exists with a different name: ftd_std_unique, full error: {'ok': 0.0, 'errmsg': 'Index already exists with a different name: ftd_std_unique', 'code': 85, 'codeName': 'IndexOptionsConflict', '$clusterTime': {'clusterTime': Timestamp(1764004828, 9), 'signature': {'hash': b'\xecZ\x03\x92\x9b\xe7x\xd2\xe07\xae.\xfa$p\xdfq\xee\x93D', 'keyId': 7574261924137795590}}, 'operationTime': Timestamp(1764004828, 9)}
2025-11-25 01:51:43,376 [ERROR] Unexpected error; retrying in 60 seconds.
Traceback (most recent call last):
  File "/Users/nera_thomas/Desktop/Telemarketing/UM_US.py", line 2975, in <module>
    Fetch.ftd_stdReport("29018465.asia", "uea8", "MYR", "+08:00", "UM_FTD_STD", "1kp3WplRQJt79CTsq8fKcRc9N5f58I3xo1sxVHt_7SD0", "UM STD")
    ~~~~~~~~~~~~~~~~~~~^^^^^^^^^^^^^^^^^^^^^^^^^^^^^^^^^^^^^^^^^^^^^^^^^^^^^^^^^^^^^^^^^^^^^^^^^^^^^^^^^^^^^^^^^^^^^^^^^^^^^^^^^^^^^^^^^^
  File "/Users/nera_thomas/Desktop/Telemarketing/UM_US.py", line 2094, in ftd_stdReport
    cls.mongodbAPI_FTD_STD(rows, collection)
    ~~~~~~~~~~~~~~~~~~~~~~^^^^^^^^^^^^^^^^^^
  File "/Users/nera_thomas/Desktop/Telemarketing/UM_US.py", line 616, in mongodbAPI_FTD_STD
    "player_id": str(player_id) if member_id is not None else "",
                                   ^^^^^^^^^
NameError: name 'member_id' is not defined
2025-11-25 11:10:04,494 [ERROR] Unexpected error; retrying in 60 seconds.
Traceback (most recent call last):
  File "/Users/nera_thomas/Desktop/Telemarketing/UM_US.py", line 3302, in <module>
    Fetch.ssbo_ftd_stdReport("uea", "MYR", "SSBO_UM_FTD_STD", "1kp3WplRQJt79CTsq8fKcRc9N5f58I3xo1sxVHt_7SD0", "UM STD")
    ~~~~~~~~~~~~~~~~~~~~~~~~^^^^^^^^^^^^^^^^^^^^^^^^^^^^^^^^^^^^^^^^^^^^^^^^^^^^^^^^^^^^^^^^^^^^^^^^^^^^^^^^^^^^^^^^^^^
  File "/Users/nera_thomas/Desktop/Telemarketing/UM_US.py", line 2365, in ssbo_ftd_stdReport
    "page": page,
            ^^^^
UnboundLocalError: cannot access local variable 'page' where it is not associated with a value
2025-11-25 11:11:05,169 [ERROR] Unexpected error; retrying in 60 seconds.
Traceback (most recent call last):
  File "/Users/nera_thomas/Desktop/Telemarketing/UM_US.py", line 3302, in <module>
    Fetch.ssbo_ftd_stdReport("uea", "MYR", "SSBO_UM_FTD_STD", "1kp3WplRQJt79CTsq8fKcRc9N5f58I3xo1sxVHt_7SD0", "UM STD")
    ~~~~~~~~~~~~~~~~~~~~~~~~^^^^^^^^^^^^^^^^^^^^^^^^^^^^^^^^^^^^^^^^^^^^^^^^^^^^^^^^^^^^^^^^^^^^^^^^^^^^^^^^^^^^^^^^^^^
  File "/Users/nera_thomas/Desktop/Telemarketing/UM_US.py", line 2365, in ssbo_ftd_stdReport
    "page": page,
            ^^^^
UnboundLocalError: cannot access local variable 'page' where it is not associated with a value
2025-11-25 11:12:05,846 [ERROR] Unexpected error; retrying in 60 seconds.
Traceback (most recent call last):
  File "/Users/nera_thomas/Desktop/Telemarketing/UM_US.py", line 3302, in <module>
    # IBS UM MY
  File "/Users/nera_thomas/Desktop/Telemarketing/UM_US.py", line 2365, in ssbo_ftd_stdReport
UnboundLocalError: cannot access local variable 'page' where it is not associated with a value
2025-11-25 11:12:31,765 [ERROR] Unexpected error; retrying in 60 seconds.
Traceback (most recent call last):
  File "/Users/nera_thomas/Desktop/Telemarketing/UM_US.py", line 3304, in <module>
    Fetch.ssbo_ftd_stdReport("uea", "MYR", "SSBO_UM_FTD_STD", "1kp3WplRQJt79CTsq8fKcRc9N5f58I3xo1sxVHt_7SD0", "UM STD")
    ~~~~~~~~~~~~~~~~~~~~~~~~^^^^^^^^^^^^^^^^^^^^^^^^^^^^^^^^^^^^^^^^^^^^^^^^^^^^^^^^^^^^^^^^^^^^^^^^^^^^^^^^^^^^^^^^^^^
  File "/Users/nera_thomas/Desktop/Telemarketing/UM_US.py", line 2367, in ssbo_ftd_stdReport
    "page": page,
            ^^^^
UnboundLocalError: cannot access local variable 'page' where it is not associated with a value
2025-11-25 11:13:32,438 [ERROR] Unexpected error; retrying in 60 seconds.
Traceback (most recent call last):
  File "/Users/nera_thomas/Desktop/Telemarketing/UM_US.py", line 3304, in <module>
    Fetch.ssbo_ftd_stdReport("uea", "MYR", "SSBO_UM_FTD_STD", "1kp3WplRQJt79CTsq8fKcRc9N5f58I3xo1sxVHt_7SD0", "UM STD")
    ~~~~~~~~~~~~~~~~~~~~~~~~^^^^^^^^^^^^^^^^^^^^^^^^^^^^^^^^^^^^^^^^^^^^^^^^^^^^^^^^^^^^^^^^^^^^^^^^^^^^^^^^^^^^^^^^^^^
  File "/Users/nera_thomas/Desktop/Telemarketing/UM_US.py", line 2367, in ssbo_ftd_stdReport
    "page": page,
            ^^^^
UnboundLocalError: cannot access local variable 'page' where it is not associated with a value
2025-11-25 11:14:33,104 [ERROR] Unexpected error; retrying in 60 seconds.
Traceback (most recent call last):
  File "/Users/nera_thomas/Desktop/Telemarketing/UM_US.py", line 3304, in <module>
    Fetch.ssbo_ftd_stdReport("uea", "MYR", "SSBO_UM_FTD_STD", "1kp3WplRQJt79CTsq8fKcRc9N5f58I3xo1sxVHt_7SD0", "UM STD")
    ~~~~~~~~~~~~~~~~~~~~~~~~^^^^^^^^^^^^^^^^^^^^^^^^^^^^^^^^^^^^^^^^^^^^^^^^^^^^^^^^^^^^^^^^^^^^^^^^^^^^^^^^^^^^^^^^^^^
  File "/Users/nera_thomas/Desktop/Telemarketing/UM_US.py", line 2367, in ssbo_ftd_stdReport
    "page": page,
            ^^^^
UnboundLocalError: cannot access local variable 'page' where it is not associated with a value
2025-11-25 11:18:59,767 [ERROR] Unexpected error; retrying in 60 seconds.
Traceback (most recent call last):
  File "/Users/nera_thomas/Desktop/Telemarketing/UM_US.py", line 3302, in <module>
    Fetch.ssbo_ftd_stdReport("uea", "MYR", "SSBO_UM_FTD_STD", "1kp3WplRQJt79CTsq8fKcRc9N5f58I3xo1sxVHt_7SD0", "UM STD")
    ~~~~~~~~~~~~~~~~~~~~~~~~^^^^^^^^^^^^^^^^^^^^^^^^^^^^^^^^^^^^^^^^^^^^^^^^^^^^^^^^^^^^^^^^^^^^^^^^^^^^^^^^^^^^^^^^^^^
  File "/Users/nera_thomas/Desktop/Telemarketing/UM_US.py", line 2365, in ssbo_ftd_stdReport
    "page": page,
            ^^^^
UnboundLocalError: cannot access local variable 'page' where it is not associated with a value
2025-11-25 11:20:00,437 [ERROR] Unexpected error; retrying in 60 seconds.
Traceback (most recent call last):
  File "/Users/nera_thomas/Desktop/Telemarketing/UM_US.py", line 3302, in <module>
    Fetch.ssbo_ftd_stdReport("uea", "MYR", "SSBO_UM_FTD_STD", "1kp3WplRQJt79CTsq8fKcRc9N5f58I3xo1sxVHt_7SD0", "UM STD")
    ~~~~~~~~~~~~~~~~~~~~~~~~^^^^^^^^^^^^^^^^^^^^^^^^^^^^^^^^^^^^^^^^^^^^^^^^^^^^^^^^^^^^^^^^^^^^^^^^^^^^^^^^^^^^^^^^^^^
  File "/Users/nera_thomas/Desktop/Telemarketing/UM_US.py", line 2365, in ssbo_ftd_stdReport
    "page": page,
            ^^^^
UnboundLocalError: cannot access local variable 'page' where it is not associated with a value
2025-11-25 15:10:38,709 [ERROR] Unexpected error; retrying in 60 seconds.
urllib3.exceptions.SSLError: [SSL: UNEXPECTED_EOF_WHILE_READING] EOF occurred in violation of protocol (_ssl.c:1035)

The above exception was the direct cause of the following exception:

Traceback (most recent call last):
  File "/Library/Frameworks/Python.framework/Versions/3.13/lib/python3.13/site-packages/requests/adapters.py", line 644, in send
    resp = conn.urlopen(
        method=request.method,
    ...<9 lines>...
        chunked=chunked,
    )
  File "/Library/Frameworks/Python.framework/Versions/3.13/lib/python3.13/site-packages/urllib3/connectionpool.py", line 841, in urlopen
    retries = retries.increment(
        method, url, error=new_e, _pool=self, _stacktrace=sys.exc_info()[2]
    )
  File "/Library/Frameworks/Python.framework/Versions/3.13/lib/python3.13/site-packages/urllib3/util/retry.py", line 519, in increment
    raise MaxRetryError(_pool, url, reason) from reason  # type: ignore[arg-type]
    ^^^^^^^^^^^^^^^^^^^^^^^^^^^^^^^^^^^^^^^^^^^^^^^^^^^
urllib3.exceptions.MaxRetryError: HTTPSConnectionPool(host='aw8.premium-bo.com', port=443): Max retries exceeded with url: /cashmarket/api/sbo/member-management/get-member-list-by-filter?page=1&size=200&sort=m.id,DESC&cacheBuster=1762790852830 (Caused by SSLError(SSLEOFError(8, '[SSL: UNEXPECTED_EOF_WHILE_READING] EOF occurred in violation of protocol (_ssl.c:1035)')))

During handling of the above exception, another exception occurred:

Traceback (most recent call last):
  File "/Users/nera_thomas/Desktop/Telemarketing/UM_US.py", line 3461, in <module>
    "pending": "false",
  File "/Users/nera_thomas/Desktop/Telemarketing/UM_US.py", line 2812, in ssbo_member_info
    data = response.json()
  File "/Library/Frameworks/Python.framework/Versions/3.13/lib/python3.13/site-packages/requests/api.py", line 59, in request
    return session.request(method=method, url=url, **kwargs)
           ~~~~~~~~~~~~~~~^^^^^^^^^^^^^^^^^^^^^^^^^^^^^^^^^^
  File "/Library/Frameworks/Python.framework/Versions/3.13/lib/python3.13/site-packages/requests/sessions.py", line 589, in request
    resp = self.send(prep, **send_kwargs)
  File "/Library/Frameworks/Python.framework/Versions/3.13/lib/python3.13/site-packages/requests/sessions.py", line 703, in send
    r = adapter.send(request, **kwargs)
  File "/Library/Frameworks/Python.framework/Versions/3.13/lib/python3.13/site-packages/requests/adapters.py", line 675, in send
    raise SSLError(e, request=request)
requests.exceptions.SSLError: HTTPSConnectionPool(host='aw8.premium-bo.com', port=443): Max retries exceeded with url: /cashmarket/api/sbo/member-management/get-member-list-by-filter?page=1&size=200&sort=m.id,DESC&cacheBuster=1762790852830 (Caused by SSLError(SSLEOFError(8, '[SSL: UNEXPECTED_EOF_WHILE_READING] EOF occurred in violation of protocol (_ssl.c:1035)')))
2025-11-25 16:19:54,000 [ERROR] Unexpected error; retrying in 60 seconds.
urllib3.exceptions.SSLError: [SSL: UNEXPECTED_EOF_WHILE_READING] EOF occurred in violation of protocol (_ssl.c:1035)

The above exception was the direct cause of the following exception:

Traceback (most recent call last):
  File "/Library/Frameworks/Python.framework/Versions/3.13/lib/python3.13/site-packages/requests/adapters.py", line 644, in send
    resp = conn.urlopen(
        method=request.method,
    ...<9 lines>...
        chunked=chunked,
    )
  File "/Library/Frameworks/Python.framework/Versions/3.13/lib/python3.13/site-packages/urllib3/connectionpool.py", line 841, in urlopen
    retries = retries.increment(
        method, url, error=new_e, _pool=self, _stacktrace=sys.exc_info()[2]
    )
  File "/Library/Frameworks/Python.framework/Versions/3.13/lib/python3.13/site-packages/urllib3/util/retry.py", line 519, in increment
    raise MaxRetryError(_pool, url, reason) from reason  # type: ignore[arg-type]
    ^^^^^^^^^^^^^^^^^^^^^^^^^^^^^^^^^^^^^^^^^^^^^^^^^^^
urllib3.exceptions.MaxRetryError: HTTPSConnectionPool(host='v3-bo.29018465.asia', port=443): Max retries exceeded with url: /api/be/member/get-list (Caused by SSLError(SSLEOFError(8, '[SSL: UNEXPECTED_EOF_WHILE_READING] EOF occurred in violation of protocol (_ssl.c:1035)')))

During handling of the above exception, another exception occurred:

Traceback (most recent call last):
  File "/Users/nera_thomas/Desktop/Telemarketing/UM_US.py", line 3458, in <module>
  File "/Users/nera_thomas/Desktop/Telemarketing/UM_US.py", line 2643, in member_info
    rows = currency_payload.get("data", [])
  File "/Library/Frameworks/Python.framework/Versions/3.13/lib/python3.13/site-packages/requests/api.py", line 115, in post
    return request("post", url, data=data, json=json, **kwargs)
  File "/Library/Frameworks/Python.framework/Versions/3.13/lib/python3.13/site-packages/requests/api.py", line 59, in request
    return session.request(method=method, url=url, **kwargs)
           ~~~~~~~~~~~~~~~^^^^^^^^^^^^^^^^^^^^^^^^^^^^^^^^^^
  File "/Library/Frameworks/Python.framework/Versions/3.13/lib/python3.13/site-packages/requests/sessions.py", line 589, in request
    resp = self.send(prep, **send_kwargs)
  File "/Library/Frameworks/Python.framework/Versions/3.13/lib/python3.13/site-packages/requests/sessions.py", line 703, in send
    r = adapter.send(request, **kwargs)
  File "/Library/Frameworks/Python.framework/Versions/3.13/lib/python3.13/site-packages/requests/adapters.py", line 675, in send
    raise SSLError(e, request=request)
requests.exceptions.SSLError: HTTPSConnectionPool(host='v3-bo.29018465.asia', port=443): Max retries exceeded with url: /api/be/member/get-list (Caused by SSLError(SSLEOFError(8, '[SSL: UNEXPECTED_EOF_WHILE_READING] EOF occurred in violation of protocol (_ssl.c:1035)')))
2025-11-25 16:21:17,311 [ERROR] Unexpected error; retrying in 60 seconds.
urllib3.exceptions.SSLError: [SSL: UNEXPECTED_EOF_WHILE_READING] EOF occurred in violation of protocol (_ssl.c:1035)

The above exception was the direct cause of the following exception:

Traceback (most recent call last):
  File "/Library/Frameworks/Python.framework/Versions/3.13/lib/python3.13/site-packages/requests/adapters.py", line 644, in send
    resp = conn.urlopen(
        method=request.method,
    ...<9 lines>...
        chunked=chunked,
    )
  File "/Library/Frameworks/Python.framework/Versions/3.13/lib/python3.13/site-packages/urllib3/connectionpool.py", line 841, in urlopen
    retries = retries.increment(
        method, url, error=new_e, _pool=self, _stacktrace=sys.exc_info()[2]
    )
  File "/Library/Frameworks/Python.framework/Versions/3.13/lib/python3.13/site-packages/urllib3/util/retry.py", line 519, in increment
    raise MaxRetryError(_pool, url, reason) from reason  # type: ignore[arg-type]
    ^^^^^^^^^^^^^^^^^^^^^^^^^^^^^^^^^^^^^^^^^^^^^^^^^^^
urllib3.exceptions.MaxRetryError: HTTPSConnectionPool(host='aw8.premium-bo.com', port=443): Max retries exceeded with url: /cashmarket/api/sbo/report-management/get-first-time-deposit-report?page=1&size=200&sort=eventTime%2CDESC&tenantId=35&merchants=uea&merchantCode=uea&currencies=MYR&start=2025-11-24T17%3A00%3A00.000Z&startTime=2025-11-24T17%3A00%3A00.000Z&startCreatedTime=2025-11-24T17%3A00%3A00.000Z&end=2025-11-25T16%3A59%3A59.000Z&endTime=2025-11-25T16%3A59%3A59.000Z&endCreatedTime=2025-11-25T16%3A59%3A59.000Z&timezone=8&cacheBuster=1764058869297 (Caused by SSLError(SSLEOFError(8, '[SSL: UNEXPECTED_EOF_WHILE_READING] EOF occurred in violation of protocol (_ssl.c:1035)')))

During handling of the above exception, another exception occurred:

Traceback (most recent call last):
  File "/Users/nera_thomas/Desktop/Telemarketing/UM_US.py", line 3433, in <module>
    )
  File "/Users/nera_thomas/Desktop/Telemarketing/UM_US.py", line 2488, in ssbo_ftd_stdReport
    try:
       ^
  File "/Library/Frameworks/Python.framework/Versions/3.13/lib/python3.13/site-packages/requests/api.py", line 73, in get
    return request("get", url, params=params, **kwargs)
  File "/Library/Frameworks/Python.framework/Versions/3.13/lib/python3.13/site-packages/requests/api.py", line 59, in request
    return session.request(method=method, url=url, **kwargs)
           ~~~~~~~~~~~~~~~^^^^^^^^^^^^^^^^^^^^^^^^^^^^^^^^^^
  File "/Library/Frameworks/Python.framework/Versions/3.13/lib/python3.13/site-packages/requests/sessions.py", line 589, in request
    resp = self.send(prep, **send_kwargs)
  File "/Library/Frameworks/Python.framework/Versions/3.13/lib/python3.13/site-packages/requests/sessions.py", line 703, in send
    r = adapter.send(request, **kwargs)
  File "/Library/Frameworks/Python.framework/Versions/3.13/lib/python3.13/site-packages/requests/adapters.py", line 675, in send
    raise SSLError(e, request=request)
requests.exceptions.SSLError: HTTPSConnectionPool(host='aw8.premium-bo.com', port=443): Max retries exceeded with url: /cashmarket/api/sbo/report-management/get-first-time-deposit-report?page=1&size=200&sort=eventTime%2CDESC&tenantId=35&merchants=uea&merchantCode=uea&currencies=MYR&start=2025-11-24T17%3A00%3A00.000Z&startTime=2025-11-24T17%3A00%3A00.000Z&startCreatedTime=2025-11-24T17%3A00%3A00.000Z&end=2025-11-25T16%3A59%3A59.000Z&endTime=2025-11-25T16%3A59%3A59.000Z&endCreatedTime=2025-11-25T16%3A59%3A59.000Z&timezone=8&cacheBuster=1764058869297 (Caused by SSLError(SSLEOFError(8, '[SSL: UNEXPECTED_EOF_WHILE_READING] EOF occurred in violation of protocol (_ssl.c:1035)')))
2025-11-25 16:24:30,666 [ERROR] Unexpected error; retrying in 60 seconds.
Traceback (most recent call last):
  File "/Library/Frameworks/Python.framework/Versions/3.13/lib/python3.13/site-packages/urllib3/connectionpool.py", line 787, in urlopen
    response = self._make_request(
        conn,
    ...<10 lines>...
        **response_kw,
    )
  File "/Library/Frameworks/Python.framework/Versions/3.13/lib/python3.13/site-packages/urllib3/connectionpool.py", line 534, in _make_request
    response = conn.getresponse()
  File "/Library/Frameworks/Python.framework/Versions/3.13/lib/python3.13/site-packages/urllib3/connection.py", line 565, in getresponse
    httplib_response = super().getresponse()
  File "/Library/Frameworks/Python.framework/Versions/3.13/lib/python3.13/http/client.py", line 1430, in getresponse
    response.begin()
    ~~~~~~~~~~~~~~^^
  File "/Library/Frameworks/Python.framework/Versions/3.13/lib/python3.13/http/client.py", line 331, in begin
    version, status, reason = self._read_status()
                              ~~~~~~~~~~~~~~~~~^^
  File "/Library/Frameworks/Python.framework/Versions/3.13/lib/python3.13/http/client.py", line 292, in _read_status
    line = str(self.fp.readline(_MAXLINE + 1), "iso-8859-1")
               ~~~~~~~~~~~~~~~~^^^^^^^^^^^^^^
  File "/Library/Frameworks/Python.framework/Versions/3.13/lib/python3.13/socket.py", line 719, in readinto
    return self._sock.recv_into(b)
           ~~~~~~~~~~~~~~~~~~~~^^^
  File "/Library/Frameworks/Python.framework/Versions/3.13/lib/python3.13/ssl.py", line 1304, in recv_into
    return self.read(nbytes, buffer)
           ~~~~~~~~~^^^^^^^^^^^^^^^^
  File "/Library/Frameworks/Python.framework/Versions/3.13/lib/python3.13/ssl.py", line 1138, in read
    return self._sslobj.read(len, buffer)
           ~~~~~~~~~~~~~~~~~^^^^^^^^^^^^^
BrokenPipeError: [Errno 32] Broken pipe

The above exception was the direct cause of the following exception:

urllib3.exceptions.ProxyError: ('Unable to connect to proxy', BrokenPipeError(32, 'Broken pipe'))

The above exception was the direct cause of the following exception:

Traceback (most recent call last):
  File "/Library/Frameworks/Python.framework/Versions/3.13/lib/python3.13/site-packages/requests/adapters.py", line 644, in send
    resp = conn.urlopen(
        method=request.method,
    ...<9 lines>...
        chunked=chunked,
    )
  File "/Library/Frameworks/Python.framework/Versions/3.13/lib/python3.13/site-packages/urllib3/connectionpool.py", line 841, in urlopen
    retries = retries.increment(
        method, url, error=new_e, _pool=self, _stacktrace=sys.exc_info()[2]
    )
  File "/Library/Frameworks/Python.framework/Versions/3.13/lib/python3.13/site-packages/urllib3/util/retry.py", line 519, in increment
    raise MaxRetryError(_pool, url, reason) from reason  # type: ignore[arg-type]
    ^^^^^^^^^^^^^^^^^^^^^^^^^^^^^^^^^^^^^^^^^^^^^^^^^^^
urllib3.exceptions.MaxRetryError: HTTPSConnectionPool(host='v3-bo.29018465.asia', port=443): Max retries exceeded with url: /api/be/member/get-list (Caused by ProxyError('Unable to connect to proxy', BrokenPipeError(32, 'Broken pipe')))

During handling of the above exception, another exception occurred:

Traceback (most recent call last):
  File "/Users/nera_thomas/Desktop/Telemarketing/UM_US.py", line 3458, in <module>
  File "/Users/nera_thomas/Desktop/Telemarketing/UM_US.py", line 2670, in member_info
    pagination_last_page = (
           ^^^^^^^^^^^^^^^^^
  File "/Library/Frameworks/Python.framework/Versions/3.13/lib/python3.13/site-packages/requests/api.py", line 115, in post
    return request("post", url, data=data, json=json, **kwargs)
  File "/Library/Frameworks/Python.framework/Versions/3.13/lib/python3.13/site-packages/requests/api.py", line 59, in request
    return session.request(method=method, url=url, **kwargs)
           ~~~~~~~~~~~~~~~^^^^^^^^^^^^^^^^^^^^^^^^^^^^^^^^^^
  File "/Library/Frameworks/Python.framework/Versions/3.13/lib/python3.13/site-packages/requests/sessions.py", line 589, in request
    resp = self.send(prep, **send_kwargs)
  File "/Library/Frameworks/Python.framework/Versions/3.13/lib/python3.13/site-packages/requests/sessions.py", line 703, in send
    r = adapter.send(request, **kwargs)
  File "/Library/Frameworks/Python.framework/Versions/3.13/lib/python3.13/site-packages/requests/adapters.py", line 671, in send
    raise ProxyError(e, request=request)
requests.exceptions.ProxyError: HTTPSConnectionPool(host='v3-bo.29018465.asia', port=443): Max retries exceeded with url: /api/be/member/get-list (Caused by ProxyError('Unable to connect to proxy', BrokenPipeError(32, 'Broken pipe')))
2025-11-25 16:25:39,385 [ERROR] Unexpected error; retrying in 60 seconds.
urllib3.exceptions.SSLError: [SSL: UNEXPECTED_EOF_WHILE_READING] EOF occurred in violation of protocol (_ssl.c:1035)

The above exception was the direct cause of the following exception:

Traceback (most recent call last):
  File "/Library/Frameworks/Python.framework/Versions/3.13/lib/python3.13/site-packages/requests/adapters.py", line 644, in send
    resp = conn.urlopen(
        method=request.method,
    ...<9 lines>...
        chunked=chunked,
    )
  File "/Library/Frameworks/Python.framework/Versions/3.13/lib/python3.13/site-packages/urllib3/connectionpool.py", line 841, in urlopen
    retries = retries.increment(
        method, url, error=new_e, _pool=self, _stacktrace=sys.exc_info()[2]
    )
  File "/Library/Frameworks/Python.framework/Versions/3.13/lib/python3.13/site-packages/urllib3/util/retry.py", line 519, in increment
    raise MaxRetryError(_pool, url, reason) from reason  # type: ignore[arg-type]
    ^^^^^^^^^^^^^^^^^^^^^^^^^^^^^^^^^^^^^^^^^^^^^^^^^^^
urllib3.exceptions.MaxRetryError: HTTPSConnectionPool(host='v3-bo.29018465.asia', port=443): Max retries exceeded with url: /api/be/report/get-first-time-deposit-report (Caused by SSLError(SSLEOFError(8, '[SSL: UNEXPECTED_EOF_WHILE_READING] EOF occurred in violation of protocol (_ssl.c:1035)')))

During handling of the above exception, another exception occurred:

Traceback (most recent call last):
  File "/Users/nera_thomas/Desktop/Telemarketing/UM_US.py", line 3429, in <module>
    cls.accounts[bo_name]["merchant_code"],
  File "/Users/nera_thomas/Desktop/Telemarketing/UM_US.py", line 2292, in ftd_stdReport
    # Fill in Username
  File "/Library/Frameworks/Python.framework/Versions/3.13/lib/python3.13/site-packages/requests/api.py", line 115, in post
    return request("post", url, data=data, json=json, **kwargs)
  File "/Library/Frameworks/Python.framework/Versions/3.13/lib/python3.13/site-packages/requests/api.py", line 59, in request
    return session.request(method=method, url=url, **kwargs)
           ~~~~~~~~~~~~~~~^^^^^^^^^^^^^^^^^^^^^^^^^^^^^^^^^^
  File "/Library/Frameworks/Python.framework/Versions/3.13/lib/python3.13/site-packages/requests/sessions.py", line 589, in request
    resp = self.send(prep, **send_kwargs)
  File "/Library/Frameworks/Python.framework/Versions/3.13/lib/python3.13/site-packages/requests/sessions.py", line 703, in send
    r = adapter.send(request, **kwargs)
  File "/Library/Frameworks/Python.framework/Versions/3.13/lib/python3.13/site-packages/requests/adapters.py", line 675, in send
    raise SSLError(e, request=request)
requests.exceptions.SSLError: HTTPSConnectionPool(host='v3-bo.29018465.asia', port=443): Max retries exceeded with url: /api/be/report/get-first-time-deposit-report (Caused by SSLError(SSLEOFError(8, '[SSL: UNEXPECTED_EOF_WHILE_READING] EOF occurred in violation of protocol (_ssl.c:1035)')))
2025-11-25 16:30:09,803 [ERROR] Unexpected error; retrying in 60 seconds.
Traceback (most recent call last):
  File "/Users/nera_thomas/Desktop/Telemarketing/UM_US.py", line 3490, in <module>
    with open(cookie_file, "r", encoding="utf-8") as f:
  File "/Users/nera_thomas/Desktop/Telemarketing/UM_US.py", line 3049, in deposit_list_PID
    "loginID": None,
  File "/Users/nera_thomas/Desktop/Telemarketing/UM_US.py", line 1792, in upload_to_google_sheet_DL_PID
    # Build the new cleaned document (Use for upload data to MongoDB)
  File "/Library/Frameworks/Python.framework/Versions/3.13/lib/python3.13/site-packages/googleapiclient/_helpers.py", line 130, in positional_wrapper
    return wrapped(*args, **kwargs)
  File "/Library/Frameworks/Python.framework/Versions/3.13/lib/python3.13/site-packages/googleapiclient/http.py", line 923, in execute
    resp, content = _retry_request(
                    ~~~~~~~~~~~~~~^
        http,
        ^^^^^
    ...<7 lines>...
        headers=self.headers,
        ^^^^^^^^^^^^^^^^^^^^^
    )
    ^
  File "/Library/Frameworks/Python.framework/Versions/3.13/lib/python3.13/site-packages/googleapiclient/http.py", line 222, in _retry_request
    raise exception
  File "/Library/Frameworks/Python.framework/Versions/3.13/lib/python3.13/site-packages/googleapiclient/http.py", line 191, in _retry_request
    resp, content = http.request(uri, method, *args, **kwargs)
                    ~~~~~~~~~~~~^^^^^^^^^^^^^^^^^^^^^^^^^^^^^^
  File "/Library/Frameworks/Python.framework/Versions/3.13/lib/python3.13/site-packages/google_auth_httplib2.py", line 218, in request
    response, content = self.http.request(
                        ~~~~~~~~~~~~~~~~~^
        uri,
        ^^^^
    ...<5 lines>...
        **kwargs
        ^^^^^^^^
    )
    ^
  File "/Library/Frameworks/Python.framework/Versions/3.13/lib/python3.13/site-packages/httplib2/__init__.py", line 1727, in request
    (response, content) = self._request(
                          ~~~~~~~~~~~~~^
        conn, authority, uri, request_uri, method, body, headers, redirections, cachekey,
        ^^^^^^^^^^^^^^^^^^^^^^^^^^^^^^^^^^^^^^^^^^^^^^^^^^^^^^^^^^^^^^^^^^^^^^^^^^^^^^^^^
    )
    ^
  File "/Library/Frameworks/Python.framework/Versions/3.13/lib/python3.13/site-packages/httplib2/__init__.py", line 1447, in _request
    (response, content) = self._conn_request(conn, request_uri, method, body, headers)
                          ~~~~~~~~~~~~~~~~~~^^^^^^^^^^^^^^^^^^^^^^^^^^^^^^^^^^^^^^^^^^
  File "/Library/Frameworks/Python.framework/Versions/3.13/lib/python3.13/site-packages/httplib2/__init__.py", line 1399, in _conn_request
    response = conn.getresponse()
  File "/Library/Frameworks/Python.framework/Versions/3.13/lib/python3.13/http/client.py", line 1430, in getresponse
    response.begin()
    ~~~~~~~~~~~~~~^^
  File "/Library/Frameworks/Python.framework/Versions/3.13/lib/python3.13/http/client.py", line 331, in begin
    version, status, reason = self._read_status()
                              ~~~~~~~~~~~~~~~~~^^
  File "/Library/Frameworks/Python.framework/Versions/3.13/lib/python3.13/http/client.py", line 292, in _read_status
    line = str(self.fp.readline(_MAXLINE + 1), "iso-8859-1")
               ~~~~~~~~~~~~~~~~^^^^^^^^^^^^^^
  File "/Library/Frameworks/Python.framework/Versions/3.13/lib/python3.13/socket.py", line 719, in readinto
    return self._sock.recv_into(b)
           ~~~~~~~~~~~~~~~~~~~~^^^
  File "/Library/Frameworks/Python.framework/Versions/3.13/lib/python3.13/ssl.py", line 1304, in recv_into
    return self.read(nbytes, buffer)
           ~~~~~~~~~^^^^^^^^^^^^^^^^
  File "/Library/Frameworks/Python.framework/Versions/3.13/lib/python3.13/ssl.py", line 1138, in read
    return self._sslobj.read(len, buffer)
           ~~~~~~~~~~~~~~~~~^^^^^^^^^^^^^
TimeoutError: The read operation timed out
2025-11-25 16:47:47,271 [ERROR] Unexpected error; retrying in 60 seconds.
urllib3.exceptions.SSLError: [SSL: UNEXPECTED_EOF_WHILE_READING] EOF occurred in violation of protocol (_ssl.c:1035)

The above exception was the direct cause of the following exception:

Traceback (most recent call last):
  File "/Library/Frameworks/Python.framework/Versions/3.13/lib/python3.13/site-packages/requests/adapters.py", line 644, in send
    resp = conn.urlopen(
        method=request.method,
    ...<9 lines>...
        chunked=chunked,
    )
  File "/Library/Frameworks/Python.framework/Versions/3.13/lib/python3.13/site-packages/urllib3/connectionpool.py", line 841, in urlopen
    retries = retries.increment(
        method, url, error=new_e, _pool=self, _stacktrace=sys.exc_info()[2]
    )
  File "/Library/Frameworks/Python.framework/Versions/3.13/lib/python3.13/site-packages/urllib3/util/retry.py", line 519, in increment
    raise MaxRetryError(_pool, url, reason) from reason  # type: ignore[arg-type]
    ^^^^^^^^^^^^^^^^^^^^^^^^^^^^^^^^^^^^^^^^^^^^^^^^^^^
urllib3.exceptions.MaxRetryError: HTTPSConnectionPool(host='v3-bo.29018465.asia', port=443): Max retries exceeded with url: /api/be/report/get-all-member-report (Caused by SSLError(SSLEOFError(8, '[SSL: UNEXPECTED_EOF_WHILE_READING] EOF occurred in violation of protocol (_ssl.c:1035)')))

During handling of the above exception, another exception occurred:

Traceback (most recent call last):
  File "/Users/nera_thomas/Desktop/Telemarketing/UM_US.py", line 3706, in <module>
    "currencies": currency,
  File "/Users/nera_thomas/Desktop/Telemarketing/UM_US.py", line 2420, in allmemberReport
    parts.append(value)
       ~~~~~~~~~^^^^^^^
  File "/Library/Frameworks/Python.framework/Versions/3.13/lib/python3.13/site-packages/requests/api.py", line 115, in post
    return request("post", url, data=data, json=json, **kwargs)
  File "/Library/Frameworks/Python.framework/Versions/3.13/lib/python3.13/site-packages/requests/api.py", line 59, in request
    return session.request(method=method, url=url, **kwargs)
           ~~~~~~~~~~~~~~~^^^^^^^^^^^^^^^^^^^^^^^^^^^^^^^^^^
  File "/Library/Frameworks/Python.framework/Versions/3.13/lib/python3.13/site-packages/requests/sessions.py", line 589, in request
    resp = self.send(prep, **send_kwargs)
  File "/Library/Frameworks/Python.framework/Versions/3.13/lib/python3.13/site-packages/requests/sessions.py", line 703, in send
    r = adapter.send(request, **kwargs)
  File "/Library/Frameworks/Python.framework/Versions/3.13/lib/python3.13/site-packages/requests/adapters.py", line 675, in send
    raise SSLError(e, request=request)
requests.exceptions.SSLError: HTTPSConnectionPool(host='v3-bo.29018465.asia', port=443): Max retries exceeded with url: /api/be/report/get-all-member-report (Caused by SSLError(SSLEOFError(8, '[SSL: UNEXPECTED_EOF_WHILE_READING] EOF occurred in violation of protocol (_ssl.c:1035)')))
2025-11-25 16:52:35,507 [ERROR] Unexpected error; retrying in 60 seconds.
Traceback (most recent call last):
  File "/Users/nera_thomas/Desktop/Telemarketing/UM_US.py", line 3809, in <module>
    Fetch.allmemberReport("29018465.asia", "uea8", "MYR", "+08:00", "UM_AMR", "1kp3WplRQJt79CTsq8fKcRc9N5f58I3xo1sxVHt_7SD0", "UM AMR")
    ~~~~~~~~~~~~~~~~~~~~~^^^^^^^^^^^^^^^^^^^^^^^^^^^^^^^^^^^^^^^^^^^^^^^^^^^^^^^^^^^^^^^^^^^^^^^^^^^^^^^^^^^^^^^^^^^^^^^^^^^^^^^^^^^^^^
  File "/Users/nera_thomas/Desktop/Telemarketing/UM_US.py", line 2606, in allmemberReport
    cls.upload_to_google_sheet_AMR(cls, collection, g_sheet_ID, g_sheet_tab, rows=None)
    ~~~~~~~~~~~~~~~~~~~~~~~~~~~~~~^^^^^^^^^^^^^^^^^^^^^^^^^^^^^^^^^^^^^^^^^^^^^^^^^^^^^
TypeError: mongodb_2_gs.upload_to_google_sheet_AMR() got multiple values for argument 'rows'
2025-11-25 16:53:37,598 [ERROR] Unexpected error; retrying in 60 seconds.
Traceback (most recent call last):
  File "/Users/nera_thomas/Desktop/Telemarketing/UM_US.py", line 3809, in <module>
    Fetch.allmemberReport("29018465.asia", "uea8", "MYR", "+08:00", "UM_AMR", "1kp3WplRQJt79CTsq8fKcRc9N5f58I3xo1sxVHt_7SD0", "UM AMR")
    ~~~~~~~~~~~~~~~~~~~~~^^^^^^^^^^^^^^^^^^^^^^^^^^^^^^^^^^^^^^^^^^^^^^^^^^^^^^^^^^^^^^^^^^^^^^^^^^^^^^^^^^^^^^^^^^^^^^^^^^^^^^^^^^^^^^
  File "/Users/nera_thomas/Desktop/Telemarketing/UM_US.py", line 2606, in allmemberReport
    cls.upload_to_google_sheet_AMR(cls, collection, g_sheet_ID, g_sheet_tab, rows=None)
    ~~~~~~~~~~~~~~~~~~~~~~~~~~~~~~^^^^^^^^^^^^^^^^^^^^^^^^^^^^^^^^^^^^^^^^^^^^^^^^^^^^^
TypeError: mongodb_2_gs.upload_to_google_sheet_AMR() got multiple values for argument 'rows'
2025-11-25 16:54:39,766 [ERROR] Unexpected error; retrying in 60 seconds.
Traceback (most recent call last):
  File "/Users/nera_thomas/Desktop/Telemarketing/UM_US.py", line 3809, in <module>
    Fetch.allmemberReport("29018465.asia", "uea8", "MYR", "+08:00", "UM_AMR", "1kp3WplRQJt79CTsq8fKcRc9N5f58I3xo1sxVHt_7SD0", "UM AMR")
    ~~~~~~~~~~~~~~~~~~~~~^^^^^^^^^^^^^^^^^^^^^^^^^^^^^^^^^^^^^^^^^^^^^^^^^^^^^^^^^^^^^^^^^^^^^^^^^^^^^^^^^^^^^^^^^^^^^^^^^^^^^^^^^^^^^^
  File "/Users/nera_thomas/Desktop/Telemarketing/UM_US.py", line 2606, in allmemberReport
    cls.upload_to_google_sheet_AMR(collection, g_sheet_ID, g_sheet_tab)
    ~~~~~~~~~~~~~~~~~~~~~~~~~~~~~~^^^^^^^^^^^^^^^^^^^^^^^^^^^^^^^^^^^^^
TypeError: mongodb_2_gs.upload_to_google_sheet_AMR() got multiple values for argument 'rows'
2025-11-25 16:55:41,874 [ERROR] Unexpected error; retrying in 60 seconds.
Traceback (most recent call last):
  File "/Users/nera_thomas/Desktop/Telemarketing/UM_US.py", line 3809, in <module>
    Fetch.allmemberReport("29018465.asia", "uea8", "MYR", "+08:00", "UM_AMR", "1kp3WplRQJt79CTsq8fKcRc9N5f58I3xo1sxVHt_7SD0", "UM AMR")
    ~~~~~~~~~~~~~~~~~~~~~^^^^^^^^^^^^^^^^^^^^^^^^^^^^^^^^^^^^^^^^^^^^^^^^^^^^^^^^^^^^^^^^^^^^^^^^^^^^^^^^^^^^^^^^^^^^^^^^^^^^^^^^^^^^^^
  File "/Users/nera_thomas/Desktop/Telemarketing/UM_US.py", line 2606, in allmemberReport
    cls.upload_to_google_sheet_AMR(collection, g_sheet_ID, g_sheet_tab)
    ~~~~~~~~~~~~~~~~~~~~~~~~~~~~~~^^^^^^^^^^^^^^^^^^^^^^^^^^^^^^^^^^^^^
TypeError: mongodb_2_gs.upload_to_google_sheet_AMR() got multiple values for argument 'rows'
2025-11-25 16:56:02,054 [ERROR] Unexpected error; retrying in 60 seconds.
Traceback (most recent call last):
  File "/Users/nera_thomas/Desktop/Telemarketing/UM_US.py", line 3809, in <module>
    Fetch.allmemberReport("29018465.asia", "uea8", "MYR", "+08:00", "UM_AMR", "1kp3WplRQJt79CTsq8fKcRc9N5f58I3xo1sxVHt_7SD0", "UM AMR")
    ~~~~~~~~~~~~~~~~~~~~~^^^^^^^^^^^^^^^^^^^^^^^^^^^^^^^^^^^^^^^^^^^^^^^^^^^^^^^^^^^^^^^^^^^^^^^^^^^^^^^^^^^^^^^^^^^^^^^^^^^^^^^^^^^^^^
  File "/Users/nera_thomas/Desktop/Telemarketing/UM_US.py", line 2606, in allmemberReport
    cls.upload_to_google_sheet_AMR(collection, g_sheet_ID, g_sheet_tab)
    ~~~~~~~~~~~~~~~~~~~~~~~~~~~~~~^^^^^^^^^^^^^^^^^^^^^^^^^^^^^^^^^^^^^
  File "/Users/nera_thomas/Desktop/Telemarketing/UM_US.py", line 741, in upload_to_google_sheet_AMR
    ).execute()
      ~~~~~~~^^
  File "/Library/Frameworks/Python.framework/Versions/3.13/lib/python3.13/site-packages/googleapiclient/_helpers.py", line 130, in positional_wrapper
    return wrapped(*args, **kwargs)
  File "/Library/Frameworks/Python.framework/Versions/3.13/lib/python3.13/site-packages/googleapiclient/http.py", line 938, in execute
    raise HttpError(resp, content, uri=self.uri)
googleapiclient.errors.HttpError: <HttpError 404 when requesting https://sheets.googleapis.com/v4/spreadsheets/UM%20AMR/values/%271kp3WplRQJt79CTsq8fKcRc9N5f58I3xo1sxVHt_7SD0%27%21A3%3AAM:clear?alt=json returned "Requested entity was not found.". Details: "Requested entity was not found.">
2025-11-25 16:56:02,065 [ERROR] Unexpected error; retrying in 60 seconds.
Traceback (most recent call last):
  File "/Users/nera_thomas/Desktop/Telemarketing/UM_US.py", line 3472, in <module>
    "merchant_id": 1,
  File "/Users/nera_thomas/Desktop/Telemarketing/UM_US.py", line 2926, in ssbo_member_info
  File "/Users/nera_thomas/Desktop/Telemarketing/UM_US.py", line 1371, in upload_to_google_sheet_ssbo_MI
    return
  File "/Library/Frameworks/Python.framework/Versions/3.13/lib/python3.13/site-packages/googleapiclient/_helpers.py", line 130, in positional_wrapper
    return wrapped(*args, **kwargs)
  File "/Library/Frameworks/Python.framework/Versions/3.13/lib/python3.13/site-packages/googleapiclient/http.py", line 938, in execute
    raise HttpError(resp, content, uri=self.uri)
googleapiclient.errors.HttpError: <HttpError 502 when requesting https://sheets.googleapis.com/v4/spreadsheets/1kp3WplRQJt79CTsq8fKcRc9N5f58I3xo1sxVHt_7SD0/values/%27US%27%21A3%3AE:clear?alt=json returned "Bad Gateway". Details: "<!DOCTYPE html>
<html lang=en>
  <meta charset=utf-8>
  <meta name=viewport content="initial-scale=1, minimum-scale=1, width=device-width">
  <title>Error 502 (Server Error)!!1</title>
  <style>
    *{margin:0;padding:0}html,code{font:15px/22px arial,sans-serif}html{background:#fff;color:#222;padding:15px}body{margin:7% auto 0;max-width:390px;min-height:180px;padding:30px 0 15px}* > body{background:url(//www.google.com/images/errors/robot.png) 100% 5px no-repeat;padding-right:205px}p{margin:11px 0 22px;overflow:hidden}ins{color:#777;text-decoration:none}a img{border:0}@media screen and (max-width:772px){body{background:none;margin-top:0;max-width:none;padding-right:0}}#logo{background:url(//www.google.com/images/branding/googlelogo/1x/googlelogo_color_150x54dp.png) no-repeat;margin-left:-5px}@media only screen and (min-resolution:192dpi){#logo{background:url(//www.google.com/images/branding/googlelogo/2x/googlelogo_color_150x54dp.png) no-repeat 0% 0%/100% 100%;-moz-border-image:url(//www.google.com/images/branding/googlelogo/2x/googlelogo_color_150x54dp.png) 0}}@media only screen and (-webkit-min-device-pixel-ratio:2){#logo{background:url(//www.google.com/images/branding/googlelogo/2x/googlelogo_color_150x54dp.png) no-repeat;-webkit-background-size:100% 100%}}#logo{display:inline-block;height:54px;width:150px}
  </style>
  <a href=//www.google.com/><span id=logo aria-label=Google></span></a>
  <p><b>502.</b> <ins>Thats an error.</ins>
  <p>The server encountered a temporary error and could not complete your request.<p>Please try again in 30 seconds.  <ins>Thats all we know.</ins>
">
2025-11-25 16:57:05,486 [ERROR] Unexpected error; retrying in 60 seconds.
Traceback (most recent call last):
  File "/Users/nera_thomas/Desktop/Telemarketing/UM_US.py", line 3809, in <module>
    Fetch.allmemberReport("29018465.asia", "uea8", "MYR", "+08:00", "UM_AMR", "1kp3WplRQJt79CTsq8fKcRc9N5f58I3xo1sxVHt_7SD0", "UM AMR")
    ~~~~~~~~~~~~~~~~~~~~~^^^^^^^^^^^^^^^^^^^^^^^^^^^^^^^^^^^^^^^^^^^^^^^^^^^^^^^^^^^^^^^^^^^^^^^^^^^^^^^^^^^^^^^^^^^^^^^^^^^^^^^^^^^^^^
  File "/Users/nera_thomas/Desktop/Telemarketing/UM_US.py", line 2606, in allmemberReport
    cls.upload_to_google_sheet_AMR(collection, g_sheet_ID, g_sheet_tab)
    ~~~~~~~~~~~~~~~~~~~~~~~~~~~~~~^^^^^^^^^^^^^^^^^^^^^^^^^^^^^^^^^^^^^
  File "/Users/nera_thomas/Desktop/Telemarketing/UM_US.py", line 741, in upload_to_google_sheet_AMR
    ).execute()
      ~~~~~~~^^
  File "/Library/Frameworks/Python.framework/Versions/3.13/lib/python3.13/site-packages/googleapiclient/_helpers.py", line 130, in positional_wrapper
    return wrapped(*args, **kwargs)
  File "/Library/Frameworks/Python.framework/Versions/3.13/lib/python3.13/site-packages/googleapiclient/http.py", line 938, in execute
    raise HttpError(resp, content, uri=self.uri)
googleapiclient.errors.HttpError: <HttpError 404 when requesting https://sheets.googleapis.com/v4/spreadsheets/UM%20AMR/values/%271kp3WplRQJt79CTsq8fKcRc9N5f58I3xo1sxVHt_7SD0%27%21A3%3AAM:clear?alt=json returned "Requested entity was not found.". Details: "Requested entity was not found.">
2025-11-25 16:58:45,835 [ERROR] Unexpected error; retrying in 60 seconds.
urllib3.exceptions.SSLError: [SSL: UNEXPECTED_EOF_WHILE_READING] EOF occurred in violation of protocol (_ssl.c:1035)

The above exception was the direct cause of the following exception:

Traceback (most recent call last):
  File "/Library/Frameworks/Python.framework/Versions/3.13/lib/python3.13/site-packages/requests/adapters.py", line 644, in send
    resp = conn.urlopen(
        method=request.method,
    ...<9 lines>...
        chunked=chunked,
    )
  File "/Library/Frameworks/Python.framework/Versions/3.13/lib/python3.13/site-packages/urllib3/connectionpool.py", line 841, in urlopen
    retries = retries.increment(
        method, url, error=new_e, _pool=self, _stacktrace=sys.exc_info()[2]
    )
  File "/Library/Frameworks/Python.framework/Versions/3.13/lib/python3.13/site-packages/urllib3/util/retry.py", line 519, in increment
    raise MaxRetryError(_pool, url, reason) from reason  # type: ignore[arg-type]
    ^^^^^^^^^^^^^^^^^^^^^^^^^^^^^^^^^^^^^^^^^^^^^^^^^^^
urllib3.exceptions.MaxRetryError: HTTPSConnectionPool(host='v3-bo.29018465.asia', port=443): Max retries exceeded with url: /api/be/report/get-all-member-report (Caused by SSLError(SSLEOFError(8, '[SSL: UNEXPECTED_EOF_WHILE_READING] EOF occurred in violation of protocol (_ssl.c:1035)')))

During handling of the above exception, another exception occurred:

Traceback (most recent call last):
  File "/Users/nera_thomas/Desktop/Telemarketing/UM_US.py", line 3809, in <module>
    Fetch.allmemberReport("29018465.asia", "uea8", "MYR", "+08:00", "UM_AMR", "1kp3WplRQJt79CTsq8fKcRc9N5f58I3xo1sxVHt_7SD0", "UM AMR")
    ~~~~~~~~~~~~~~~~~~~~~^^^^^^^^^^^^^^^^^^^^^^^^^^^^^^^^^^^^^^^^^^^^^^^^^^^^^^^^^^^^^^^^^^^^^^^^^^^^^^^^^^^^^^^^^^^^^^^^^^^^^^^^^^^^^^
  File "/Users/nera_thomas/Desktop/Telemarketing/UM_US.py", line 2527, in allmemberReport
    response = requests.post(url, headers=headers, json=payload)
  File "/Library/Frameworks/Python.framework/Versions/3.13/lib/python3.13/site-packages/requests/api.py", line 115, in post
    return request("post", url, data=data, json=json, **kwargs)
  File "/Library/Frameworks/Python.framework/Versions/3.13/lib/python3.13/site-packages/requests/api.py", line 59, in request
    return session.request(method=method, url=url, **kwargs)
           ~~~~~~~~~~~~~~~^^^^^^^^^^^^^^^^^^^^^^^^^^^^^^^^^^
  File "/Library/Frameworks/Python.framework/Versions/3.13/lib/python3.13/site-packages/requests/sessions.py", line 589, in request
    resp = self.send(prep, **send_kwargs)
  File "/Library/Frameworks/Python.framework/Versions/3.13/lib/python3.13/site-packages/requests/sessions.py", line 703, in send
    r = adapter.send(request, **kwargs)
  File "/Library/Frameworks/Python.framework/Versions/3.13/lib/python3.13/site-packages/requests/adapters.py", line 675, in send
    raise SSLError(e, request=request)
requests.exceptions.SSLError: HTTPSConnectionPool(host='v3-bo.29018465.asia', port=443): Max retries exceeded with url: /api/be/report/get-all-member-report (Caused by SSLError(SSLEOFError(8, '[SSL: UNEXPECTED_EOF_WHILE_READING] EOF occurred in violation of protocol (_ssl.c:1035)')))
2025-11-25 17:01:42,178 [ERROR] Unexpected error; retrying in 60 seconds.
Traceback (most recent call last):
  File "/Users/nera_thomas/Desktop/Telemarketing/UM_US.py", line 3809, in <module>
    Fetch.allmemberReport("29018465.asia", "uea8", "MYR", "+08:00", "UM_AMR", "1kp3WplRQJt79CTsq8fKcRc9N5f58I3xo1sxVHt_7SD0", "UM AMR")
    ~~~~~~~~~~~~~~~~~~~~~^^^^^^^^^^^^^^^^^^^^^^^^^^^^^^^^^^^^^^^^^^^^^^^^^^^^^^^^^^^^^^^^^^^^^^^^^^^^^^^^^^^^^^^^^^^^^^^^^^^^^^^^^^^^^^
  File "/Users/nera_thomas/Desktop/Telemarketing/UM_US.py", line 2606, in allmemberReport
    cls.upload_to_google_sheet_AMR(collection, g_sheet_ID, g_sheet_tab)
    ~~~~~~~~~~~~~~~~~~~~~~~~~~~~~~^^^^^^^^^^^^^^^^^^^^^^^^^^^^^^^^^^^^^
  File "/Users/nera_thomas/Desktop/Telemarketing/UM_US.py", line 741, in upload_to_google_sheet_AMR
    ).execute()
      ~~~~~~~^^
  File "/Library/Frameworks/Python.framework/Versions/3.13/lib/python3.13/site-packages/googleapiclient/_helpers.py", line 130, in positional_wrapper
    return wrapped(*args, **kwargs)
  File "/Library/Frameworks/Python.framework/Versions/3.13/lib/python3.13/site-packages/googleapiclient/http.py", line 938, in execute
    raise HttpError(resp, content, uri=self.uri)
googleapiclient.errors.HttpError: <HttpError 404 when requesting https://sheets.googleapis.com/v4/spreadsheets/UM%20AMR/values/%271kp3WplRQJt79CTsq8fKcRc9N5f58I3xo1sxVHt_7SD0%27%21A3%3AAM:clear?alt=json returned "Requested entity was not found.". Details: "Requested entity was not found.">
2025-11-25 17:05:55,628 [ERROR] Unexpected error; retrying in 60 seconds.
Traceback (most recent call last):
  File "/Users/nera_thomas/Desktop/Telemarketing/UM_US.py", line 3809, in <module>
    Fetch.allmemberReport("29018465.asia", "uea8", "MYR", "+08:00", "UM_AMR", "1kp3WplRQJt79CTsq8fKcRc9N5f58I3xo1sxVHt_7SD0", "UM AMR")
    ~~~~~~~~~~~~~~~~~~~~~^^^^^^^^^^^^^^^^^^^^^^^^^^^^^^^^^^^^^^^^^^^^^^^^^^^^^^^^^^^^^^^^^^^^^^^^^^^^^^^^^^^^^^^^^^^^^^^^^^^^^^^^^^^^^^
  File "/Users/nera_thomas/Desktop/Telemarketing/UM_US.py", line 2606, in allmemberReport
    cls.upload_to_google_sheet_AMR(collection, g_sheet_ID, g_sheet_tab)
    ~~~~~~~~~~~~~~~~~~~~~~~~~~~~~~^^^^^^^^^^^^^^^^^^^^^^^^^^^^^^^^^^^^^
  File "/Users/nera_thomas/Desktop/Telemarketing/UM_US.py", line 741, in upload_to_google_sheet_AMR
    ).execute()
      ~~~~~~~^^
  File "/Library/Frameworks/Python.framework/Versions/3.13/lib/python3.13/site-packages/googleapiclient/_helpers.py", line 130, in positional_wrapper
    return wrapped(*args, **kwargs)
  File "/Library/Frameworks/Python.framework/Versions/3.13/lib/python3.13/site-packages/googleapiclient/http.py", line 938, in execute
    raise HttpError(resp, content, uri=self.uri)
googleapiclient.errors.HttpError: <HttpError 404 when requesting https://sheets.googleapis.com/v4/spreadsheets/UM%20AMR/values/%271kp3WplRQJt79CTsq8fKcRc9N5f58I3xo1sxVHt_7SD0%27%21A3%3AAM:clear?alt=json returned "Requested entity was not found.". Details: "Requested entity was not found.">
2025-11-25 17:10:37,350 [ERROR] Unexpected error; retrying in 60 seconds.
Traceback (most recent call last):
  File "/Users/nera_thomas/Desktop/Telemarketing/UM_US.py", line 3809, in <module>
    Fetch.allmemberReport("29018465.asia", "uea8", "MYR", "+08:00", "UM_AMR", "1kp3WplRQJt79CTsq8fKcRc9N5f58I3xo1sxVHt_7SD0", "UM AMR")
    ~~~~~~~~~~~~~~~~~~~~~^^^^^^^^^^^^^^^^^^^^^^^^^^^^^^^^^^^^^^^^^^^^^^^^^^^^^^^^^^^^^^^^^^^^^^^^^^^^^^^^^^^^^^^^^^^^^^^^^^^^^^^^^^^^^^
  File "/Users/nera_thomas/Desktop/Telemarketing/UM_US.py", line 2606, in allmemberReport
    cls.upload_to_google_sheet_AMR(collection, g_sheet_ID, g_sheet_tab)
    ~~~~~~~~~~~~~~~~~~~~~~~~~~~~~~^^^^^^^^^^^^^^^^^^^^^^^^^^^^^^^^^^^^^
  File "/Users/nera_thomas/Desktop/Telemarketing/UM_US.py", line 741, in upload_to_google_sheet_AMR
    ).execute()
      ~~~~~~~^^
  File "/Library/Frameworks/Python.framework/Versions/3.13/lib/python3.13/site-packages/googleapiclient/_helpers.py", line 130, in positional_wrapper
    return wrapped(*args, **kwargs)
  File "/Library/Frameworks/Python.framework/Versions/3.13/lib/python3.13/site-packages/googleapiclient/http.py", line 938, in execute
    raise HttpError(resp, content, uri=self.uri)
googleapiclient.errors.HttpError: <HttpError 404 when requesting https://sheets.googleapis.com/v4/spreadsheets/UM%20AMR/values/%271kp3WplRQJt79CTsq8fKcRc9N5f58I3xo1sxVHt_7SD0%27%21A3%3AAM:clear?alt=json returned "Requested entity was not found.". Details: "Requested entity was not found.">
2025-11-25 17:11:41,262 [ERROR] Unexpected error; retrying in 60 seconds.
Traceback (most recent call last):
  File "/Users/nera_thomas/Desktop/Telemarketing/UM_US.py", line 3809, in <module>
    Fetch.allmemberReport("29018465.asia", "uea8", "MYR", "+08:00", "UM_AMR", "1kp3WplRQJt79CTsq8fKcRc9N5f58I3xo1sxVHt_7SD0", "UM AMR")
    ~~~~~~~~~~~~~~~~~~~~~^^^^^^^^^^^^^^^^^^^^^^^^^^^^^^^^^^^^^^^^^^^^^^^^^^^^^^^^^^^^^^^^^^^^^^^^^^^^^^^^^^^^^^^^^^^^^^^^^^^^^^^^^^^^^^
  File "/Users/nera_thomas/Desktop/Telemarketing/UM_US.py", line 2606, in allmemberReport
    cls.upload_to_google_sheet_AMR(collection, g_sheet_ID, g_sheet_tab)
    ~~~~~~~~~~~~~~~~~~~~~~~~~~~~~~^^^^^^^^^^^^^^^^^^^^^^^^^^^^^^^^^^^^^
  File "/Users/nera_thomas/Desktop/Telemarketing/UM_US.py", line 741, in upload_to_google_sheet_AMR
    ).execute()
      ~~~~~~~^^
  File "/Library/Frameworks/Python.framework/Versions/3.13/lib/python3.13/site-packages/googleapiclient/_helpers.py", line 130, in positional_wrapper
    return wrapped(*args, **kwargs)
  File "/Library/Frameworks/Python.framework/Versions/3.13/lib/python3.13/site-packages/googleapiclient/http.py", line 938, in execute
    raise HttpError(resp, content, uri=self.uri)
googleapiclient.errors.HttpError: <HttpError 404 when requesting https://sheets.googleapis.com/v4/spreadsheets/UM%20AMR/values/%271kp3WplRQJt79CTsq8fKcRc9N5f58I3xo1sxVHt_7SD0%27%21A3%3AAM:clear?alt=json returned "Requested entity was not found.". Details: "Requested entity was not found.">
2025-11-25 17:12:44,085 [ERROR] Unexpected error; retrying in 60 seconds.
Traceback (most recent call last):
  File "/Users/nera_thomas/Desktop/Telemarketing/UM_US.py", line 3809, in <module>
    Fetch.allmemberReport("29018465.asia", "uea8", "MYR", "+08:00", "UM_AMR", "1kp3WplRQJt79CTsq8fKcRc9N5f58I3xo1sxVHt_7SD0", "UM AMR")
    ~~~~~~~~~~~~~~~~~~~~~^^^^^^^^^^^^^^^^^^^^^^^^^^^^^^^^^^^^^^^^^^^^^^^^^^^^^^^^^^^^^^^^^^^^^^^^^^^^^^^^^^^^^^^^^^^^^^^^^^^^^^^^^^^^^^
  File "/Users/nera_thomas/Desktop/Telemarketing/UM_US.py", line 2606, in allmemberReport
    cls.upload_to_google_sheet_AMR(collection, g_sheet_ID, g_sheet_tab)
    ~~~~~~~~~~~~~~~~~~~~~~~~~~~~~~^^^^^^^^^^^^^^^^^^^^^^^^^^^^^^^^^^^^^
  File "/Users/nera_thomas/Desktop/Telemarketing/UM_US.py", line 741, in upload_to_google_sheet_AMR
    ).execute()
      ~~~~~~~^^
  File "/Library/Frameworks/Python.framework/Versions/3.13/lib/python3.13/site-packages/googleapiclient/_helpers.py", line 130, in positional_wrapper
    return wrapped(*args, **kwargs)
  File "/Library/Frameworks/Python.framework/Versions/3.13/lib/python3.13/site-packages/googleapiclient/http.py", line 938, in execute
    raise HttpError(resp, content, uri=self.uri)
googleapiclient.errors.HttpError: <HttpError 404 when requesting https://sheets.googleapis.com/v4/spreadsheets/UM%20AMR/values/%271kp3WplRQJt79CTsq8fKcRc9N5f58I3xo1sxVHt_7SD0%27%21A3%3AAM:clear?alt=json returned "Requested entity was not found.". Details: "Requested entity was not found.">
2025-11-25 17:13:47,759 [ERROR] Unexpected error; retrying in 60 seconds.
Traceback (most recent call last):
  File "/Users/nera_thomas/Desktop/Telemarketing/UM_US.py", line 3809, in <module>
    Fetch.allmemberReport("29018465.asia", "uea8", "MYR", "+08:00", "UM_AMR", "1kp3WplRQJt79CTsq8fKcRc9N5f58I3xo1sxVHt_7SD0", "UM AMR")
    ~~~~~~~~~~~~~~~~~~~~~^^^^^^^^^^^^^^^^^^^^^^^^^^^^^^^^^^^^^^^^^^^^^^^^^^^^^^^^^^^^^^^^^^^^^^^^^^^^^^^^^^^^^^^^^^^^^^^^^^^^^^^^^^^^^^
  File "/Users/nera_thomas/Desktop/Telemarketing/UM_US.py", line 2606, in allmemberReport
    cls.upload_to_google_sheet_AMR(collection, g_sheet_ID, g_sheet_tab)
    ~~~~~~~~~~~~~~~~~~~~~~~~~~~~~~^^^^^^^^^^^^^^^^^^^^^^^^^^^^^^^^^^^^^
  File "/Users/nera_thomas/Desktop/Telemarketing/UM_US.py", line 741, in upload_to_google_sheet_AMR
    ).execute()
      ~~~~~~~^^
  File "/Library/Frameworks/Python.framework/Versions/3.13/lib/python3.13/site-packages/googleapiclient/_helpers.py", line 130, in positional_wrapper
    return wrapped(*args, **kwargs)
  File "/Library/Frameworks/Python.framework/Versions/3.13/lib/python3.13/site-packages/googleapiclient/http.py", line 938, in execute
    raise HttpError(resp, content, uri=self.uri)
googleapiclient.errors.HttpError: <HttpError 404 when requesting https://sheets.googleapis.com/v4/spreadsheets/UM%20AMR/values/%271kp3WplRQJt79CTsq8fKcRc9N5f58I3xo1sxVHt_7SD0%27%21A3%3AAM:clear?alt=json returned "Requested entity was not found.". Details: "Requested entity was not found.">
2025-11-25 17:14:51,008 [ERROR] Unexpected error; retrying in 60 seconds.
Traceback (most recent call last):
  File "/Users/nera_thomas/Desktop/Telemarketing/UM_US.py", line 3809, in <module>
    Fetch.allmemberReport("29018465.asia", "uea8", "MYR", "+08:00", "UM_AMR", "1kp3WplRQJt79CTsq8fKcRc9N5f58I3xo1sxVHt_7SD0", "UM AMR")
    ~~~~~~~~~~~~~~~~~~~~~^^^^^^^^^^^^^^^^^^^^^^^^^^^^^^^^^^^^^^^^^^^^^^^^^^^^^^^^^^^^^^^^^^^^^^^^^^^^^^^^^^^^^^^^^^^^^^^^^^^^^^^^^^^^^^
  File "/Users/nera_thomas/Desktop/Telemarketing/UM_US.py", line 2606, in allmemberReport
    cls.upload_to_google_sheet_AMR(collection, g_sheet_ID, g_sheet_tab)
    ~~~~~~~~~~~~~~~~~~~~~~~~~~~~~~^^^^^^^^^^^^^^^^^^^^^^^^^^^^^^^^^^^^^
  File "/Users/nera_thomas/Desktop/Telemarketing/UM_US.py", line 741, in upload_to_google_sheet_AMR
    ).execute()
      ~~~~~~~^^
  File "/Library/Frameworks/Python.framework/Versions/3.13/lib/python3.13/site-packages/googleapiclient/_helpers.py", line 130, in positional_wrapper
    return wrapped(*args, **kwargs)
  File "/Library/Frameworks/Python.framework/Versions/3.13/lib/python3.13/site-packages/googleapiclient/http.py", line 938, in execute
    raise HttpError(resp, content, uri=self.uri)
googleapiclient.errors.HttpError: <HttpError 404 when requesting https://sheets.googleapis.com/v4/spreadsheets/UM%20AMR/values/%271kp3WplRQJt79CTsq8fKcRc9N5f58I3xo1sxVHt_7SD0%27%21A3%3AAM:clear?alt=json returned "Requested entity was not found.". Details: "Requested entity was not found.">
2025-11-25 17:15:54,633 [ERROR] Unexpected error; retrying in 60 seconds.
Traceback (most recent call last):
  File "/Users/nera_thomas/Desktop/Telemarketing/UM_US.py", line 3809, in <module>
    Fetch.allmemberReport("29018465.asia", "uea8", "MYR", "+08:00", "UM_AMR", "1kp3WplRQJt79CTsq8fKcRc9N5f58I3xo1sxVHt_7SD0", "UM AMR")
    ~~~~~~~~~~~~~~~~~~~~~^^^^^^^^^^^^^^^^^^^^^^^^^^^^^^^^^^^^^^^^^^^^^^^^^^^^^^^^^^^^^^^^^^^^^^^^^^^^^^^^^^^^^^^^^^^^^^^^^^^^^^^^^^^^^^
  File "/Users/nera_thomas/Desktop/Telemarketing/UM_US.py", line 2606, in allmemberReport
    cls.upload_to_google_sheet_AMR(collection, g_sheet_ID, g_sheet_tab)
    ~~~~~~~~~~~~~~~~~~~~~~~~~~~~~~^^^^^^^^^^^^^^^^^^^^^^^^^^^^^^^^^^^^^
  File "/Users/nera_thomas/Desktop/Telemarketing/UM_US.py", line 741, in upload_to_google_sheet_AMR
    ).execute()
      ~~~~~~~^^
  File "/Library/Frameworks/Python.framework/Versions/3.13/lib/python3.13/site-packages/googleapiclient/_helpers.py", line 130, in positional_wrapper
    return wrapped(*args, **kwargs)
  File "/Library/Frameworks/Python.framework/Versions/3.13/lib/python3.13/site-packages/googleapiclient/http.py", line 938, in execute
    raise HttpError(resp, content, uri=self.uri)
googleapiclient.errors.HttpError: <HttpError 404 when requesting https://sheets.googleapis.com/v4/spreadsheets/UM%20AMR/values/%271kp3WplRQJt79CTsq8fKcRc9N5f58I3xo1sxVHt_7SD0%27%21A3%3AAM:clear?alt=json returned "Requested entity was not found.". Details: "Requested entity was not found.">
2025-11-25 17:16:57,848 [ERROR] Unexpected error; retrying in 60 seconds.
Traceback (most recent call last):
  File "/Users/nera_thomas/Desktop/Telemarketing/UM_US.py", line 3809, in <module>
    Fetch.allmemberReport("29018465.asia", "uea8", "MYR", "+08:00", "UM_AMR", "1kp3WplRQJt79CTsq8fKcRc9N5f58I3xo1sxVHt_7SD0", "UM AMR")
    ~~~~~~~~~~~~~~~~~~~~~^^^^^^^^^^^^^^^^^^^^^^^^^^^^^^^^^^^^^^^^^^^^^^^^^^^^^^^^^^^^^^^^^^^^^^^^^^^^^^^^^^^^^^^^^^^^^^^^^^^^^^^^^^^^^^
  File "/Users/nera_thomas/Desktop/Telemarketing/UM_US.py", line 2606, in allmemberReport
    cls.upload_to_google_sheet_AMR(collection, g_sheet_ID, g_sheet_tab)
    ~~~~~~~~~~~~~~~~~~~~~~~~~~~~~~^^^^^^^^^^^^^^^^^^^^^^^^^^^^^^^^^^^^^
  File "/Users/nera_thomas/Desktop/Telemarketing/UM_US.py", line 741, in upload_to_google_sheet_AMR
    ).execute()
      ~~~~~~~^^
  File "/Library/Frameworks/Python.framework/Versions/3.13/lib/python3.13/site-packages/googleapiclient/_helpers.py", line 130, in positional_wrapper
    return wrapped(*args, **kwargs)
  File "/Library/Frameworks/Python.framework/Versions/3.13/lib/python3.13/site-packages/googleapiclient/http.py", line 938, in execute
    raise HttpError(resp, content, uri=self.uri)
googleapiclient.errors.HttpError: <HttpError 404 when requesting https://sheets.googleapis.com/v4/spreadsheets/UM%20AMR/values/%271kp3WplRQJt79CTsq8fKcRc9N5f58I3xo1sxVHt_7SD0%27%21A3%3AAM:clear?alt=json returned "Requested entity was not found.". Details: "Requested entity was not found.">
2025-11-25 17:17:08,750 [ERROR] Unexpected error; retrying in 60 seconds.
Traceback (most recent call last):
  File "/Users/nera_thomas/Desktop/Telemarketing/UM_US.py", line 3809, in <module>
    Fetch.allmemberReport("29018465.asia", "uea8", "MYR", "+08:00", "UM_AMR", "1kp3WplRQJt79CTsq8fKcRc9N5f58I3xo1sxVHt_7SD0", "UM AMR")
    ~~~~~~~~~~~~~~~~~~~~~^^^^^^^^^^^^^^^^^^^^^^^^^^^^^^^^^^^^^^^^^^^^^^^^^^^^^^^^^^^^^^^^^^^^^^^^^^^^^^^^^^^^^^^^^^^^^^^^^^^^^^^^^^^^^^
  File "/Users/nera_thomas/Desktop/Telemarketing/UM_US.py", line 2606, in allmemberReport
    cls.upload_to_google_sheet_AMR(collection, g_sheet_ID, g_sheet_tab)
    ~~~~~~~~~~~~~~~~~~~~~~~~~~~~~~^^^^^^^^^^^^^^^^^^^^^^^^^^^^^^^^^^^^^
  File "/Users/nera_thomas/Desktop/Telemarketing/UM_US.py", line 741, in upload_to_google_sheet_AMR
    ).execute()
      ~~~~~~~^^
  File "/Library/Frameworks/Python.framework/Versions/3.13/lib/python3.13/site-packages/googleapiclient/_helpers.py", line 130, in positional_wrapper
    return wrapped(*args, **kwargs)
  File "/Library/Frameworks/Python.framework/Versions/3.13/lib/python3.13/site-packages/googleapiclient/http.py", line 938, in execute
    raise HttpError(resp, content, uri=self.uri)
googleapiclient.errors.HttpError: <HttpError 404 when requesting https://sheets.googleapis.com/v4/spreadsheets/UM%20AMR/values/%271kp3WplRQJt79CTsq8fKcRc9N5f58I3xo1sxVHt_7SD0%27%21A3%3AAM:clear?alt=json returned "Requested entity was not found.". Details: "Requested entity was not found.">
2025-11-25 17:18:12,297 [ERROR] Unexpected error; retrying in 60 seconds.
Traceback (most recent call last):
  File "/Users/nera_thomas/Desktop/Telemarketing/UM_US.py", line 3809, in <module>
    Fetch.allmemberReport("29018465.asia", "uea8", "MYR", "+08:00", "UM_AMR", "1kp3WplRQJt79CTsq8fKcRc9N5f58I3xo1sxVHt_7SD0", "UM AMR")
    ~~~~~~~~~~~~~~~~~~~~~^^^^^^^^^^^^^^^^^^^^^^^^^^^^^^^^^^^^^^^^^^^^^^^^^^^^^^^^^^^^^^^^^^^^^^^^^^^^^^^^^^^^^^^^^^^^^^^^^^^^^^^^^^^^^^
  File "/Users/nera_thomas/Desktop/Telemarketing/UM_US.py", line 2606, in allmemberReport
    cls.upload_to_google_sheet_AMR(collection, g_sheet_ID, g_sheet_tab)
    ~~~~~~~~~~~~~~~~~~~~~~~~~~~~~~^^^^^^^^^^^^^^^^^^^^^^^^^^^^^^^^^^^^^
  File "/Users/nera_thomas/Desktop/Telemarketing/UM_US.py", line 741, in upload_to_google_sheet_AMR
    ).execute()
      ~~~~~~~^^
  File "/Library/Frameworks/Python.framework/Versions/3.13/lib/python3.13/site-packages/googleapiclient/_helpers.py", line 130, in positional_wrapper
    return wrapped(*args, **kwargs)
  File "/Library/Frameworks/Python.framework/Versions/3.13/lib/python3.13/site-packages/googleapiclient/http.py", line 938, in execute
    raise HttpError(resp, content, uri=self.uri)
googleapiclient.errors.HttpError: <HttpError 404 when requesting https://sheets.googleapis.com/v4/spreadsheets/UM%20AMR/values/%271kp3WplRQJt79CTsq8fKcRc9N5f58I3xo1sxVHt_7SD0%27%21A3%3AAM:clear?alt=json returned "Requested entity was not found.". Details: "Requested entity was not found.">
2025-11-25 17:19:15,489 [ERROR] Unexpected error; retrying in 60 seconds.
Traceback (most recent call last):
  File "/Users/nera_thomas/Desktop/Telemarketing/UM_US.py", line 3809, in <module>
    Fetch.allmemberReport("29018465.asia", "uea8", "MYR", "+08:00", "UM_AMR", "1kp3WplRQJt79CTsq8fKcRc9N5f58I3xo1sxVHt_7SD0", "UM AMR")
    ~~~~~~~~~~~~~~~~~~~~~^^^^^^^^^^^^^^^^^^^^^^^^^^^^^^^^^^^^^^^^^^^^^^^^^^^^^^^^^^^^^^^^^^^^^^^^^^^^^^^^^^^^^^^^^^^^^^^^^^^^^^^^^^^^^^
  File "/Users/nera_thomas/Desktop/Telemarketing/UM_US.py", line 2606, in allmemberReport
    cls.upload_to_google_sheet_AMR(collection, g_sheet_ID, g_sheet_tab)
    ~~~~~~~~~~~~~~~~~~~~~~~~~~~~~~^^^^^^^^^^^^^^^^^^^^^^^^^^^^^^^^^^^^^
  File "/Users/nera_thomas/Desktop/Telemarketing/UM_US.py", line 741, in upload_to_google_sheet_AMR
    ).execute()
      ~~~~~~~^^
  File "/Library/Frameworks/Python.framework/Versions/3.13/lib/python3.13/site-packages/googleapiclient/_helpers.py", line 130, in positional_wrapper
    return wrapped(*args, **kwargs)
  File "/Library/Frameworks/Python.framework/Versions/3.13/lib/python3.13/site-packages/googleapiclient/http.py", line 938, in execute
    raise HttpError(resp, content, uri=self.uri)
googleapiclient.errors.HttpError: <HttpError 404 when requesting https://sheets.googleapis.com/v4/spreadsheets/UM%20AMR/values/%271kp3WplRQJt79CTsq8fKcRc9N5f58I3xo1sxVHt_7SD0%27%21A3%3AAM:clear?alt=json returned "Requested entity was not found.". Details: "Requested entity was not found.">
2025-11-25 17:20:19,049 [ERROR] Unexpected error; retrying in 60 seconds.
Traceback (most recent call last):
  File "/Users/nera_thomas/Desktop/Telemarketing/UM_US.py", line 3809, in <module>
    Fetch.allmemberReport("29018465.asia", "uea8", "MYR", "+08:00", "UM_AMR", "1kp3WplRQJt79CTsq8fKcRc9N5f58I3xo1sxVHt_7SD0", "UM AMR")
    ~~~~~~~~~~~~~~~~~~~~~^^^^^^^^^^^^^^^^^^^^^^^^^^^^^^^^^^^^^^^^^^^^^^^^^^^^^^^^^^^^^^^^^^^^^^^^^^^^^^^^^^^^^^^^^^^^^^^^^^^^^^^^^^^^^^
  File "/Users/nera_thomas/Desktop/Telemarketing/UM_US.py", line 2606, in allmemberReport
    cls.upload_to_google_sheet_AMR(collection, g_sheet_ID, g_sheet_tab)
    ~~~~~~~~~~~~~~~~~~~~~~~~~~~~~~^^^^^^^^^^^^^^^^^^^^^^^^^^^^^^^^^^^^^
  File "/Users/nera_thomas/Desktop/Telemarketing/UM_US.py", line 741, in upload_to_google_sheet_AMR
    ).execute()
      ~~~~~~~^^
  File "/Library/Frameworks/Python.framework/Versions/3.13/lib/python3.13/site-packages/googleapiclient/_helpers.py", line 130, in positional_wrapper
    return wrapped(*args, **kwargs)
  File "/Library/Frameworks/Python.framework/Versions/3.13/lib/python3.13/site-packages/googleapiclient/http.py", line 938, in execute
    raise HttpError(resp, content, uri=self.uri)
googleapiclient.errors.HttpError: <HttpError 404 when requesting https://sheets.googleapis.com/v4/spreadsheets/UM%20AMR/values/%271kp3WplRQJt79CTsq8fKcRc9N5f58I3xo1sxVHt_7SD0%27%21A3%3AAM:clear?alt=json returned "Requested entity was not found.". Details: "Requested entity was not found.">
2025-11-25 17:21:22,245 [ERROR] Unexpected error; retrying in 60 seconds.
Traceback (most recent call last):
  File "/Users/nera_thomas/Desktop/Telemarketing/UM_US.py", line 3809, in <module>
    Fetch.allmemberReport("29018465.asia", "uea8", "MYR", "+08:00", "UM_AMR", "1kp3WplRQJt79CTsq8fKcRc9N5f58I3xo1sxVHt_7SD0", "UM AMR")
    ~~~~~~~~~~~~~~~~~~~~~^^^^^^^^^^^^^^^^^^^^^^^^^^^^^^^^^^^^^^^^^^^^^^^^^^^^^^^^^^^^^^^^^^^^^^^^^^^^^^^^^^^^^^^^^^^^^^^^^^^^^^^^^^^^^^
  File "/Users/nera_thomas/Desktop/Telemarketing/UM_US.py", line 2606, in allmemberReport
    cls.upload_to_google_sheet_AMR(collection, g_sheet_ID, g_sheet_tab)
    ~~~~~~~~~~~~~~~~~~~~~~~~~~~~~~^^^^^^^^^^^^^^^^^^^^^^^^^^^^^^^^^^^^^
  File "/Users/nera_thomas/Desktop/Telemarketing/UM_US.py", line 741, in upload_to_google_sheet_AMR
    ).execute()
      ~~~~~~~^^
  File "/Library/Frameworks/Python.framework/Versions/3.13/lib/python3.13/site-packages/googleapiclient/_helpers.py", line 130, in positional_wrapper
    return wrapped(*args, **kwargs)
  File "/Library/Frameworks/Python.framework/Versions/3.13/lib/python3.13/site-packages/googleapiclient/http.py", line 938, in execute
    raise HttpError(resp, content, uri=self.uri)
googleapiclient.errors.HttpError: <HttpError 404 when requesting https://sheets.googleapis.com/v4/spreadsheets/UM%20AMR/values/%271kp3WplRQJt79CTsq8fKcRc9N5f58I3xo1sxVHt_7SD0%27%21A3%3AAM:clear?alt=json returned "Requested entity was not found.". Details: "Requested entity was not found.">
2025-11-25 17:22:25,875 [ERROR] Unexpected error; retrying in 60 seconds.
Traceback (most recent call last):
  File "/Users/nera_thomas/Desktop/Telemarketing/UM_US.py", line 3809, in <module>
    Fetch.allmemberReport("29018465.asia", "uea8", "MYR", "+08:00", "UM_AMR", "1kp3WplRQJt79CTsq8fKcRc9N5f58I3xo1sxVHt_7SD0", "UM AMR")
    ~~~~~~~~~~~~~~~~~~~~~^^^^^^^^^^^^^^^^^^^^^^^^^^^^^^^^^^^^^^^^^^^^^^^^^^^^^^^^^^^^^^^^^^^^^^^^^^^^^^^^^^^^^^^^^^^^^^^^^^^^^^^^^^^^^^
  File "/Users/nera_thomas/Desktop/Telemarketing/UM_US.py", line 2606, in allmemberReport
    cls.upload_to_google_sheet_AMR(collection, g_sheet_ID, g_sheet_tab)
    ~~~~~~~~~~~~~~~~~~~~~~~~~~~~~~^^^^^^^^^^^^^^^^^^^^^^^^^^^^^^^^^^^^^
  File "/Users/nera_thomas/Desktop/Telemarketing/UM_US.py", line 741, in upload_to_google_sheet_AMR
    ).execute()
      ~~~~~~~^^
  File "/Library/Frameworks/Python.framework/Versions/3.13/lib/python3.13/site-packages/googleapiclient/_helpers.py", line 130, in positional_wrapper
    return wrapped(*args, **kwargs)
  File "/Library/Frameworks/Python.framework/Versions/3.13/lib/python3.13/site-packages/googleapiclient/http.py", line 938, in execute
    raise HttpError(resp, content, uri=self.uri)
googleapiclient.errors.HttpError: <HttpError 404 when requesting https://sheets.googleapis.com/v4/spreadsheets/UM%20AMR/values/%271kp3WplRQJt79CTsq8fKcRc9N5f58I3xo1sxVHt_7SD0%27%21A3%3AAM:clear?alt=json returned "Requested entity was not found.". Details: "Requested entity was not found.">
2025-11-25 17:23:30,140 [ERROR] Unexpected error; retrying in 60 seconds.
Traceback (most recent call last):
  File "/Users/nera_thomas/Desktop/Telemarketing/UM_US.py", line 3809, in <module>
    Fetch.allmemberReport("29018465.asia", "uea8", "MYR", "+08:00", "UM_AMR", "1kp3WplRQJt79CTsq8fKcRc9N5f58I3xo1sxVHt_7SD0", "UM AMR")
    ~~~~~~~~~~~~~~~~~~~~~^^^^^^^^^^^^^^^^^^^^^^^^^^^^^^^^^^^^^^^^^^^^^^^^^^^^^^^^^^^^^^^^^^^^^^^^^^^^^^^^^^^^^^^^^^^^^^^^^^^^^^^^^^^^^^
  File "/Users/nera_thomas/Desktop/Telemarketing/UM_US.py", line 2606, in allmemberReport
    cls.upload_to_google_sheet_AMR(collection, g_sheet_ID, g_sheet_tab)
    ~~~~~~~~~~~~~~~~~~~~~~~~~~~~~~^^^^^^^^^^^^^^^^^^^^^^^^^^^^^^^^^^^^^
  File "/Users/nera_thomas/Desktop/Telemarketing/UM_US.py", line 741, in upload_to_google_sheet_AMR
    ).execute()
      ~~~~~~~^^
  File "/Library/Frameworks/Python.framework/Versions/3.13/lib/python3.13/site-packages/googleapiclient/_helpers.py", line 130, in positional_wrapper
    return wrapped(*args, **kwargs)
  File "/Library/Frameworks/Python.framework/Versions/3.13/lib/python3.13/site-packages/googleapiclient/http.py", line 938, in execute
    raise HttpError(resp, content, uri=self.uri)
googleapiclient.errors.HttpError: <HttpError 404 when requesting https://sheets.googleapis.com/v4/spreadsheets/UM%20AMR/values/%271kp3WplRQJt79CTsq8fKcRc9N5f58I3xo1sxVHt_7SD0%27%21A3%3AAM:clear?alt=json returned "Requested entity was not found.". Details: "Requested entity was not found.">
2025-11-25 17:24:33,869 [ERROR] Unexpected error; retrying in 60 seconds.
Traceback (most recent call last):
  File "/Users/nera_thomas/Desktop/Telemarketing/UM_US.py", line 3809, in <module>
    Fetch.allmemberReport("29018465.asia", "uea8", "MYR", "+08:00", "UM_AMR", "1kp3WplRQJt79CTsq8fKcRc9N5f58I3xo1sxVHt_7SD0", "UM AMR")
    ~~~~~~~~~~~~~~~~~~~~~^^^^^^^^^^^^^^^^^^^^^^^^^^^^^^^^^^^^^^^^^^^^^^^^^^^^^^^^^^^^^^^^^^^^^^^^^^^^^^^^^^^^^^^^^^^^^^^^^^^^^^^^^^^^^^
  File "/Users/nera_thomas/Desktop/Telemarketing/UM_US.py", line 2606, in allmemberReport
    cls.upload_to_google_sheet_AMR(collection, g_sheet_ID, g_sheet_tab)
    ~~~~~~~~~~~~~~~~~~~~~~~~~~~~~~^^^^^^^^^^^^^^^^^^^^^^^^^^^^^^^^^^^^^
  File "/Users/nera_thomas/Desktop/Telemarketing/UM_US.py", line 741, in upload_to_google_sheet_AMR
    ).execute()
      ~~~~~~~^^
  File "/Library/Frameworks/Python.framework/Versions/3.13/lib/python3.13/site-packages/googleapiclient/_helpers.py", line 130, in positional_wrapper
    return wrapped(*args, **kwargs)
  File "/Library/Frameworks/Python.framework/Versions/3.13/lib/python3.13/site-packages/googleapiclient/http.py", line 938, in execute
    raise HttpError(resp, content, uri=self.uri)
googleapiclient.errors.HttpError: <HttpError 404 when requesting https://sheets.googleapis.com/v4/spreadsheets/UM%20AMR/values/%271kp3WplRQJt79CTsq8fKcRc9N5f58I3xo1sxVHt_7SD0%27%21A3%3AAM:clear?alt=json returned "Requested entity was not found.". Details: "Requested entity was not found.">
2025-11-25 17:25:37,548 [ERROR] Unexpected error; retrying in 60 seconds.
Traceback (most recent call last):
  File "/Users/nera_thomas/Desktop/Telemarketing/UM_US.py", line 3809, in <module>
    Fetch.allmemberReport("29018465.asia", "uea8", "MYR", "+08:00", "UM_AMR", "1kp3WplRQJt79CTsq8fKcRc9N5f58I3xo1sxVHt_7SD0", "UM AMR")
    ~~~~~~~~~~~~~~~~~~~~~^^^^^^^^^^^^^^^^^^^^^^^^^^^^^^^^^^^^^^^^^^^^^^^^^^^^^^^^^^^^^^^^^^^^^^^^^^^^^^^^^^^^^^^^^^^^^^^^^^^^^^^^^^^^^^
  File "/Users/nera_thomas/Desktop/Telemarketing/UM_US.py", line 2606, in allmemberReport
    cls.upload_to_google_sheet_AMR(collection, g_sheet_ID, g_sheet_tab)
    ~~~~~~~~~~~~~~~~~~~~~~~~~~~~~~^^^^^^^^^^^^^^^^^^^^^^^^^^^^^^^^^^^^^
  File "/Users/nera_thomas/Desktop/Telemarketing/UM_US.py", line 741, in upload_to_google_sheet_AMR
    ).execute()
      ~~~~~~~^^
  File "/Library/Frameworks/Python.framework/Versions/3.13/lib/python3.13/site-packages/googleapiclient/_helpers.py", line 130, in positional_wrapper
    return wrapped(*args, **kwargs)
  File "/Library/Frameworks/Python.framework/Versions/3.13/lib/python3.13/site-packages/googleapiclient/http.py", line 938, in execute
    raise HttpError(resp, content, uri=self.uri)
googleapiclient.errors.HttpError: <HttpError 404 when requesting https://sheets.googleapis.com/v4/spreadsheets/UM%20AMR/values/%271kp3WplRQJt79CTsq8fKcRc9N5f58I3xo1sxVHt_7SD0%27%21A3%3AAM:clear?alt=json returned "Requested entity was not found.". Details: "Requested entity was not found.">
2025-11-25 17:26:40,960 [ERROR] Unexpected error; retrying in 60 seconds.
Traceback (most recent call last):
  File "/Users/nera_thomas/Desktop/Telemarketing/UM_US.py", line 3809, in <module>
    Fetch.allmemberReport("29018465.asia", "uea8", "MYR", "+08:00", "UM_AMR", "1kp3WplRQJt79CTsq8fKcRc9N5f58I3xo1sxVHt_7SD0", "UM AMR")
    ~~~~~~~~~~~~~~~~~~~~~^^^^^^^^^^^^^^^^^^^^^^^^^^^^^^^^^^^^^^^^^^^^^^^^^^^^^^^^^^^^^^^^^^^^^^^^^^^^^^^^^^^^^^^^^^^^^^^^^^^^^^^^^^^^^^
  File "/Users/nera_thomas/Desktop/Telemarketing/UM_US.py", line 2606, in allmemberReport
    cls.upload_to_google_sheet_AMR(collection, g_sheet_ID, g_sheet_tab)
    ~~~~~~~~~~~~~~~~~~~~~~~~~~~~~~^^^^^^^^^^^^^^^^^^^^^^^^^^^^^^^^^^^^^
  File "/Users/nera_thomas/Desktop/Telemarketing/UM_US.py", line 741, in upload_to_google_sheet_AMR
    ).execute()
      ~~~~~~~^^
  File "/Library/Frameworks/Python.framework/Versions/3.13/lib/python3.13/site-packages/googleapiclient/_helpers.py", line 130, in positional_wrapper
    return wrapped(*args, **kwargs)
  File "/Library/Frameworks/Python.framework/Versions/3.13/lib/python3.13/site-packages/googleapiclient/http.py", line 938, in execute
    raise HttpError(resp, content, uri=self.uri)
googleapiclient.errors.HttpError: <HttpError 404 when requesting https://sheets.googleapis.com/v4/spreadsheets/UM%20AMR/values/%271kp3WplRQJt79CTsq8fKcRc9N5f58I3xo1sxVHt_7SD0%27%21A3%3AAM:clear?alt=json returned "Requested entity was not found.". Details: "Requested entity was not found.">
2025-11-25 17:27:44,123 [ERROR] Unexpected error; retrying in 60 seconds.
Traceback (most recent call last):
  File "/Users/nera_thomas/Desktop/Telemarketing/UM_US.py", line 3809, in <module>
    Fetch.allmemberReport("29018465.asia", "uea8", "MYR", "+08:00", "UM_AMR", "1kp3WplRQJt79CTsq8fKcRc9N5f58I3xo1sxVHt_7SD0", "UM AMR")
    ~~~~~~~~~~~~~~~~~~~~~^^^^^^^^^^^^^^^^^^^^^^^^^^^^^^^^^^^^^^^^^^^^^^^^^^^^^^^^^^^^^^^^^^^^^^^^^^^^^^^^^^^^^^^^^^^^^^^^^^^^^^^^^^^^^^
  File "/Users/nera_thomas/Desktop/Telemarketing/UM_US.py", line 2606, in allmemberReport
    cls.upload_to_google_sheet_AMR(collection, g_sheet_ID, g_sheet_tab)
    ~~~~~~~~~~~~~~~~~~~~~~~~~~~~~~^^^^^^^^^^^^^^^^^^^^^^^^^^^^^^^^^^^^^
  File "/Users/nera_thomas/Desktop/Telemarketing/UM_US.py", line 741, in upload_to_google_sheet_AMR
    ).execute()
      ~~~~~~~^^
  File "/Library/Frameworks/Python.framework/Versions/3.13/lib/python3.13/site-packages/googleapiclient/_helpers.py", line 130, in positional_wrapper
    return wrapped(*args, **kwargs)
  File "/Library/Frameworks/Python.framework/Versions/3.13/lib/python3.13/site-packages/googleapiclient/http.py", line 938, in execute
    raise HttpError(resp, content, uri=self.uri)
googleapiclient.errors.HttpError: <HttpError 404 when requesting https://sheets.googleapis.com/v4/spreadsheets/UM%20AMR/values/%271kp3WplRQJt79CTsq8fKcRc9N5f58I3xo1sxVHt_7SD0%27%21A3%3AAM:clear?alt=json returned "Requested entity was not found.". Details: "Requested entity was not found.">
2025-11-25 17:28:47,435 [ERROR] Unexpected error; retrying in 60 seconds.
Traceback (most recent call last):
  File "/Users/nera_thomas/Desktop/Telemarketing/UM_US.py", line 3809, in <module>
  File "/Users/nera_thomas/Desktop/Telemarketing/UM_US.py", line 2606, in allmemberReport
    cls.upload_to_google_sheet_AMR(
  File "/Users/nera_thomas/Desktop/Telemarketing/UM_US.py", line 741, in upload_to_google_sheet_AMR
    ).execute()
      ~~~~~~~^^
  File "/Library/Frameworks/Python.framework/Versions/3.13/lib/python3.13/site-packages/googleapiclient/_helpers.py", line 130, in positional_wrapper
    return wrapped(*args, **kwargs)
  File "/Library/Frameworks/Python.framework/Versions/3.13/lib/python3.13/site-packages/googleapiclient/http.py", line 938, in execute
    raise HttpError(resp, content, uri=self.uri)
googleapiclient.errors.HttpError: <HttpError 404 when requesting https://sheets.googleapis.com/v4/spreadsheets/UM%20AMR/values/%271kp3WplRQJt79CTsq8fKcRc9N5f58I3xo1sxVHt_7SD0%27%21A3%3AAM:clear?alt=json returned "Requested entity was not found.". Details: "Requested entity was not found.">
2025-11-25 17:29:31,901 [ERROR] Unexpected error; retrying in 60 seconds.
Traceback (most recent call last):
  File "/Users/nera_thomas/Desktop/Telemarketing/UM_US.py", line 3813, in <module>
    Fetch.allmemberReport("29018465.asia", "uea8", "MYR", "+08:00", "UM_AMR", "1kp3WplRQJt79CTsq8fKcRc9N5f58I3xo1sxVHt_7SD0", "UM AMR")
    ~~~~~~~~~~~~~~~~~~~~~^^^^^^^^^^^^^^^^^^^^^^^^^^^^^^^^^^^^^^^^^^^^^^^^^^^^^^^^^^^^^^^^^^^^^^^^^^^^^^^^^^^^^^^^^^^^^^^^^^^^^^^^^^^^^^
  File "/Users/nera_thomas/Desktop/Telemarketing/UM_US.py", line 2606, in allmemberReport
    cls.upload_to_google_sheet_AMR(
    ~~~~~~~~~~~~~~~~~~~~~~~~~~~~~~^
        collection=collection,
        ^^^^^^^^^^^^^^^^^^^^^^
        gs_id=g_sheet_ID,
        ^^^^^^^^^^^^^^^^^
        gs_tab=g_sheet_tab
        ^^^^^^^^^^^^^^^^^^
    )
    ^
  File "/Users/nera_thomas/Desktop/Telemarketing/UM_US.py", line 741, in upload_to_google_sheet_AMR
    ).execute()
      ~~~~~~~^^
  File "/Library/Frameworks/Python.framework/Versions/3.13/lib/python3.13/site-packages/googleapiclient/_helpers.py", line 130, in positional_wrapper
    return wrapped(*args, **kwargs)
  File "/Library/Frameworks/Python.framework/Versions/3.13/lib/python3.13/site-packages/googleapiclient/http.py", line 938, in execute
    raise HttpError(resp, content, uri=self.uri)
googleapiclient.errors.HttpError: <HttpError 404 when requesting https://sheets.googleapis.com/v4/spreadsheets/UM%20AMR/values/%271kp3WplRQJt79CTsq8fKcRc9N5f58I3xo1sxVHt_7SD0%27%21A3%3AAM:clear?alt=json returned "Requested entity was not found.". Details: "Requested entity was not found.">
2025-11-25 17:30:35,150 [ERROR] Unexpected error; retrying in 60 seconds.
Traceback (most recent call last):
  File "/Users/nera_thomas/Desktop/Telemarketing/UM_US.py", line 3813, in <module>
    Fetch.allmemberReport("29018465.asia", "uea8", "MYR", "+08:00", "UM_AMR", "1kp3WplRQJt79CTsq8fKcRc9N5f58I3xo1sxVHt_7SD0", "UM AMR")
    ~~~~~~~~~~~~~~~~~~~~~^^^^^^^^^^^^^^^^^^^^^^^^^^^^^^^^^^^^^^^^^^^^^^^^^^^^^^^^^^^^^^^^^^^^^^^^^^^^^^^^^^^^^^^^^^^^^^^^^^^^^^^^^^^^^^
  File "/Users/nera_thomas/Desktop/Telemarketing/UM_US.py", line 2606, in allmemberReport
    cls.upload_to_google_sheet_AMR(
    ~~~~~~~~~~~~~~~~~~~~~~~~~~~~~~^
        collection=collection,
        ^^^^^^^^^^^^^^^^^^^^^^
        gs_id=g_sheet_ID,
        ^^^^^^^^^^^^^^^^^
        gs_tab=g_sheet_tab
        ^^^^^^^^^^^^^^^^^^
    )
    ^
  File "/Users/nera_thomas/Desktop/Telemarketing/UM_US.py", line 741, in upload_to_google_sheet_AMR
    ).execute()
      ~~~~~~~^^
  File "/Library/Frameworks/Python.framework/Versions/3.13/lib/python3.13/site-packages/googleapiclient/_helpers.py", line 130, in positional_wrapper
    return wrapped(*args, **kwargs)
  File "/Library/Frameworks/Python.framework/Versions/3.13/lib/python3.13/site-packages/googleapiclient/http.py", line 938, in execute
    raise HttpError(resp, content, uri=self.uri)
googleapiclient.errors.HttpError: <HttpError 404 when requesting https://sheets.googleapis.com/v4/spreadsheets/UM%20AMR/values/%271kp3WplRQJt79CTsq8fKcRc9N5f58I3xo1sxVHt_7SD0%27%21A3%3AAM:clear?alt=json returned "Requested entity was not found.". Details: "Requested entity was not found.">
2025-11-25 17:31:38,557 [ERROR] Unexpected error; retrying in 60 seconds.
Traceback (most recent call last):
  File "/Users/nera_thomas/Desktop/Telemarketing/UM_US.py", line 3813, in <module>
    Fetch.allmemberReport("29018465.asia", "uea8", "MYR", "+08:00", "UM_AMR", "1kp3WplRQJt79CTsq8fKcRc9N5f58I3xo1sxVHt_7SD0", "UM AMR")
    ~~~~~~~~~~~~~~~~~~~~~^^^^^^^^^^^^^^^^^^^^^^^^^^^^^^^^^^^^^^^^^^^^^^^^^^^^^^^^^^^^^^^^^^^^^^^^^^^^^^^^^^^^^^^^^^^^^^^^^^^^^^^^^^^^^^
  File "/Users/nera_thomas/Desktop/Telemarketing/UM_US.py", line 2606, in allmemberReport
    cls.upload_to_google_sheet_AMR(
    ~~~~~~~~~~~~~~~~~~~~~~~~~~~~~~^
        collection=collection,
        ^^^^^^^^^^^^^^^^^^^^^^
        gs_id=g_sheet_ID,
        ^^^^^^^^^^^^^^^^^
        gs_tab=g_sheet_tab
        ^^^^^^^^^^^^^^^^^^
    )
    ^
  File "/Users/nera_thomas/Desktop/Telemarketing/UM_US.py", line 741, in upload_to_google_sheet_AMR
    ).execute()
      ~~~~~~~^^
  File "/Library/Frameworks/Python.framework/Versions/3.13/lib/python3.13/site-packages/googleapiclient/_helpers.py", line 130, in positional_wrapper
    return wrapped(*args, **kwargs)
  File "/Library/Frameworks/Python.framework/Versions/3.13/lib/python3.13/site-packages/googleapiclient/http.py", line 938, in execute
    raise HttpError(resp, content, uri=self.uri)
googleapiclient.errors.HttpError: <HttpError 404 when requesting https://sheets.googleapis.com/v4/spreadsheets/UM%20AMR/values/%271kp3WplRQJt79CTsq8fKcRc9N5f58I3xo1sxVHt_7SD0%27%21A3%3AAM:clear?alt=json returned "Requested entity was not found.". Details: "Requested entity was not found.">
2025-11-25 17:32:41,301 [ERROR] Unexpected error; retrying in 60 seconds.
Traceback (most recent call last):
  File "/Users/nera_thomas/Desktop/Telemarketing/UM_US.py", line 3813, in <module>
    Fetch.allmemberReport("29018465.asia", "uea8", "MYR", "+08:00", "UM_AMR", "1kp3WplRQJt79CTsq8fKcRc9N5f58I3xo1sxVHt_7SD0", "UM AMR")
    ~~~~~~~~~~~~~~~~~~~~~^^^^^^^^^^^^^^^^^^^^^^^^^^^^^^^^^^^^^^^^^^^^^^^^^^^^^^^^^^^^^^^^^^^^^^^^^^^^^^^^^^^^^^^^^^^^^^^^^^^^^^^^^^^^^^
  File "/Users/nera_thomas/Desktop/Telemarketing/UM_US.py", line 2606, in allmemberReport
    cls.upload_to_google_sheet_AMR(
    ~~~~~~~~~~~~~~~~~~~~~~~~~~~~~~^
        collection=collection,
        ^^^^^^^^^^^^^^^^^^^^^^
        gs_id=g_sheet_ID,
        ^^^^^^^^^^^^^^^^^
        gs_tab=g_sheet_tab
        ^^^^^^^^^^^^^^^^^^
    )
    ^
  File "/Users/nera_thomas/Desktop/Telemarketing/UM_US.py", line 741, in upload_to_google_sheet_AMR
    ).execute()
      ~~~~~~~^^
  File "/Library/Frameworks/Python.framework/Versions/3.13/lib/python3.13/site-packages/googleapiclient/_helpers.py", line 130, in positional_wrapper
    return wrapped(*args, **kwargs)
  File "/Library/Frameworks/Python.framework/Versions/3.13/lib/python3.13/site-packages/googleapiclient/http.py", line 938, in execute
    raise HttpError(resp, content, uri=self.uri)
googleapiclient.errors.HttpError: <HttpError 404 when requesting https://sheets.googleapis.com/v4/spreadsheets/UM%20AMR/values/%271kp3WplRQJt79CTsq8fKcRc9N5f58I3xo1sxVHt_7SD0%27%21A3%3AAM:clear?alt=json returned "Requested entity was not found.". Details: "Requested entity was not found.">
2025-11-25 18:36:20,742 [ERROR] Unexpected error; retrying in 60 seconds.
Traceback (most recent call last):
  File "/Users/nera_thomas/Desktop/Telemarketing/UM_US.py", line 3990, in <module>
    Fetch.ssbo_allmemberReport("Malaysia", "UM_AMR", "SSBO UM AMR", "1kp3WplRQJt79CTsq8fKcRc9N5f58I3xo1sxVHt_7SD0")
    ~~~~~~~~~~~~~~~~~~~~~~~~~~^^^^^^^^^^^^^^^^^^^^^^^^^^^^^^^^^^^^^^^^^^^^^^^^^^^^^^^^^^^^^^^^^^^^^^^^^^^^^^^^^^^^^
  File "/Users/nera_thomas/Desktop/Telemarketing/UM_US.py", line 2756, in ssbo_allmemberReport
    page.locator("ng-select .ng-select-container").nth(1).click()
    ~~~~~~~~~~~~~~~~~~~~~~~~~~~~~~~~~~~~~~~~~~~~~~~~~~~~~~~~~~~^^
  File "/Library/Frameworks/Python.framework/Versions/3.13/lib/python3.13/site-packages/playwright/sync_api/_generated.py", line 15543, in click
    self._sync(
    ~~~~~~~~~~^
        self._impl_obj.click(
        ^^^^^^^^^^^^^^^^^^^^^
    ...<9 lines>...
        )
        ^
    )
    ^
  File "/Library/Frameworks/Python.framework/Versions/3.13/lib/python3.13/site-packages/playwright/_impl/_sync_base.py", line 115, in _sync
    return task.result()
           ~~~~~~~~~~~^^
  File "/Library/Frameworks/Python.framework/Versions/3.13/lib/python3.13/site-packages/playwright/_impl/_locator.py", line 160, in click
    return await self._frame.click(self._selector, strict=True, **params)
           ^^^^^^^^^^^^^^^^^^^^^^^^^^^^^^^^^^^^^^^^^^^^^^^^^^^^^^^^^^^^^^
  File "/Library/Frameworks/Python.framework/Versions/3.13/lib/python3.13/site-packages/playwright/_impl/_frame.py", line 549, in click
    await self._channel.send("click", self._timeout, locals_to_params(locals()))
  File "/Library/Frameworks/Python.framework/Versions/3.13/lib/python3.13/site-packages/playwright/_impl/_connection.py", line 69, in send
    return await self._connection.wrap_api_call(
           ^^^^^^^^^^^^^^^^^^^^^^^^^^^^^^^^^^^^^
    ...<3 lines>...
    )
    ^
  File "/Library/Frameworks/Python.framework/Versions/3.13/lib/python3.13/site-packages/playwright/_impl/_connection.py", line 558, in wrap_api_call
    raise rewrite_error(error, f"{parsed_st['apiName']}: {error}") from None
playwright._impl._errors.TimeoutError: Locator.click: Timeout 30000ms exceeded.
Call log:
  - waiting for locator("ng-select .ng-select-container").nth(1)
    - locator resolved to <div class="ng-select-container"></div>
  - attempting click action
    2  waiting for element to be visible, enabled and stable
      - element is visible, enabled and stable
      - scrolling into view if needed
      - done scrolling
      - <div _ngcontent-gvf-c257="" class="row middle center"></div> from <ngb-modal-window role="dialog" tabindex="-1" aria-modal="true" class="d-block fade modal show"></ngb-modal-window> subtree intercepts pointer events
    - retrying click action
    - waiting 20ms
    2  waiting for element to be visible, enabled and stable
      - element is visible, enabled and stable
      - scrolling into view if needed
      - done scrolling
      - <div _ngcontent-gvf-c257="" class="row middle center"></div> from <ngb-modal-window role="dialog" tabindex="-1" aria-modal="true" class="d-block fade modal show"></ngb-modal-window> subtree intercepts pointer events
    - retrying click action
      - waiting 100ms
    58  waiting for element to be visible, enabled and stable
       - element is visible, enabled and stable
       - scrolling into view if needed
       - done scrolling
       - <div _ngcontent-gvf-c257="" class="row middle center"></div> from <ngb-modal-window role="dialog" tabindex="-1" aria-modal="true" class="d-block fade modal show"></ngb-modal-window> subtree intercepts pointer events
     - retrying click action
       - waiting 500ms

2025-11-25 18:37:24,895 [ERROR] Unexpected error; retrying in 60 seconds.
Traceback (most recent call last):
  File "/Users/nera_thomas/Desktop/Telemarketing/UM_US.py", line 3990, in <module>
    Fetch.ssbo_allmemberReport("Malaysia", "UM_AMR", "SSBO UM AMR", "1kp3WplRQJt79CTsq8fKcRc9N5f58I3xo1sxVHt_7SD0")
    ~~~~~~~~~~~~~~~~~~~~~~~~~~^^^^^^^^^^^^^^^^^^^^^^^^^^^^^^^^^^^^^^^^^^^^^^^^^^^^^^^^^^^^^^^^^^^^^^^^^^^^^^^^^^^^^
  File "/Users/nera_thomas/Desktop/Telemarketing/UM_US.py", line 2780, in ssbo_allmemberReport
    cls.unzip(file_name)
    ~~~~~~~~~^^^^^^^^^^^
  File "/Users/nera_thomas/Desktop/Telemarketing/UM_US.py", line 774, in unzip
    with zipfile.ZipFile(zip_path, "r") as zip_ref:
         ^^^^^^^
NameError: name 'zipfile' is not defined. Did you forget to import 'zipfile'?
2025-11-25 18:42:55,275 [ERROR] Unexpected error; retrying in 60 seconds.
Traceback (most recent call last):
  File "/Users/nera_thomas/Desktop/Telemarketing/UM_US.py", line 3990, in <module>
    Fetch.ssbo_allmemberReport("Malaysia", "UM_AMR", "SSBO UM AMR", "1kp3WplRQJt79CTsq8fKcRc9N5f58I3xo1sxVHt_7SD0")
    ~~~~~~~~~~~~~~~~~~~~~~~~~~^^^^^^^^^^^^^^^^^^^^^^^^^^^^^^^^^^^^^^^^^^^^^^^^^^^^^^^^^^^^^^^^^^^^^^^^^^^^^^^^^^^^^
  File "/Users/nera_thomas/Desktop/Telemarketing/UM_US.py", line 2780, in ssbo_allmemberReport
    cls.unzip(file_name)
    ~~~~~~~~~^^^^^^^^^^^
  File "/Users/nera_thomas/Desktop/Telemarketing/UM_US.py", line 790, in unzip
    shutil.move(csv_files[0], new_csv_path)
    ^^^^^^
NameError: name 'shutil' is not defined. Did you forget to import 'shutil'?
2025-11-25 19:13:39,747 [ERROR] Unexpected error; retrying in 60 seconds.
Traceback (most recent call last):
  File "/Users/nera_thomas/Desktop/Telemarketing/UM_US.py", line 3994, in <module>
    Fetch.ssbo_allmemberReport("Malaysia", "UM_AMR", "SSBO UM AMR", "1kp3WplRQJt79CTsq8fKcRc9N5f58I3xo1sxVHt_7SD0")
    ~~~~~~~~~~~~~~~~~~~~~~~~~~^^^^^^^^^^^^^^^^^^^^^^^^^^^^^^^^^^^^^^^^^^^^^^^^^^^^^^^^^^^^^^^^^^^^^^^^^^^^^^^^^^^^^
  File "/Users/nera_thomas/Desktop/Telemarketing/UM_US.py", line 2764, in ssbo_allmemberReport
    page.wait_for_timeout(1000)
    ~~~~~~~~~~~~~~~~~~~~~^^^^^^
  File "/Library/Frameworks/Python.framework/Versions/3.13/lib/python3.13/site-packages/playwright/sync_api/_generated.py", line 11496, in wait_for_timeout
    self._sync(self._impl_obj.wait_for_timeout(timeout=timeout))
    ~~~~~~~~~~^^^^^^^^^^^^^^^^^^^^^^^^^^^^^^^^^^^^^^^^^^^^^^^^^^
  File "/Library/Frameworks/Python.framework/Versions/3.13/lib/python3.13/site-packages/playwright/_impl/_sync_base.py", line 115, in _sync
    return task.result()
           ~~~~~~~~~~~^^
  File "/Library/Frameworks/Python.framework/Versions/3.13/lib/python3.13/site-packages/playwright/_impl/_page.py", line 1104, in wait_for_timeout
    await self._main_frame.wait_for_timeout(timeout)
  File "/Library/Frameworks/Python.framework/Versions/3.13/lib/python3.13/site-packages/playwright/_impl/_frame.py", line 844, in wait_for_timeout
    await self._channel.send("waitForTimeout", None, {"waitTimeout": timeout})
  File "/Library/Frameworks/Python.framework/Versions/3.13/lib/python3.13/site-packages/playwright/_impl/_connection.py", line 69, in send
    return await self._connection.wrap_api_call(
           ^^^^^^^^^^^^^^^^^^^^^^^^^^^^^^^^^^^^^
    ...<3 lines>...
    )
    ^
  File "/Library/Frameworks/Python.framework/Versions/3.13/lib/python3.13/site-packages/playwright/_impl/_connection.py", line 558, in wrap_api_call
    raise rewrite_error(error, f"{parsed_st['apiName']}: {error}") from None
playwright._impl._errors.TargetClosedError: Page.wait_for_timeout: Target page, context or browser has been closed
